#
# There is insufficient memory for the Java Runtime Environment to continue.
# Native memory allocation (malloc) failed to allocate 2312976 bytes for Chunk::new
# Possible reasons:
#   The system is out of physical RAM or swap space
#   The process is running with CompressedOops enabled, and the Java Heap may be blocking the growth of the native heap
# Possible solutions:
#   Reduce memory load on the system
#   Increase physical memory or swap space
#   Check if swap backing store is full
#   Decrease Java heap size (-Xmx/-Xms)
#   Decrease number of Java threads
#   Decrease Java thread stack sizes (-Xss)
#   Set larger code cache with -XX:ReservedCodeCacheSize=
#   JVM is running with Unscaled Compressed Oops mode in which the Java heap is
#     placed in the first 4GB address space. The Java Heap base address is the
#     maximum limit for the native heap growth. Please use -XX:HeapBaseMinAddress
#     to set the Java Heap base and to place the Java Heap above 4GB virtual address.
# This output file may be truncated or incomplete.
#
#  Out of Memory Error (./src/hotspot/share/memory/arena.cpp:197), pid=1520, tid=8252
#
# JRE version: OpenJDK Runtime Environment JBR-11.0.8.10-944.31-jcef (11.0.8+10) (build 11.0.8+10-b944.31)
# Java VM: OpenJDK 64-Bit Server VM JBR-11.0.8.10-944.31-jcef (11.0.8+10-b944.31, mixed mode, tiered, compressed oops, g1 gc, windows-amd64)
# No core dump will be written. Minidumps are not enabled by default on client versions of Windows
#

---------------  S U M M A R Y ------------

Command Line: -XX:MaxMetaspaceSize=256m -XX:+HeapDumpOnOutOfMemoryError --add-opens=java.base/java.util=ALL-UNNAMED --add-opens=java.base/java.lang=ALL-UNNAMED --add-opens=java.base/java.lang.invoke=ALL-UNNAMED --add-opens=java.prefs/java.util.prefs=ALL-UNNAMED -Xms256m -Xmx512m -Dfile.encoding=windows-1252 -Duser.country=GB -Duser.language=en -Duser.variant org.gradle.launcher.daemon.bootstrap.GradleDaemon 6.6.1

Host: Intel(R) Core(TM) i7-4510U CPU @ 2.00GHz, 4 cores, 11G,  Windows 10 , 64 bit Build 18362 (10.0.18362.1082)
Time: Thu Oct  8 13:06:28 2020 Romance Summer Time elapsed time: 112 seconds (0d 0h 1m 52s)

---------------  T H R E A D  ---------------

Current thread (0x00000297c3ac9000):  JavaThread "C2 CompilerThread0" daemon [_thread_in_native, id=8252, stack(0x000000e134900000,0x000000e134a00000)]


Current CompileTask:
C2: 112416 11031       4       java.beans.Introspector::addMethod (196 bytes)

Stack: [0x000000e134900000,0x000000e134a00000]
Native frames: (J=compiled Java code, j=interpreted, Vv=VM code, C=native code)
V  [jvm.dll+0x5de35a]
V  [jvm.dll+0x712355]
V  [jvm.dll+0x7138ad]
V  [jvm.dll+0x713f63]
V  [jvm.dll+0x23e628]
V  [jvm.dll+0xb8bcc]
V  [jvm.dll+0xb90cc]
V  [jvm.dll+0x34fe4b]
V  [jvm.dll+0x31db73]
V  [jvm.dll+0x31d06a]
V  [jvm.dll+0x1f75e2]
V  [jvm.dll+0x1f67b4]
V  [jvm.dll+0x17f40c]
V  [jvm.dll+0x204ee7]
V  [jvm.dll+0x203731]
V  [jvm.dll+0x6dab8f]
V  [jvm.dll+0x6d36e5]
V  [jvm.dll+0x5dd306]
C  [ucrtbase.dll+0x20e82]
C  [KERNEL32.DLL+0x17bd4]
C  [ntdll.dll+0x6ce51]


---------------  P R O C E S S  ---------------

Threads class SMR info:
_java_thread_list=0x00000297c615f220, length=44, elements={
0x00000297ad20a800, 0x00000297c3a72800, 0x00000297c3a80000, 0x00000297c3ac5800,
0x00000297c3ac7000, 0x00000297c3ac9000, 0x00000297c3b15800, 0x00000297c3b2b000,
0x00000297c3c11000, 0x00000297c3c50800, 0x00000297c5459800, 0x00000297c3e01800,
0x00000297c6047800, 0x00000297c5a56000, 0x00000297c5a57800, 0x00000297c5a59800,
0x00000297c6306800, 0x00000297c6301800, 0x00000297c7d6b800, 0x00000297c7d66000,
0x00000297c7d6c800, 0x00000297c7d67000, 0x00000297c7d6d800, 0x00000297c7d67800,
0x00000297c7d6f000, 0x00000297c7d6e000, 0x00000297c7d70000, 0x00000297c7d6a000,
0x00000297c7d72000, 0x00000297c7d70800, 0x00000297c7d71800, 0x00000297c7d64800,
0x00000297c62fc800, 0x00000297c62fa000, 0x00000297c62f9800, 0x00000297c62fb000,
0x00000297c62fc000, 0x00000297c62fd800, 0x00000297c62f7800, 0x00000297c62fe000,
0x00000297c62f8800, 0x00000297c6304800, 0x00000297e28a5800, 0x00000297c6300000
}

Java Threads: ( => current thread )
  0x00000297ad20a800 JavaThread "main" [_thread_blocked, id=2076, stack(0x000000e133e00000,0x000000e133f00000)]
  0x00000297c3a72800 JavaThread "Reference Handler" daemon [_thread_blocked, id=1120, stack(0x000000e134500000,0x000000e134600000)]
  0x00000297c3a80000 JavaThread "Finalizer" daemon [_thread_blocked, id=8720, stack(0x000000e134600000,0x000000e134700000)]
  0x00000297c3ac5800 JavaThread "Signal Dispatcher" daemon [_thread_blocked, id=13620, stack(0x000000e134700000,0x000000e134800000)]
  0x00000297c3ac7000 JavaThread "Attach Listener" daemon [_thread_blocked, id=9460, stack(0x000000e134800000,0x000000e134900000)]
=>0x00000297c3ac9000 JavaThread "C2 CompilerThread0" daemon [_thread_in_native, id=8252, stack(0x000000e134900000,0x000000e134a00000)]
  0x00000297c3b15800 JavaThread "C1 CompilerThread0" daemon [_thread_blocked, id=10168, stack(0x000000e134a00000,0x000000e134b00000)]
  0x00000297c3b2b000 JavaThread "Sweeper thread" daemon [_thread_blocked, id=11408, stack(0x000000e134b00000,0x000000e134c00000)]
  0x00000297c3c11000 JavaThread "Common-Cleaner" daemon [_thread_blocked, id=7812, stack(0x000000e134c00000,0x000000e134d00000)]
  0x00000297c3c50800 JavaThread "Service Thread" daemon [_thread_blocked, id=10668, stack(0x000000e134d00000,0x000000e134e00000)]
  0x00000297c5459800 JavaThread "Daemon health stats" [_thread_blocked, id=10876, stack(0x000000e135300000,0x000000e135400000)]
  0x00000297c3e01800 JavaThread "Incoming local TCP Connector on port 50393" [_thread_in_native, id=11548, stack(0x000000e135500000,0x000000e135600000)]
  0x00000297c6047800 JavaThread "Daemon periodic checks" [_thread_blocked, id=7984, stack(0x000000e135600000,0x000000e135700000)]
  0x00000297c5a56000 JavaThread "Cache worker for file hash cache (C:\Users\simon\.gradle\caches\6.6.1\fileHashes)" [_thread_blocked, id=11836, stack(0x000000e135e00000,0x000000e135f00000)]
  0x00000297c5a57800 JavaThread "File lock request listener" [_thread_in_native, id=10052, stack(0x000000e135f00000,0x000000e136000000)]
  0x00000297c5a59800 JavaThread "Cache worker for journal cache (C:\Users\simon\.gradle\caches\journal-1)" [_thread_blocked, id=11056, stack(0x000000e136000000,0x000000e136100000)]
  0x00000297c6306800 JavaThread "Cache worker for execution history cache (C:\Users\simon\.gradle\caches\6.6.1\executionHistory)" [_thread_blocked, id=3496, stack(0x000000e137800000,0x000000e137900000)]
  0x00000297c6301800 JavaThread "Cache worker for file content cache (C:\Users\simon\.gradle\caches\6.6.1\fileContent)" [_thread_blocked, id=13756, stack(0x000000e137900000,0x000000e137a00000)]
  0x00000297c7d6b800 JavaThread "File lock release action executor" [_thread_blocked, id=9108, stack(0x000000e133b00000,0x000000e133c00000)]
  0x00000297c7d66000 JavaThread "Daemon Thread 2" [_thread_blocked, id=14116, stack(0x000000e133c00000,0x000000e133d00000)]
  0x00000297c7d6c800 JavaThread "Handler for socket connection from /127.0.0.1:50393 to /127.0.0.1:50472" [_thread_in_native, id=7700, stack(0x000000e133d00000,0x000000e133e00000)]
  0x00000297c7d67000 JavaThread "Cancel handler" [_thread_blocked, id=10488, stack(0x000000e135700000,0x000000e135800000)]
  0x00000297c7d6d800 JavaThread "Daemon worker Thread 2" [_thread_in_native, id=3628, stack(0x000000e135800000,0x000000e135900000)]
  0x00000297c7d67800 JavaThread "Asynchronous log dispatcher for DefaultDaemonConnection: socket connection from /127.0.0.1:50393 to /127.0.0.1:50472" [_thread_blocked, id=744, stack(0x000000e135900000,0x000000e135a00000)]
  0x00000297c7d6f000 JavaThread "Stdin handler" [_thread_blocked, id=2820, stack(0x000000e135a00000,0x000000e135b00000)]
  0x00000297c7d6e000 JavaThread "Thread-47" [_thread_blocked, id=3344, stack(0x000000e135b00000,0x000000e135c00000)]
  0x00000297c7d70000 JavaThread "Cache worker for file hash cache (C:\Users\simon\IdeaProjects\Phone Book\.gradle\6.6.1\fileHashes)" [_thread_blocked, id=10804, stack(0x000000e135c00000,0x000000e135d00000)]
  0x00000297c7d6a000 JavaThread "Cache worker for checksums cache (C:\Users\simon\IdeaProjects\Phone Book\.gradle\checksums)" [_thread_blocked, id=8280, stack(0x000000e136100000,0x000000e136200000)]
  0x00000297c7d72000 JavaThread "Cache worker for cache directory md-supplier (C:\Users\simon\.gradle\caches\6.6.1\md-supplier)" [_thread_blocked, id=7032, stack(0x000000e136200000,0x000000e136300000)]
  0x00000297c7d70800 JavaThread "Cache worker for cache directory md-rule (C:\Users\simon\.gradle\caches\6.6.1\md-rule)" [_thread_blocked, id=9212, stack(0x000000e136300000,0x000000e136400000)]
  0x00000297c7d71800 JavaThread "jar transforms Thread 19" [_thread_blocked, id=10932, stack(0x000000e136400000,0x000000e136500000)]
  0x00000297c7d64800 JavaThread "jar transforms Thread 20" [_thread_blocked, id=6492, stack(0x000000e136500000,0x000000e136600000)]
  0x00000297c62fc800 JavaThread "jar transforms Thread 21" [_thread_blocked, id=14028, stack(0x000000e136600000,0x000000e136700000)]
  0x00000297c62fa000 JavaThread "jar transforms Thread 22" [_thread_blocked, id=10100, stack(0x000000e136700000,0x000000e136800000)]
  0x00000297c62f9800 JavaThread "jar transforms Thread 23" [_thread_blocked, id=3096, stack(0x000000e136800000,0x000000e136900000)]
  0x00000297c62fb000 JavaThread "jar transforms Thread 24" [_thread_blocked, id=3404, stack(0x000000e136900000,0x000000e136a00000)]
  0x00000297c62fc000 JavaThread "jar transforms Thread 25" [_thread_blocked, id=32, stack(0x000000e136a00000,0x000000e136b00000)]
  0x00000297c62fd800 JavaThread "jar transforms Thread 26" [_thread_blocked, id=5980, stack(0x000000e136b00000,0x000000e136c00000)]
  0x00000297c62f7800 JavaThread "jar transforms Thread 27" [_thread_blocked, id=1576, stack(0x000000e136c00000,0x000000e136d00000)]
  0x00000297c62fe000 JavaThread "jar transforms Thread 28" [_thread_blocked, id=7332, stack(0x000000e136d00000,0x000000e136e00000)]
  0x00000297c62f8800 JavaThread "jar transforms Thread 29" [_thread_blocked, id=13964, stack(0x000000e136e00000,0x000000e136f00000)]
  0x00000297c6304800 JavaThread "jar transforms Thread 30" [_thread_blocked, id=4264, stack(0x000000e136f00000,0x000000e137000000)]
  0x00000297e28a5800 JavaThread "C2 CompilerThread1" daemon [_thread_in_native, id=10060, stack(0x000000e135d00000,0x000000e135e00000)]
  0x00000297c6300000 JavaThread "Cache worker for Build Output Cleanup Cache (C:\Users\simon\IdeaProjects\Phone Book\.gradle\buildOutputCleanup)" [_thread_new, id=2752, stack(0x0000000000000000,0x0000000000000000)]

Other Threads:
  0x00000297c3221800 VMThread "VM Thread" [stack: 0x000000e134400000,0x000000e134500000] [id=12688]
  0x00000297c3c51800 WatcherThread [stack: 0x000000e134e00000,0x000000e134f00000] [id=4260]
  0x00000297ad225000 GCTaskThread "GC Thread#0" [stack: 0x000000e133f00000,0x000000e134000000] [id=4112]
  0x00000297c40e3000 GCTaskThread "GC Thread#1" [stack: 0x000000e135000000,0x000000e135100000] [id=14092]
  0x00000297c3fff800 GCTaskThread "GC Thread#2" [stack: 0x000000e135100000,0x000000e135200000] [id=5936]
  0x00000297c4000000 GCTaskThread "GC Thread#3" [stack: 0x000000e135200000,0x000000e135300000] [id=11356]
  0x00000297ad23a000 ConcurrentGCThread "G1 Main Marker" [stack: 0x000000e134000000,0x000000e134100000] [id=1812]
  0x00000297ad23b800 ConcurrentGCThread "G1 Conc#0" [stack: 0x000000e134100000,0x000000e134200000] [id=9836]
  0x00000297c30be800 ConcurrentGCThread "G1 Refine#0" [stack: 0x000000e134200000,0x000000e134300000] [id=7864]
  0x00000297c30bf800 ConcurrentGCThread "G1 Young RemSet Sampling" [stack: 0x000000e134300000,0x000000e134400000] [id=10660]

Threads with active compile tasks:
C2 CompilerThread0 112441 11031       4       java.beans.Introspector::addMethod (196 bytes)
C2 CompilerThread1 112441 11146       4       jdk.internal.loader.URLClassPath::findResource (38 bytes)

VM state:not at safepoint (normal execution)

VM Mutex/Monitor currently owned by a thread: None

Heap address: 0x00000000e0000000, size: 512 MB, Compressed Oops mode: 32-bit
Narrow klass base: 0x0000000000000000, Narrow klass shift: 3
Compressed class space size: 260046848 Address: 0x0000000100000000

Heap:
 garbage-first heap   total 262144K, used 181709K [0x00000000e0000000, 0x0000000100000000)
  region size 1024K, 99 young (101376K), 10 survivors (10240K)
 Metaspace       used 73639K, capacity 76074K, committed 76320K, reserved 321536K
  class space    used 9170K, capacity 9960K, committed 10016K, reserved 253952K
Heap Regions: E=young(eden), S=young(survivor), O=old, HS=humongous(starts), HC=humongous(continues), CS=collection set, F=free, A=archive, TAMS=top-at-mark-start (previous, next)
|   0|0x00000000e0000000, 0x00000000e0100000, 0x00000000e0100000|100%| O|  |TAMS 0x00000000e0100000, 0x00000000e0000000| Untracked 
|   1|0x00000000e0100000, 0x00000000e0200000, 0x00000000e0200000|100%| O|  |TAMS 0x00000000e0200000, 0x00000000e0100000| Untracked 
|   2|0x00000000e0200000, 0x00000000e0300000, 0x00000000e0300000|100%| O|  |TAMS 0x00000000e0300000, 0x00000000e0200000| Untracked 
|   3|0x00000000e0300000, 0x00000000e0400000, 0x00000000e0400000|100%|HS|  |TAMS 0x00000000e0400000, 0x00000000e0300000| Complete 
|   4|0x00000000e0400000, 0x00000000e0500000, 0x00000000e0500000|100%|HC|  |TAMS 0x00000000e0500000, 0x00000000e0400000| Complete 
|   5|0x00000000e0500000, 0x00000000e0600000, 0x00000000e0600000|100%|HC|  |TAMS 0x00000000e0600000, 0x00000000e0500000| Complete 
|   6|0x00000000e0600000, 0x00000000e0700000, 0x00000000e0700000|100%| O|  |TAMS 0x00000000e0700000, 0x00000000e0600000| Untracked 
|   7|0x00000000e0700000, 0x00000000e0800000, 0x00000000e0800000|100%| O|  |TAMS 0x00000000e0800000, 0x00000000e0700000| Untracked 
|   8|0x00000000e0800000, 0x00000000e0900000, 0x00000000e0900000|100%| O|  |TAMS 0x00000000e0900000, 0x00000000e0800000| Untracked 
|   9|0x00000000e0900000, 0x00000000e0a00000, 0x00000000e0a00000|100%| O|  |TAMS 0x00000000e0a00000, 0x00000000e0900000| Untracked 
|  10|0x00000000e0a00000, 0x00000000e0b00000, 0x00000000e0b00000|100%| O|  |TAMS 0x00000000e0b00000, 0x00000000e0a00000| Untracked 
|  11|0x00000000e0b00000, 0x00000000e0c00000, 0x00000000e0c00000|100%| O|  |TAMS 0x00000000e0c00000, 0x00000000e0b00000| Untracked 
|  12|0x00000000e0c00000, 0x00000000e0d00000, 0x00000000e0d00000|100%| O|  |TAMS 0x00000000e0d00000, 0x00000000e0c00000| Untracked 
|  13|0x00000000e0d00000, 0x00000000e0e00000, 0x00000000e0e00000|100%|HS|  |TAMS 0x00000000e0e00000, 0x00000000e0d00000| Complete 
|  14|0x00000000e0e00000, 0x00000000e0f00000, 0x00000000e0f00000|100%|HC|  |TAMS 0x00000000e0f00000, 0x00000000e0e00000| Complete 
|  15|0x00000000e0f00000, 0x00000000e1000000, 0x00000000e1000000|100%|HS|  |TAMS 0x00000000e1000000, 0x00000000e0f00000| Complete 
|  16|0x00000000e1000000, 0x00000000e1100000, 0x00000000e1100000|100%|HC|  |TAMS 0x00000000e1100000, 0x00000000e1000000| Complete 
|  17|0x00000000e1100000, 0x00000000e1200000, 0x00000000e1200000|100%|HC|  |TAMS 0x00000000e1200000, 0x00000000e1100000| Complete 
|  18|0x00000000e1200000, 0x00000000e1300000, 0x00000000e1300000|100%|HS|  |TAMS 0x00000000e1300000, 0x00000000e1200000| Complete 
|  19|0x00000000e1300000, 0x00000000e1400000, 0x00000000e1400000|100%|HC|  |TAMS 0x00000000e1400000, 0x00000000e1300000| Complete 
|  20|0x00000000e1400000, 0x00000000e1500000, 0x00000000e1500000|100%|HC|  |TAMS 0x00000000e1500000, 0x00000000e1400000| Complete 
|  21|0x00000000e1500000, 0x00000000e1600000, 0x00000000e1600000|100%|HC|  |TAMS 0x00000000e1600000, 0x00000000e1500000| Complete 
|  22|0x00000000e1600000, 0x00000000e1700000, 0x00000000e1700000|100%| O|  |TAMS 0x00000000e1700000, 0x00000000e1600000| Untracked 
|  23|0x00000000e1700000, 0x00000000e1800000, 0x00000000e1800000|100%| O|  |TAMS 0x00000000e1800000, 0x00000000e1700000| Untracked 
|  24|0x00000000e1800000, 0x00000000e1900000, 0x00000000e1900000|100%| O|  |TAMS 0x00000000e1900000, 0x00000000e1800000| Untracked 
|  25|0x00000000e1900000, 0x00000000e1a00000, 0x00000000e1a00000|100%| O|  |TAMS 0x00000000e1a00000, 0x00000000e1900000| Untracked 
|  26|0x00000000e1a00000, 0x00000000e1b00000, 0x00000000e1b00000|100%| O|  |TAMS 0x00000000e1b00000, 0x00000000e1a00000| Untracked 
|  27|0x00000000e1b00000, 0x00000000e1c00000, 0x00000000e1c00000|100%| O|  |TAMS 0x00000000e1c00000, 0x00000000e1b00000| Untracked 
|  28|0x00000000e1c00000, 0x00000000e1d00000, 0x00000000e1d00000|100%| O|  |TAMS 0x00000000e1d00000, 0x00000000e1c00000| Untracked 
|  29|0x00000000e1d00000, 0x00000000e1e00000, 0x00000000e1e00000|100%| O|  |TAMS 0x00000000e1e00000, 0x00000000e1d00000| Untracked 
|  30|0x00000000e1e00000, 0x00000000e1f00000, 0x00000000e1f00000|100%| O|  |TAMS 0x00000000e1f00000, 0x00000000e1e00000| Untracked 
|  31|0x00000000e1f00000, 0x00000000e2000000, 0x00000000e2000000|100%| O|  |TAMS 0x00000000e2000000, 0x00000000e1f00000| Untracked 
|  32|0x00000000e2000000, 0x00000000e2100000, 0x00000000e2100000|100%| O|  |TAMS 0x00000000e2100000, 0x00000000e2000000| Untracked 
|  33|0x00000000e2100000, 0x00000000e2200000, 0x00000000e2200000|100%| O|  |TAMS 0x00000000e2200000, 0x00000000e2100000| Untracked 
|  34|0x00000000e2200000, 0x00000000e2300000, 0x00000000e2300000|100%| O|  |TAMS 0x00000000e2300000, 0x00000000e2200000| Untracked 
|  35|0x00000000e2300000, 0x00000000e2400000, 0x00000000e2400000|100%| O|  |TAMS 0x00000000e2400000, 0x00000000e2300000| Untracked 
|  36|0x00000000e2400000, 0x00000000e2500000, 0x00000000e2500000|100%| O|  |TAMS 0x00000000e2500000, 0x00000000e2400000| Untracked 
|  37|0x00000000e2500000, 0x00000000e2600000, 0x00000000e2600000|100%| O|  |TAMS 0x00000000e2600000, 0x00000000e2500000| Untracked 
|  38|0x00000000e2600000, 0x00000000e2700000, 0x00000000e2700000|100%| O|  |TAMS 0x00000000e2700000, 0x00000000e2600000| Untracked 
|  39|0x00000000e2700000, 0x00000000e2800000, 0x00000000e2800000|100%| O|  |TAMS 0x00000000e2800000, 0x00000000e2700000| Untracked 
|  40|0x00000000e2800000, 0x00000000e2900000, 0x00000000e2900000|100%|HS|  |TAMS 0x00000000e2900000, 0x00000000e2800000| Complete 
|  41|0x00000000e2900000, 0x00000000e2a00000, 0x00000000e2a00000|100%|HC|  |TAMS 0x00000000e2a00000, 0x00000000e2900000| Complete 
|  42|0x00000000e2a00000, 0x00000000e2b00000, 0x00000000e2b00000|100%|HC|  |TAMS 0x00000000e2b00000, 0x00000000e2a00000| Complete 
|  43|0x00000000e2b00000, 0x00000000e2c00000, 0x00000000e2c00000|100%|HC|  |TAMS 0x00000000e2c00000, 0x00000000e2b00000| Complete 
|  44|0x00000000e2c00000, 0x00000000e2d00000, 0x00000000e2d00000|100%| O|  |TAMS 0x00000000e2c00000, 0x00000000e2c00000| Untracked 
|  45|0x00000000e2d00000, 0x00000000e2e00000, 0x00000000e2e00000|100%| O|  |TAMS 0x00000000e2e00000, 0x00000000e2d00000| Untracked 
|  46|0x00000000e2e00000, 0x00000000e2f00000, 0x00000000e2f00000|100%| O|  |TAMS 0x00000000e2f00000, 0x00000000e2e00000| Untracked 
|  47|0x00000000e2f00000, 0x00000000e3000000, 0x00000000e3000000|100%| O|  |TAMS 0x00000000e3000000, 0x00000000e2f00000| Untracked 
|  48|0x00000000e3000000, 0x00000000e3100000, 0x00000000e3100000|100%| O|  |TAMS 0x00000000e3100000, 0x00000000e3000000| Untracked 
|  49|0x00000000e3100000, 0x00000000e3200000, 0x00000000e3200000|100%| O|  |TAMS 0x00000000e3200000, 0x00000000e3100000| Untracked 
|  50|0x00000000e3200000, 0x00000000e3300000, 0x00000000e3300000|100%| O|  |TAMS 0x00000000e3300000, 0x00000000e3200000| Untracked 
|  51|0x00000000e3300000, 0x00000000e3400000, 0x00000000e3400000|100%| O|  |TAMS 0x00000000e3400000, 0x00000000e3300000| Untracked 
|  52|0x00000000e3400000, 0x00000000e3500000, 0x00000000e3500000|100%| O|  |TAMS 0x00000000e3500000, 0x00000000e3400000| Untracked 
|  53|0x00000000e3500000, 0x00000000e3600000, 0x00000000e3600000|100%| O|  |TAMS 0x00000000e3600000, 0x00000000e3500000| Untracked 
|  54|0x00000000e3600000, 0x00000000e3700000, 0x00000000e3700000|100%| O|  |TAMS 0x00000000e3700000, 0x00000000e3600000| Untracked 
|  55|0x00000000e3700000, 0x00000000e3800000, 0x00000000e3800000|100%| O|  |TAMS 0x00000000e3800000, 0x00000000e3700000| Untracked 
|  56|0x00000000e3800000, 0x00000000e3900000, 0x00000000e3900000|100%| O|  |TAMS 0x00000000e3800000, 0x00000000e3800000| Untracked 
|  57|0x00000000e3900000, 0x00000000e3a00000, 0x00000000e3a00000|100%| O|  |TAMS 0x00000000e3a00000, 0x00000000e3900000| Untracked 
|  58|0x00000000e3a00000, 0x00000000e3b00000, 0x00000000e3b00000|100%| O|  |TAMS 0x00000000e3a00000, 0x00000000e3a00000| Untracked 
|  59|0x00000000e3b00000, 0x00000000e3c00000, 0x00000000e3c00000|100%| O|  |TAMS 0x00000000e3c00000, 0x00000000e3b00000| Untracked 
|  60|0x00000000e3c00000, 0x00000000e3d00000, 0x00000000e3d00000|100%| O|  |TAMS 0x00000000e3d00000, 0x00000000e3c00000| Untracked 
|  61|0x00000000e3d00000, 0x00000000e3e00000, 0x00000000e3e00000|100%| O|  |TAMS 0x00000000e3e00000, 0x00000000e3d00000| Untracked 
|  62|0x00000000e3e00000, 0x00000000e3e73400, 0x00000000e3f00000| 45%| O|  |TAMS 0x00000000e3e00000, 0x00000000e3e00000| Untracked 
|  63|0x00000000e3f00000, 0x00000000e4000000, 0x00000000e4000000|100%|HS|  |TAMS 0x00000000e3f00000, 0x00000000e3f00000| Complete 
|  64|0x00000000e4000000, 0x00000000e4100000, 0x00000000e4100000|100%| O|  |TAMS 0x00000000e4100000, 0x00000000e4000000| Untracked 
|  65|0x00000000e4100000, 0x00000000e4200000, 0x00000000e4200000|100%| O|  |TAMS 0x00000000e4200000, 0x00000000e4100000| Untracked 
|  66|0x00000000e4200000, 0x00000000e4300000, 0x00000000e4300000|100%| O|  |TAMS 0x00000000e4300000, 0x00000000e4200000| Untracked 
|  67|0x00000000e4300000, 0x00000000e4400000, 0x00000000e4400000|100%| O|  |TAMS 0x00000000e4400000, 0x00000000e4300000| Untracked 
|  68|0x00000000e4400000, 0x00000000e4500000, 0x00000000e4500000|100%| O|  |TAMS 0x00000000e4500000, 0x00000000e4400000| Untracked 
|  69|0x00000000e4500000, 0x00000000e4600000, 0x00000000e4600000|100%| O|  |TAMS 0x00000000e4546400, 0x00000000e4500000| Untracked 
|  70|0x00000000e4600000, 0x00000000e4600000, 0x00000000e4700000|  0%| F|  |TAMS 0x00000000e4600000, 0x00000000e4600000| Untracked 
|  71|0x00000000e4700000, 0x00000000e4700000, 0x00000000e4800000|  0%| F|  |TAMS 0x00000000e4700000, 0x00000000e4700000| Untracked 
|  72|0x00000000e4800000, 0x00000000e4800000, 0x00000000e4900000|  0%| F|  |TAMS 0x00000000e4800000, 0x00000000e4800000| Untracked 
|  73|0x00000000e4900000, 0x00000000e4900000, 0x00000000e4a00000|  0%| F|  |TAMS 0x00000000e4900000, 0x00000000e4900000| Untracked 
|  74|0x00000000e4a00000, 0x00000000e4a00000, 0x00000000e4b00000|  0%| F|  |TAMS 0x00000000e4a00000, 0x00000000e4a00000| Untracked 
|  75|0x00000000e4b00000, 0x00000000e4b00000, 0x00000000e4c00000|  0%| F|  |TAMS 0x00000000e4b00000, 0x00000000e4b00000| Untracked 
|  76|0x00000000e4c00000, 0x00000000e4c00000, 0x00000000e4d00000|  0%| F|  |TAMS 0x00000000e4c00000, 0x00000000e4c00000| Untracked 
|  77|0x00000000e4d00000, 0x00000000e4d00000, 0x00000000e4e00000|  0%| F|  |TAMS 0x00000000e4d00000, 0x00000000e4d00000| Untracked 
|  78|0x00000000e4e00000, 0x00000000e4e00000, 0x00000000e4f00000|  0%| F|  |TAMS 0x00000000e4e00000, 0x00000000e4e00000| Untracked 
|  79|0x00000000e4f00000, 0x00000000e4f00000, 0x00000000e5000000|  0%| F|  |TAMS 0x00000000e4f00000, 0x00000000e4f00000| Untracked 
|  80|0x00000000e5000000, 0x00000000e5000000, 0x00000000e5100000|  0%| F|  |TAMS 0x00000000e5000000, 0x00000000e5000000| Untracked 
|  81|0x00000000e5100000, 0x00000000e5100000, 0x00000000e5200000|  0%| F|  |TAMS 0x00000000e5100000, 0x00000000e5100000| Untracked 
|  82|0x00000000e5200000, 0x00000000e5200000, 0x00000000e5300000|  0%| F|  |TAMS 0x00000000e5200000, 0x00000000e5200000| Untracked 
|  83|0x00000000e5300000, 0x00000000e5300000, 0x00000000e5400000|  0%| F|  |TAMS 0x00000000e5300000, 0x00000000e5300000| Untracked 
|  84|0x00000000e5400000, 0x00000000e5500000, 0x00000000e5500000|100%| O|  |TAMS 0x00000000e5500000, 0x00000000e5400000| Untracked 
|  85|0x00000000e5500000, 0x00000000e5500000, 0x00000000e5600000|  0%| F|  |TAMS 0x00000000e5500000, 0x00000000e5500000| Untracked 
|  86|0x00000000e5600000, 0x00000000e5600000, 0x00000000e5700000|  0%| F|  |TAMS 0x00000000e5600000, 0x00000000e5600000| Untracked 
|  87|0x00000000e5700000, 0x00000000e5700000, 0x00000000e5800000|  0%| F|  |TAMS 0x00000000e5700000, 0x00000000e5700000| Untracked 
|  88|0x00000000e5800000, 0x00000000e5800000, 0x00000000e5900000|  0%| F|  |TAMS 0x00000000e5800000, 0x00000000e5800000| Untracked 
|  89|0x00000000e5900000, 0x00000000e5900000, 0x00000000e5a00000|  0%| F|  |TAMS 0x00000000e5900000, 0x00000000e5900000| Untracked 
|  90|0x00000000e5a00000, 0x00000000e5a00000, 0x00000000e5b00000|  0%| F|  |TAMS 0x00000000e5a00000, 0x00000000e5a00000| Untracked 
|  91|0x00000000e5b00000, 0x00000000e5b00000, 0x00000000e5c00000|  0%| F|  |TAMS 0x00000000e5b00000, 0x00000000e5b00000| Untracked 
|  92|0x00000000e5c00000, 0x00000000e5c00000, 0x00000000e5d00000|  0%| F|  |TAMS 0x00000000e5c00000, 0x00000000e5c00000| Untracked 
|  93|0x00000000e5d00000, 0x00000000e5d00000, 0x00000000e5e00000|  0%| F|  |TAMS 0x00000000e5d00000, 0x00000000e5d00000| Untracked 
|  94|0x00000000e5e00000, 0x00000000e5e00000, 0x00000000e5f00000|  0%| F|  |TAMS 0x00000000e5e00000, 0x00000000e5e00000| Untracked 
|  95|0x00000000e5f00000, 0x00000000e5f00000, 0x00000000e6000000|  0%| F|  |TAMS 0x00000000e5f00000, 0x00000000e5f00000| Untracked 
|  96|0x00000000e6000000, 0x00000000e6000000, 0x00000000e6100000|  0%| F|  |TAMS 0x00000000e6000000, 0x00000000e6000000| Untracked 
|  97|0x00000000e6100000, 0x00000000e6100000, 0x00000000e6200000|  0%| F|  |TAMS 0x00000000e6100000, 0x00000000e6100000| Untracked 
|  98|0x00000000e6200000, 0x00000000e6200000, 0x00000000e6300000|  0%| F|  |TAMS 0x00000000e6200000, 0x00000000e6200000| Untracked 
|  99|0x00000000e6300000, 0x00000000e6300000, 0x00000000e6400000|  0%| F|  |TAMS 0x00000000e6300000, 0x00000000e6300000| Untracked 
| 100|0x00000000e6400000, 0x00000000e6400000, 0x00000000e6500000|  0%| F|  |TAMS 0x00000000e6400000, 0x00000000e6400000| Untracked 
| 101|0x00000000e6500000, 0x00000000e6500000, 0x00000000e6600000|  0%| F|  |TAMS 0x00000000e6500000, 0x00000000e6500000| Untracked 
| 102|0x00000000e6600000, 0x00000000e6600000, 0x00000000e6700000|  0%| F|  |TAMS 0x00000000e6600000, 0x00000000e6600000| Untracked 
| 103|0x00000000e6700000, 0x00000000e6700000, 0x00000000e6800000|  0%| F|  |TAMS 0x00000000e6700000, 0x00000000e6700000| Untracked 
| 104|0x00000000e6800000, 0x00000000e6900000, 0x00000000e6900000|100%| O|  |TAMS 0x00000000e6900000, 0x00000000e6800000| Untracked 
| 105|0x00000000e6900000, 0x00000000e6a00000, 0x00000000e6a00000|100%|HS|  |TAMS 0x00000000e6a00000, 0x00000000e6900000| Complete 
| 106|0x00000000e6a00000, 0x00000000e6b00000, 0x00000000e6b00000|100%|HC|  |TAMS 0x00000000e6b00000, 0x00000000e6a00000| Complete 
| 107|0x00000000e6b00000, 0x00000000e6c00000, 0x00000000e6c00000|100%|HC|  |TAMS 0x00000000e6c00000, 0x00000000e6b00000| Complete 
| 108|0x00000000e6c00000, 0x00000000e6d00000, 0x00000000e6d00000|100%|HC|  |TAMS 0x00000000e6d00000, 0x00000000e6c00000| Complete 
| 109|0x00000000e6d00000, 0x00000000e6e00000, 0x00000000e6e00000|100%|HS|  |TAMS 0x00000000e6e00000, 0x00000000e6d00000| Complete 
| 110|0x00000000e6e00000, 0x00000000e6f00000, 0x00000000e6f00000|100%|HC|  |TAMS 0x00000000e6f00000, 0x00000000e6e00000| Complete 
| 111|0x00000000e6f00000, 0x00000000e7000000, 0x00000000e7000000|100%|HC|  |TAMS 0x00000000e7000000, 0x00000000e6f00000| Complete 
| 112|0x00000000e7000000, 0x00000000e7000000, 0x00000000e7100000|  0%| F|  |TAMS 0x00000000e7000000, 0x00000000e7000000| Untracked 
| 113|0x00000000e7100000, 0x00000000e7100000, 0x00000000e7200000|  0%| F|  |TAMS 0x00000000e7100000, 0x00000000e7100000| Untracked 
| 114|0x00000000e7200000, 0x00000000e7200000, 0x00000000e7300000|  0%| F|  |TAMS 0x00000000e7200000, 0x00000000e7200000| Untracked 
| 115|0x00000000e7300000, 0x00000000e7300000, 0x00000000e7400000|  0%| F|  |TAMS 0x00000000e7300000, 0x00000000e7300000| Untracked 
| 116|0x00000000e7400000, 0x00000000e7400000, 0x00000000e7500000|  0%| F|  |TAMS 0x00000000e7400000, 0x00000000e7400000| Untracked 
| 117|0x00000000e7500000, 0x00000000e7500000, 0x00000000e7600000|  0%| F|  |TAMS 0x00000000e7500000, 0x00000000e7500000| Untracked 
| 118|0x00000000e7600000, 0x00000000e7700000, 0x00000000e7700000|100%| O|  |TAMS 0x00000000e7700000, 0x00000000e7600000| Untracked 
| 119|0x00000000e7700000, 0x00000000e7700000, 0x00000000e7800000|  0%| F|  |TAMS 0x00000000e7700000, 0x00000000e7700000| Untracked 
| 120|0x00000000e7800000, 0x00000000e7800000, 0x00000000e7900000|  0%| F|  |TAMS 0x00000000e7800000, 0x00000000e7800000| Untracked 
| 121|0x00000000e7900000, 0x00000000e7900000, 0x00000000e7a00000|  0%| F|  |TAMS 0x00000000e7900000, 0x00000000e7900000| Untracked 
| 122|0x00000000e7a00000, 0x00000000e7a00000, 0x00000000e7b00000|  0%| F|  |TAMS 0x00000000e7a00000, 0x00000000e7a00000| Untracked 
| 123|0x00000000e7b00000, 0x00000000e7b00000, 0x00000000e7c00000|  0%| F|  |TAMS 0x00000000e7b00000, 0x00000000e7b00000| Untracked 
| 124|0x00000000e7c00000, 0x00000000e7c00000, 0x00000000e7d00000|  0%| F|  |TAMS 0x00000000e7c00000, 0x00000000e7c00000| Untracked 
| 125|0x00000000e7d00000, 0x00000000e7d00000, 0x00000000e7e00000|  0%| F|  |TAMS 0x00000000e7d00000, 0x00000000e7d00000| Untracked 
| 126|0x00000000e7e00000, 0x00000000e7e00000, 0x00000000e7f00000|  0%| F|  |TAMS 0x00000000e7e00000, 0x00000000e7e00000| Untracked 
| 127|0x00000000e7f00000, 0x00000000e7f00000, 0x00000000e8000000|  0%| F|  |TAMS 0x00000000e7f00000, 0x00000000e7f00000| Untracked 
| 128|0x00000000e8000000, 0x00000000e8000000, 0x00000000e8100000|  0%| F|  |TAMS 0x00000000e8000000, 0x00000000e8000000| Untracked 
| 129|0x00000000e8100000, 0x00000000e8100000, 0x00000000e8200000|  0%| F|  |TAMS 0x00000000e8100000, 0x00000000e8100000| Untracked 
| 130|0x00000000e8200000, 0x00000000e8200000, 0x00000000e8300000|  0%| F|  |TAMS 0x00000000e8200000, 0x00000000e8200000| Untracked 
| 131|0x00000000e8300000, 0x00000000e8300000, 0x00000000e8400000|  0%| F|  |TAMS 0x00000000e8300000, 0x00000000e8300000| Untracked 
| 132|0x00000000e8400000, 0x00000000e8400000, 0x00000000e8500000|  0%| F|  |TAMS 0x00000000e8400000, 0x00000000e8400000| Untracked 
| 133|0x00000000e8500000, 0x00000000e8500000, 0x00000000e8600000|  0%| F|  |TAMS 0x00000000e8500000, 0x00000000e8500000| Untracked 
| 134|0x00000000e8600000, 0x00000000e8600000, 0x00000000e8700000|  0%| F|  |TAMS 0x00000000e8600000, 0x00000000e8600000| Untracked 
| 135|0x00000000e8700000, 0x00000000e8800000, 0x00000000e8800000|100%| O|  |TAMS 0x00000000e8800000, 0x00000000e8700000| Untracked 
| 136|0x00000000e8800000, 0x00000000e8800000, 0x00000000e8900000|  0%| F|  |TAMS 0x00000000e8800000, 0x00000000e8800000| Untracked 
| 137|0x00000000e8900000, 0x00000000e8900000, 0x00000000e8a00000|  0%| F|  |TAMS 0x00000000e8900000, 0x00000000e8900000| Untracked 
| 138|0x00000000e8a00000, 0x00000000e8a00000, 0x00000000e8b00000|  0%| F|  |TAMS 0x00000000e8a00000, 0x00000000e8a00000| Untracked 
| 139|0x00000000e8b00000, 0x00000000e8b00000, 0x00000000e8c00000|  0%| F|  |TAMS 0x00000000e8b00000, 0x00000000e8b00000| Untracked 
| 140|0x00000000e8c00000, 0x00000000e8c00000, 0x00000000e8d00000|  0%| F|  |TAMS 0x00000000e8c00000, 0x00000000e8c00000| Untracked 
| 141|0x00000000e8d00000, 0x00000000e8d00000, 0x00000000e8e00000|  0%| F|  |TAMS 0x00000000e8d00000, 0x00000000e8d00000| Untracked 
| 142|0x00000000e8e00000, 0x00000000e8e00000, 0x00000000e8f00000|  0%| F|  |TAMS 0x00000000e8e00000, 0x00000000e8e00000| Untracked 
| 143|0x00000000e8f00000, 0x00000000e8f00000, 0x00000000e9000000|  0%| F|  |TAMS 0x00000000e8f00000, 0x00000000e8f00000| Untracked 
| 144|0x00000000e9000000, 0x00000000e9000000, 0x00000000e9100000|  0%| F|  |TAMS 0x00000000e9000000, 0x00000000e9000000| Untracked 
| 145|0x00000000e9100000, 0x00000000e9100000, 0x00000000e9200000|  0%| F|  |TAMS 0x00000000e9100000, 0x00000000e9100000| Untracked 
| 146|0x00000000e9200000, 0x00000000e9200000, 0x00000000e9300000|  0%| F|  |TAMS 0x00000000e9200000, 0x00000000e9200000| Untracked 
| 147|0x00000000e9300000, 0x00000000e9300000, 0x00000000e9400000|  0%| F|  |TAMS 0x00000000e9300000, 0x00000000e9300000| Untracked 
| 148|0x00000000e9400000, 0x00000000e9400000, 0x00000000e9500000|  0%| F|  |TAMS 0x00000000e9400000, 0x00000000e9400000| Untracked 
| 149|0x00000000e9500000, 0x00000000e9500000, 0x00000000e9600000|  0%| F|  |TAMS 0x00000000e9500000, 0x00000000e9500000| Untracked 
| 150|0x00000000e9600000, 0x00000000e9600000, 0x00000000e9700000|  0%| F|  |TAMS 0x00000000e9600000, 0x00000000e9600000| Untracked 
| 151|0x00000000e9700000, 0x00000000e9700000, 0x00000000e9800000|  0%| F|  |TAMS 0x00000000e9700000, 0x00000000e9700000| Untracked 
| 152|0x00000000e9800000, 0x00000000e9800000, 0x00000000e9900000|  0%| F|  |TAMS 0x00000000e9800000, 0x00000000e9800000| Untracked 
| 153|0x00000000e9900000, 0x00000000e9900000, 0x00000000e9a00000|  0%| F|  |TAMS 0x00000000e9900000, 0x00000000e9900000| Untracked 
| 154|0x00000000e9a00000, 0x00000000e9a00000, 0x00000000e9b00000|  0%| F|  |TAMS 0x00000000e9a00000, 0x00000000e9a00000| Untracked 
| 155|0x00000000e9b00000, 0x00000000e9b00000, 0x00000000e9c00000|  0%| F|  |TAMS 0x00000000e9b00000, 0x00000000e9b00000| Untracked 
| 156|0x00000000e9c00000, 0x00000000e9c00000, 0x00000000e9d00000|  0%| F|  |TAMS 0x00000000e9c00000, 0x00000000e9c00000| Untracked 
| 157|0x00000000e9d00000, 0x00000000e9d43d68, 0x00000000e9e00000| 26%| E|  |TAMS 0x00000000e9d00000, 0x00000000e9d00000| Complete 
| 158|0x00000000e9e00000, 0x00000000e9f00000, 0x00000000e9f00000|100%| E|CS|TAMS 0x00000000e9e00000, 0x00000000e9e00000| Complete 
| 159|0x00000000e9f00000, 0x00000000ea000000, 0x00000000ea000000|100%| E|CS|TAMS 0x00000000e9f00000, 0x00000000e9f00000| Complete 
| 160|0x00000000ea000000, 0x00000000ea100000, 0x00000000ea100000|100%| E|CS|TAMS 0x00000000ea000000, 0x00000000ea000000| Complete 
| 161|0x00000000ea100000, 0x00000000ea200000, 0x00000000ea200000|100%| E|CS|TAMS 0x00000000ea100000, 0x00000000ea100000| Complete 
| 162|0x00000000ea200000, 0x00000000ea300000, 0x00000000ea300000|100%| E|CS|TAMS 0x00000000ea200000, 0x00000000ea200000| Complete 
| 163|0x00000000ea300000, 0x00000000ea400000, 0x00000000ea400000|100%| E|CS|TAMS 0x00000000ea300000, 0x00000000ea300000| Complete 
| 164|0x00000000ea400000, 0x00000000ea500000, 0x00000000ea500000|100%| E|CS|TAMS 0x00000000ea400000, 0x00000000ea400000| Complete 
| 165|0x00000000ea500000, 0x00000000ea600000, 0x00000000ea600000|100%| E|CS|TAMS 0x00000000ea500000, 0x00000000ea500000| Complete 
| 166|0x00000000ea600000, 0x00000000ea700000, 0x00000000ea700000|100%| E|CS|TAMS 0x00000000ea600000, 0x00000000ea600000| Complete 
| 167|0x00000000ea700000, 0x00000000ea800000, 0x00000000ea800000|100%| E|CS|TAMS 0x00000000ea700000, 0x00000000ea700000| Complete 
| 168|0x00000000ea800000, 0x00000000ea900000, 0x00000000ea900000|100%| E|CS|TAMS 0x00000000ea800000, 0x00000000ea800000| Complete 
| 169|0x00000000ea900000, 0x00000000eaa00000, 0x00000000eaa00000|100%| E|CS|TAMS 0x00000000ea900000, 0x00000000ea900000| Complete 
| 170|0x00000000eaa00000, 0x00000000eab00000, 0x00000000eab00000|100%| E|CS|TAMS 0x00000000eaa00000, 0x00000000eaa00000| Complete 
| 171|0x00000000eab00000, 0x00000000eac00000, 0x00000000eac00000|100%| S|CS|TAMS 0x00000000eab00000, 0x00000000eab00000| Complete 
| 172|0x00000000eac00000, 0x00000000ead00000, 0x00000000ead00000|100%| S|CS|TAMS 0x00000000eac00000, 0x00000000eac00000| Complete 
| 173|0x00000000ead00000, 0x00000000eae00000, 0x00000000eae00000|100%| S|CS|TAMS 0x00000000ead00000, 0x00000000ead00000| Complete 
| 174|0x00000000eae00000, 0x00000000eaf00000, 0x00000000eaf00000|100%| S|CS|TAMS 0x00000000eae00000, 0x00000000eae00000| Complete 
| 175|0x00000000eaf00000, 0x00000000eb000000, 0x00000000eb000000|100%| S|CS|TAMS 0x00000000eaf00000, 0x00000000eaf00000| Complete 
| 176|0x00000000eb000000, 0x00000000eb100000, 0x00000000eb100000|100%| S|CS|TAMS 0x00000000eb000000, 0x00000000eb000000| Complete 
| 177|0x00000000eb100000, 0x00000000eb200000, 0x00000000eb200000|100%| S|CS|TAMS 0x00000000eb100000, 0x00000000eb100000| Complete 
| 178|0x00000000eb200000, 0x00000000eb300000, 0x00000000eb300000|100%| S|CS|TAMS 0x00000000eb200000, 0x00000000eb200000| Complete 
| 179|0x00000000eb300000, 0x00000000eb400000, 0x00000000eb400000|100%| S|CS|TAMS 0x00000000eb300000, 0x00000000eb300000| Complete 
| 180|0x00000000eb400000, 0x00000000eb500000, 0x00000000eb500000|100%| S|CS|TAMS 0x00000000eb400000, 0x00000000eb400000| Complete 
| 181|0x00000000eb500000, 0x00000000eb600000, 0x00000000eb600000|100%| E|CS|TAMS 0x00000000eb500000, 0x00000000eb500000| Complete 
| 182|0x00000000eb600000, 0x00000000eb700000, 0x00000000eb700000|100%| E|CS|TAMS 0x00000000eb600000, 0x00000000eb600000| Complete 
| 183|0x00000000eb700000, 0x00000000eb800000, 0x00000000eb800000|100%| E|CS|TAMS 0x00000000eb700000, 0x00000000eb700000| Complete 
| 184|0x00000000eb800000, 0x00000000eb900000, 0x00000000eb900000|100%| E|CS|TAMS 0x00000000eb800000, 0x00000000eb800000| Complete 
| 185|0x00000000eb900000, 0x00000000eba00000, 0x00000000eba00000|100%| E|CS|TAMS 0x00000000eb900000, 0x00000000eb900000| Complete 
| 186|0x00000000eba00000, 0x00000000ebb00000, 0x00000000ebb00000|100%| E|CS|TAMS 0x00000000eba00000, 0x00000000eba00000| Complete 
| 187|0x00000000ebb00000, 0x00000000ebc00000, 0x00000000ebc00000|100%| E|CS|TAMS 0x00000000ebb00000, 0x00000000ebb00000| Complete 
| 188|0x00000000ebc00000, 0x00000000ebd00000, 0x00000000ebd00000|100%| E|CS|TAMS 0x00000000ebc00000, 0x00000000ebc00000| Complete 
| 189|0x00000000ebd00000, 0x00000000ebe00000, 0x00000000ebe00000|100%| E|CS|TAMS 0x00000000ebd00000, 0x00000000ebd00000| Complete 
| 190|0x00000000ebe00000, 0x00000000ebf00000, 0x00000000ebf00000|100%| E|CS|TAMS 0x00000000ebe00000, 0x00000000ebe00000| Complete 
| 191|0x00000000ebf00000, 0x00000000ec000000, 0x00000000ec000000|100%| E|CS|TAMS 0x00000000ebf00000, 0x00000000ebf00000| Complete 
| 192|0x00000000ec000000, 0x00000000ec100000, 0x00000000ec100000|100%| E|CS|TAMS 0x00000000ec000000, 0x00000000ec000000| Complete 
| 193|0x00000000ec100000, 0x00000000ec200000, 0x00000000ec200000|100%| E|CS|TAMS 0x00000000ec100000, 0x00000000ec100000| Complete 
| 194|0x00000000ec200000, 0x00000000ec300000, 0x00000000ec300000|100%| E|CS|TAMS 0x00000000ec200000, 0x00000000ec200000| Complete 
| 195|0x00000000ec300000, 0x00000000ec400000, 0x00000000ec400000|100%| E|CS|TAMS 0x00000000ec300000, 0x00000000ec300000| Complete 
| 196|0x00000000ec400000, 0x00000000ec500000, 0x00000000ec500000|100%| E|CS|TAMS 0x00000000ec400000, 0x00000000ec400000| Complete 
| 197|0x00000000ec500000, 0x00000000ec600000, 0x00000000ec600000|100%| E|CS|TAMS 0x00000000ec500000, 0x00000000ec500000| Complete 
| 198|0x00000000ec600000, 0x00000000ec700000, 0x00000000ec700000|100%| E|CS|TAMS 0x00000000ec600000, 0x00000000ec600000| Complete 
| 199|0x00000000ec700000, 0x00000000ec800000, 0x00000000ec800000|100%| E|CS|TAMS 0x00000000ec700000, 0x00000000ec700000| Complete 
| 200|0x00000000ec800000, 0x00000000ec900000, 0x00000000ec900000|100%| E|CS|TAMS 0x00000000ec800000, 0x00000000ec800000| Complete 
| 201|0x00000000ec900000, 0x00000000eca00000, 0x00000000eca00000|100%| E|CS|TAMS 0x00000000ec900000, 0x00000000ec900000| Complete 
| 202|0x00000000eca00000, 0x00000000ecb00000, 0x00000000ecb00000|100%| E|CS|TAMS 0x00000000eca00000, 0x00000000eca00000| Complete 
| 203|0x00000000ecb00000, 0x00000000ecc00000, 0x00000000ecc00000|100%| E|CS|TAMS 0x00000000ecb00000, 0x00000000ecb00000| Complete 
| 204|0x00000000ecc00000, 0x00000000ecd00000, 0x00000000ecd00000|100%| E|CS|TAMS 0x00000000ecc00000, 0x00000000ecc00000| Complete 
| 205|0x00000000ecd00000, 0x00000000ece00000, 0x00000000ece00000|100%| E|CS|TAMS 0x00000000ecd00000, 0x00000000ecd00000| Complete 
| 206|0x00000000ece00000, 0x00000000ecf00000, 0x00000000ecf00000|100%| E|CS|TAMS 0x00000000ece00000, 0x00000000ece00000| Complete 
| 207|0x00000000ecf00000, 0x00000000ed000000, 0x00000000ed000000|100%| E|CS|TAMS 0x00000000ecf00000, 0x00000000ecf00000| Complete 
| 208|0x00000000ed000000, 0x00000000ed100000, 0x00000000ed100000|100%| E|CS|TAMS 0x00000000ed000000, 0x00000000ed000000| Complete 
| 209|0x00000000ed100000, 0x00000000ed200000, 0x00000000ed200000|100%| E|CS|TAMS 0x00000000ed100000, 0x00000000ed100000| Complete 
| 210|0x00000000ed200000, 0x00000000ed300000, 0x00000000ed300000|100%| E|CS|TAMS 0x00000000ed200000, 0x00000000ed200000| Complete 
| 211|0x00000000ed300000, 0x00000000ed400000, 0x00000000ed400000|100%| E|CS|TAMS 0x00000000ed300000, 0x00000000ed300000| Complete 
| 212|0x00000000ed400000, 0x00000000ed500000, 0x00000000ed500000|100%| E|CS|TAMS 0x00000000ed400000, 0x00000000ed400000| Complete 
| 213|0x00000000ed500000, 0x00000000ed600000, 0x00000000ed600000|100%| E|CS|TAMS 0x00000000ed500000, 0x00000000ed500000| Complete 
| 214|0x00000000ed600000, 0x00000000ed700000, 0x00000000ed700000|100%| E|CS|TAMS 0x00000000ed600000, 0x00000000ed600000| Complete 
| 215|0x00000000ed700000, 0x00000000ed800000, 0x00000000ed800000|100%| E|CS|TAMS 0x00000000ed700000, 0x00000000ed700000| Complete 
| 216|0x00000000ed800000, 0x00000000ed900000, 0x00000000ed900000|100%| E|CS|TAMS 0x00000000ed800000, 0x00000000ed800000| Complete 
| 217|0x00000000ed900000, 0x00000000eda00000, 0x00000000eda00000|100%| E|CS|TAMS 0x00000000ed900000, 0x00000000ed900000| Complete 
| 218|0x00000000eda00000, 0x00000000edb00000, 0x00000000edb00000|100%| E|CS|TAMS 0x00000000eda00000, 0x00000000eda00000| Complete 
| 219|0x00000000edb00000, 0x00000000edc00000, 0x00000000edc00000|100%| E|CS|TAMS 0x00000000edb00000, 0x00000000edb00000| Complete 
| 220|0x00000000edc00000, 0x00000000edd00000, 0x00000000edd00000|100%| E|CS|TAMS 0x00000000edc00000, 0x00000000edc00000| Complete 
| 221|0x00000000edd00000, 0x00000000ede00000, 0x00000000ede00000|100%| E|CS|TAMS 0x00000000edd00000, 0x00000000edd00000| Complete 
| 222|0x00000000ede00000, 0x00000000edf00000, 0x00000000edf00000|100%| E|CS|TAMS 0x00000000ede00000, 0x00000000ede00000| Complete 
| 223|0x00000000edf00000, 0x00000000ee000000, 0x00000000ee000000|100%| E|CS|TAMS 0x00000000edf00000, 0x00000000edf00000| Complete 
| 224|0x00000000ee000000, 0x00000000ee100000, 0x00000000ee100000|100%| E|CS|TAMS 0x00000000ee000000, 0x00000000ee000000| Complete 
| 225|0x00000000ee100000, 0x00000000ee200000, 0x00000000ee200000|100%| E|CS|TAMS 0x00000000ee100000, 0x00000000ee100000| Complete 
| 226|0x00000000ee200000, 0x00000000ee300000, 0x00000000ee300000|100%| E|CS|TAMS 0x00000000ee200000, 0x00000000ee200000| Complete 
| 227|0x00000000ee300000, 0x00000000ee400000, 0x00000000ee400000|100%| E|CS|TAMS 0x00000000ee300000, 0x00000000ee300000| Complete 
| 228|0x00000000ee400000, 0x00000000ee500000, 0x00000000ee500000|100%| E|  |TAMS 0x00000000ee400000, 0x00000000ee400000| Complete 
| 229|0x00000000ee500000, 0x00000000ee600000, 0x00000000ee600000|100%| E|CS|TAMS 0x00000000ee500000, 0x00000000ee500000| Complete 
| 230|0x00000000ee600000, 0x00000000ee700000, 0x00000000ee700000|100%| E|CS|TAMS 0x00000000ee600000, 0x00000000ee600000| Complete 
| 231|0x00000000ee700000, 0x00000000ee800000, 0x00000000ee800000|100%| E|CS|TAMS 0x00000000ee700000, 0x00000000ee700000| Complete 
| 232|0x00000000ee800000, 0x00000000ee900000, 0x00000000ee900000|100%| E|CS|TAMS 0x00000000ee800000, 0x00000000ee800000| Complete 
| 233|0x00000000ee900000, 0x00000000eea00000, 0x00000000eea00000|100%| E|CS|TAMS 0x00000000ee900000, 0x00000000ee900000| Complete 
| 234|0x00000000eea00000, 0x00000000eeb00000, 0x00000000eeb00000|100%| E|CS|TAMS 0x00000000eea00000, 0x00000000eea00000| Complete 
| 235|0x00000000eeb00000, 0x00000000eec00000, 0x00000000eec00000|100%| E|CS|TAMS 0x00000000eeb00000, 0x00000000eeb00000| Complete 
| 236|0x00000000eec00000, 0x00000000eed00000, 0x00000000eed00000|100%| E|CS|TAMS 0x00000000eec00000, 0x00000000eec00000| Complete 
| 237|0x00000000eed00000, 0x00000000eee00000, 0x00000000eee00000|100%| E|CS|TAMS 0x00000000eed00000, 0x00000000eed00000| Complete 
| 238|0x00000000eee00000, 0x00000000eef00000, 0x00000000eef00000|100%| E|CS|TAMS 0x00000000eee00000, 0x00000000eee00000| Complete 
| 239|0x00000000eef00000, 0x00000000ef000000, 0x00000000ef000000|100%| E|CS|TAMS 0x00000000eef00000, 0x00000000eef00000| Complete 
| 240|0x00000000ef000000, 0x00000000ef100000, 0x00000000ef100000|100%| E|CS|TAMS 0x00000000ef000000, 0x00000000ef000000| Complete 
| 241|0x00000000ef100000, 0x00000000ef200000, 0x00000000ef200000|100%| E|CS|TAMS 0x00000000ef100000, 0x00000000ef100000| Complete 
| 242|0x00000000ef200000, 0x00000000ef300000, 0x00000000ef300000|100%| E|CS|TAMS 0x00000000ef200000, 0x00000000ef200000| Complete 
| 243|0x00000000ef300000, 0x00000000ef400000, 0x00000000ef400000|100%| E|CS|TAMS 0x00000000ef300000, 0x00000000ef300000| Complete 
| 244|0x00000000ef400000, 0x00000000ef500000, 0x00000000ef500000|100%| E|CS|TAMS 0x00000000ef400000, 0x00000000ef400000| Complete 
| 245|0x00000000ef500000, 0x00000000ef600000, 0x00000000ef600000|100%| E|CS|TAMS 0x00000000ef500000, 0x00000000ef500000| Complete 
| 246|0x00000000ef600000, 0x00000000ef700000, 0x00000000ef700000|100%| E|CS|TAMS 0x00000000ef600000, 0x00000000ef600000| Complete 
| 247|0x00000000ef700000, 0x00000000ef800000, 0x00000000ef800000|100%| E|CS|TAMS 0x00000000ef700000, 0x00000000ef700000| Complete 
| 248|0x00000000ef800000, 0x00000000ef900000, 0x00000000ef900000|100%| E|CS|TAMS 0x00000000ef800000, 0x00000000ef800000| Complete 
| 249|0x00000000ef900000, 0x00000000efa00000, 0x00000000efa00000|100%| E|CS|TAMS 0x00000000ef900000, 0x00000000ef900000| Complete 
| 250|0x00000000efa00000, 0x00000000efb00000, 0x00000000efb00000|100%| E|CS|TAMS 0x00000000efa00000, 0x00000000efa00000| Complete 
| 251|0x00000000efb00000, 0x00000000efc00000, 0x00000000efc00000|100%| E|CS|TAMS 0x00000000efb00000, 0x00000000efb00000| Complete 
| 252|0x00000000efc00000, 0x00000000efd00000, 0x00000000efd00000|100%| E|CS|TAMS 0x00000000efc00000, 0x00000000efc00000| Complete 
| 253|0x00000000efd00000, 0x00000000efe00000, 0x00000000efe00000|100%| E|CS|TAMS 0x00000000efd00000, 0x00000000efd00000| Complete 
| 254|0x00000000efe00000, 0x00000000eff00000, 0x00000000eff00000|100%| E|CS|TAMS 0x00000000efe00000, 0x00000000efe00000| Complete 
| 255|0x00000000eff00000, 0x00000000f0000000, 0x00000000f0000000|100%| E|CS|TAMS 0x00000000eff00000, 0x00000000eff00000| Complete 

Card table byte_map: [0x00000297bfa30000,0x00000297bfb30000] _byte_map_base: 0x00000297bf330000

Marking Bits (Prev, Next): (CMBitMap*) 0x00000297ad237318, (CMBitMap*) 0x00000297ad237350
 Prev Bits: [0x00000297bfc30000, 0x00000297c0430000)
 Next Bits: [0x00000297c0430000, 0x00000297c0c30000)

Polling page: 0x00000297ab180000

Metaspace:

Usage:
  Non-class:     64.56 MB capacity,    62.96 MB ( 98%) used,     1.39 MB (  2%) free+waste,   217.31 KB ( <1%) overhead. 
      Class:      9.73 MB capacity,     8.96 MB ( 92%) used,   687.98 KB (  7%) free+waste,   101.13 KB (  1%) overhead. 
       Both:     74.29 MB capacity,    71.91 MB ( 97%) used,     2.07 MB (  3%) free+waste,   318.44 KB ( <1%) overhead. 

Virtual space:
  Non-class space:       66.00 MB reserved,      64.75 MB ( 98%) committed 
      Class space:      248.00 MB reserved,       9.78 MB (  4%) committed 
             Both:      314.00 MB reserved,      74.53 MB ( 24%) committed 

Chunk freelists:
   Non-Class:  0 bytes
       Class:  0 bytes
        Both:  0 bytes

MaxMetaspaceSize: 256.00 MB
CompressedClassSpaceSize: 248.00 MB

CodeHeap 'non-profiled nmethods': size=120064Kb used=5205Kb max_used=6677Kb free=114858Kb
 bounds [0x00000297b84f0000, 0x00000297b8b80000, 0x00000297bfa30000]
CodeHeap 'profiled nmethods': size=120000Kb used=20996Kb max_used=23317Kb free=99003Kb
 bounds [0x00000297b0fc0000, 0x00000297b2690000, 0x00000297b84f0000]
CodeHeap 'non-nmethods': size=5696Kb used=2274Kb max_used=2329Kb free=3421Kb
 bounds [0x00000297b0a30000, 0x00000297b0ca0000, 0x00000297b0fc0000]
 total_blobs=10790 nmethods=9912 adapters=789
 compilation: enabled
              stopped_count=0, restarted_count=0
 full_count=0

Compilation events (20 events):
Event: 112.375 Thread 0x00000297c3b15800 11137       3       org.gradle.util.GradleVersion::current (4 bytes)
Event: 112.375 Thread 0x00000297c3b15800 nmethod 11137 0x00000297b0fd6310 code [0x00000297b0fd64c0, 0x00000297b0fd65b8]
Event: 112.387 Thread 0x00000297c3b15800 11138       3       org.gradle.tooling.internal.provider.runner.PluginApplicationTracker::createAndTrack (62 bytes)
Event: 112.388 Thread 0x00000297c3b15800 nmethod 11138 0x00000297b1110a10 code [0x00000297b1110c40, 0x00000297b11113c8]
Event: 112.388 Thread 0x00000297c3b15800 11139       3       com.google.common.collect.FluentIterable::from (24 bytes)
Event: 112.389 Thread 0x00000297c3b15800 nmethod 11139 0x00000297b111bc90 code [0x00000297b111bee0, 0x00000297b111c928]
Event: 112.389 Thread 0x00000297c3b15800 11140       3       com.google.common.collect.FluentIterable::<init> (12 bytes)
Event: 112.389 Thread 0x00000297c3b15800 nmethod 11140 0x00000297b1032590 code [0x00000297b1032760, 0x00000297b10329d8]
Event: 112.391 Thread 0x00000297c3b15800 11141       3       com.google.common.collect.CompactHashMap::remove (10 bytes)
Event: 112.391 Thread 0x00000297c3b15800 nmethod 11141 0x00000297b103b890 code [0x00000297b103ba80, 0x00000297b103be58]
Event: 112.391 Thread 0x00000297c3b15800 11142       3       com.google.common.collect.CompactHashMap::moveLastEntry (175 bytes)
Event: 112.392 Thread 0x00000297c3b15800 nmethod 11142 0x00000297b112cc90 code [0x00000297b112cf00, 0x00000297b112de58]
Event: 112.392 Thread 0x00000297c3b15800 11143   !   3       org.gradle.internal.event.DefaultListenerManager$EventBroadcast::maybeRemove (87 bytes)
Event: 112.393 Thread 0x00000297c3b15800 nmethod 11143 0x00000297b1134a90 code [0x00000297b1134d00, 0x00000297b11356f8]
Event: 112.397 Thread 0x00000297e28a5800 nmethod 11118 0x00000297b857fb90 code [0x00000297b857fda0, 0x00000297b8580c98]
Event: 112.397 Thread 0x00000297e28a5800 11136       4       org.gradle.tooling.internal.provider.runner.SubtreeFilteringBuildOperationListener::finished (72 bytes)
Event: 112.397 Thread 0x00000297c3b15800 11144       3       com.google.common.collect.Iterables::isEmpty (37 bytes)
Event: 112.397 Thread 0x00000297c3b15800 nmethod 11144 0x00000297b109c990 code [0x00000297b109cb80, 0x00000297b109d148]
Event: 112.414 Thread 0x00000297c3b15800 11147       3       org.gradle.internal.Factories::toFactory (9 bytes)
Event: 112.414 Thread 0x00000297c3b15800 nmethod 11147 0x00000297b1028210 code [0x00000297b10283e0, 0x00000297b1028638]

GC Heap History (20 events):
Event: 16.701 GC heap before
{Heap before GC invocations=24 (full 0):
 garbage-first heap   total 262144K, used 192000K [0x00000000e0000000, 0x0000000100000000)
  region size 1024K, 86 young (88064K), 14 survivors (14336K)
 Metaspace       used 40416K, capacity 41384K, committed 41676K, reserved 290816K
  class space    used 5129K, capacity 5481K, committed 5580K, reserved 253952K
}
Event: 16.710 GC heap after
{Heap after GC invocations=25 (full 0):
 garbage-first heap   total 262144K, used 132608K [0x00000000e0000000, 0x0000000100000000)
  region size 1024K, 11 young (11264K), 11 survivors (11264K)
 Metaspace       used 40416K, capacity 41384K, committed 41676K, reserved 290816K
  class space    used 5129K, capacity 5481K, committed 5580K, reserved 253952K
}
Event: 16.876 GC heap before
{Heap before GC invocations=25 (full 0):
 garbage-first heap   total 262144K, used 192000K [0x00000000e0000000, 0x0000000100000000)
  region size 1024K, 69 young (70656K), 11 survivors (11264K)
 Metaspace       used 40418K, capacity 41384K, committed 41676K, reserved 290816K
  class space    used 5129K, capacity 5481K, committed 5580K, reserved 253952K
}
Event: 16.886 GC heap after
{Heap after GC invocations=26 (full 0):
 garbage-first heap   total 262144K, used 154112K [0x00000000e0000000, 0x0000000100000000)
  region size 1024K, 9 young (9216K), 9 survivors (9216K)
 Metaspace       used 40418K, capacity 41384K, committed 41676K, reserved 290816K
  class space    used 5129K, capacity 5481K, committed 5580K, reserved 253952K
}
Event: 17.471 GC heap before
{Heap before GC invocations=27 (full 0):
 garbage-first heap   total 262144K, used 193024K [0x00000000e0000000, 0x0000000100000000)
  region size 1024K, 54 young (55296K), 9 survivors (9216K)
 Metaspace       used 42333K, capacity 43281K, committed 43596K, reserved 292864K
  class space    used 5306K, capacity 5643K, committed 5708K, reserved 253952K
}
Event: 17.476 GC heap after
{Heap after GC invocations=28 (full 0):
 garbage-first heap   total 262144K, used 139776K [0x00000000e0000000, 0x0000000100000000)
  region size 1024K, 3 young (3072K), 3 survivors (3072K)
 Metaspace       used 42333K, capacity 43281K, committed 43596K, reserved 292864K
  class space    used 5306K, capacity 5643K, committed 5708K, reserved 253952K
}
Event: 17.643 GC heap before
{Heap before GC invocations=28 (full 0):
 garbage-first heap   total 262144K, used 147968K [0x00000000e0000000, 0x0000000100000000)
  region size 1024K, 12 young (12288K), 3 survivors (3072K)
 Metaspace       used 43132K, capacity 44081K, committed 44236K, reserved 292864K
  class space    used 5395K, capacity 5739K, committed 5836K, reserved 253952K
}
Event: 17.647 GC heap after
{Heap after GC invocations=29 (full 0):
 garbage-first heap   total 262144K, used 114877K [0x00000000e0000000, 0x0000000100000000)
  region size 1024K, 2 young (2048K), 2 survivors (2048K)
 Metaspace       used 43132K, capacity 44081K, committed 44236K, reserved 292864K
  class space    used 5395K, capacity 5739K, committed 5836K, reserved 253952K
}
Event: 17.850 GC heap before
{Heap before GC invocations=29 (full 0):
 garbage-first heap   total 262144K, used 124093K [0x00000000e0000000, 0x0000000100000000)
  region size 1024K, 12 young (12288K), 2 survivors (2048K)
 Metaspace       used 44248K, capacity 45327K, committed 45644K, reserved 294912K
  class space    used 5509K, capacity 5893K, committed 5964K, reserved 253952K
}
Event: 17.856 GC heap after
{Heap after GC invocations=30 (full 0):
 garbage-first heap   total 262144K, used 102839K [0x00000000e0000000, 0x0000000100000000)
  region size 1024K, 2 young (2048K), 2 survivors (2048K)
 Metaspace       used 44248K, capacity 45327K, committed 45644K, reserved 294912K
  class space    used 5509K, capacity 5893K, committed 5964K, reserved 253952K
}
Event: 19.187 GC heap before
{Heap before GC invocations=30 (full 0):
 garbage-first heap   total 262144K, used 183735K [0x00000000e0000000, 0x0000000100000000)
  region size 1024K, 77 young (78848K), 2 survivors (2048K)
 Metaspace       used 50088K, capacity 51449K, committed 51660K, reserved 299008K
  class space    used 6340K, capacity 6814K, committed 6860K, reserved 253952K
}
Event: 19.200 GC heap after
{Heap after GC invocations=31 (full 0):
 garbage-first heap   total 262144K, used 113180K [0x00000000e0000000, 0x0000000100000000)
  region size 1024K, 8 young (8192K), 8 survivors (8192K)
 Metaspace       used 50088K, capacity 51449K, committed 51660K, reserved 299008K
  class space    used 6340K, capacity 6814K, committed 6860K, reserved 253952K
}
Event: 20.366 GC heap before
{Heap before GC invocations=31 (full 0):
 garbage-first heap   total 262144K, used 188956K [0x00000000e0000000, 0x0000000100000000)
  region size 1024K, 82 young (83968K), 8 survivors (8192K)
 Metaspace       used 52937K, capacity 54581K, committed 54732K, reserved 303104K
  class space    used 6712K, capacity 7285K, committed 7372K, reserved 253952K
}
Event: 20.397 GC heap after
{Heap after GC invocations=32 (full 0):
 garbage-first heap   total 262144K, used 124179K [0x00000000e0000000, 0x0000000100000000)
  region size 1024K, 11 young (11264K), 11 survivors (11264K)
 Metaspace       used 52937K, capacity 54581K, committed 54732K, reserved 303104K
  class space    used 6712K, capacity 7285K, committed 7372K, reserved 253952K
}
Event: 21.701 GC heap before
{Heap before GC invocations=32 (full 0):
 garbage-first heap   total 262144K, used 195859K [0x00000000e0000000, 0x0000000100000000)
  region size 1024K, 81 young (82944K), 11 survivors (11264K)
 Metaspace       used 60045K, capacity 62007K, committed 62156K, reserved 309248K
  class space    used 7675K, capacity 8301K, committed 8396K, reserved 253952K
}
Event: 21.725 GC heap after
{Heap after GC invocations=33 (full 0):
 garbage-first heap   total 262144K, used 128748K [0x00000000e0000000, 0x0000000100000000)
  region size 1024K, 5 young (5120K), 5 survivors (5120K)
 Metaspace       used 60045K, capacity 62007K, committed 62156K, reserved 309248K
  class space    used 7675K, capacity 8301K, committed 8396K, reserved 253952K
}
Event: 23.110 GC heap before
{Heap before GC invocations=33 (full 0):
 garbage-first heap   total 262144K, used 160492K [0x00000000e0000000, 0x0000000100000000)
  region size 1024K, 37 young (37888K), 5 survivors (5120K)
 Metaspace       used 67387K, capacity 69424K, committed 69452K, reserved 315392K
  class space    used 8583K, capacity 9280K, committed 9292K, reserved 253952K
}
Event: 23.128 GC heap after
{Heap after GC invocations=34 (full 0):
 garbage-first heap   total 262144K, used 131621K [0x00000000e0000000, 0x0000000100000000)
  region size 1024K, 8 young (8192K), 8 survivors (8192K)
 Metaspace       used 67387K, capacity 69424K, committed 69452K, reserved 315392K
  class space    used 8583K, capacity 9280K, committed 9292K, reserved 253952K
}
Event: 24.579 GC heap before
{Heap before GC invocations=35 (full 0):
 garbage-first heap   total 262144K, used 153125K [0x00000000e0000000, 0x0000000100000000)
  region size 1024K, 75 young (76800K), 8 survivors (8192K)
 Metaspace       used 69277K, capacity 71393K, committed 71712K, reserved 317440K
  class space    used 8683K, capacity 9386K, committed 9504K, reserved 253952K
}
Event: 24.610 GC heap after
{Heap after GC invocations=36 (full 0):
 garbage-first heap   total 262144K, used 91597K [0x00000000e0000000, 0x0000000100000000)
  region size 1024K, 10 young (10240K), 10 survivors (10240K)
 Metaspace       used 69277K, capacity 71393K, committed 71712K, reserved 317440K
  class space    used 8683K, capacity 9386K, committed 9504K, reserved 253952K
}

Deoptimization events (20 events):
Event: 112.038 Thread 0x00000297c7d6d800 Uncommon trap: trap_request=0xffffffde fr.pc=0x00000297b8a95524 relative=0x0000000000000844
Event: 112.039 Thread 0x00000297c7d6d800 Uncommon trap: reason=class_check action=maybe_recompile pc=0x00000297b8a95524 method=java.util.AbstractList.equals(Ljava/lang/Object;)Z @ 8 c2
Event: 112.039 Thread 0x00000297c7d6d800 DEOPT PACKING pc=0x00000297b8a95524 sp=0x000000e1358fafe0
Event: 112.039 Thread 0x00000297c7d6d800 DEOPT UNPACKING pc=0x00000297b0a574af sp=0x000000e1358fafb0 mode 2
Event: 112.069 Thread 0x00000297c7d6d800 DEOPT PACKING pc=0x00000297b1acf3cd sp=0x000000e1358fa2d0
Event: 112.069 Thread 0x00000297c7d6d800 DEOPT UNPACKING pc=0x00000297b0a572ce sp=0x000000e1358f9858 mode 0
Event: 112.158 Thread 0x00000297c7d6d800 Uncommon trap: trap_request=0xffffff6e fr.pc=0x00000297b8a86320 relative=0x0000000000000160
Event: 112.158 Thread 0x00000297c7d6d800 Uncommon trap: reason=speculate_class_check action=maybe_recompile pc=0x00000297b8a86320 method=com.google.common.collect.ImmutableList.listIterator(I)Lcom/google/common/collect/UnmodifiableListIterator; @ 2 c2
Event: 112.158 Thread 0x00000297c7d6d800 DEOPT PACKING pc=0x00000297b8a86320 sp=0x000000e1358fb030
Event: 112.158 Thread 0x00000297c7d6d800 DEOPT UNPACKING pc=0x00000297b0a574af sp=0x000000e1358faec0 mode 2
Event: 112.158 Thread 0x00000297c7d6d800 Uncommon trap: trap_request=0xffffffde fr.pc=0x00000297b8a95524 relative=0x0000000000000844
Event: 112.158 Thread 0x00000297c7d6d800 Uncommon trap: reason=class_check action=maybe_recompile pc=0x00000297b8a95524 method=java.util.AbstractList.equals(Ljava/lang/Object;)Z @ 8 c2
Event: 112.158 Thread 0x00000297c7d6d800 DEOPT PACKING pc=0x00000297b8a95524 sp=0x000000e1358fb060
Event: 112.158 Thread 0x00000297c7d6d800 DEOPT UNPACKING pc=0x00000297b0a574af sp=0x000000e1358fb030 mode 2
Event: 112.163 Thread 0x00000297c7d6d800 Uncommon trap: trap_request=0xffffffde fr.pc=0x00000297b8a95524 relative=0x0000000000000844
Event: 112.163 Thread 0x00000297c7d6d800 Uncommon trap: reason=class_check action=maybe_recompile pc=0x00000297b8a95524 method=java.util.AbstractList.equals(Ljava/lang/Object;)Z @ 8 c2
Event: 112.163 Thread 0x00000297c7d6d800 DEOPT PACKING pc=0x00000297b8a95524 sp=0x000000e1358fa260
Event: 112.163 Thread 0x00000297c7d6d800 DEOPT UNPACKING pc=0x00000297b0a574af sp=0x000000e1358fa220 mode 2
Event: 112.411 Thread 0x00000297c7d6d800 DEOPT PACKING pc=0x00000297b1a54ef9 sp=0x000000e1358f6210
Event: 112.411 Thread 0x00000297c7d6d800 DEOPT UNPACKING pc=0x00000297b0a572ce sp=0x000000e1358f56d8 mode 0

Classes redefined (0 events):
No events

Internal exceptions (20 events):
Event: 24.643 Thread 0x00000297c4eb7800 Exception <a 'java/lang/ClassNotFoundException'{0x00000000efb64128}: java/lang/EnumBeanInfo> (0x00000000efb64128) thrown at [./src/hotspot/share/classfile/systemDictionary.cpp, line 231]
Event: 24.644 Thread 0x00000297c4eb7800 Exception <a 'java/lang/ClassNotFoundException'{0x00000000efb6aff0}: java/lang/EnumCustomizer> (0x00000000efb6aff0) thrown at [./src/hotspot/share/classfile/systemDictionary.cpp, line 231]
Event: 24.645 Thread 0x00000297c4eb7800 Exception <a 'java/lang/ClassNotFoundException'{0x00000000efb80ab0}: com/intellij/openapi/externalSystem/model/project/ExternalSystemSourceTypeCustomizer> (0x00000000efb80ab0) thrown at [./src/hotspot/share/classfile/systemDictionary.cpp, line 231]
Event: 24.649 Thread 0x00000297c4eb7800 Exception <a 'java/lang/ClassNotFoundException'{0x00000000efbb9008}: org/jetbrains/plugins/gradle/tooling/util/resolve/DependencyResolverImplBeanInfo> (0x00000000efbb9008) thrown at [./src/hotspot/share/classfile/systemDictionary.cpp, line 231]
Event: 24.649 Thread 0x00000297c4eb7800 Exception <a 'java/lang/ClassNotFoundException'{0x00000000efbc7ef0}: org/jetbrains/plugins/gradle/tooling/util/resolve/DependencyResolverImplCustomizer> (0x00000000efbc7ef0) thrown at [./src/hotspot/share/classfile/systemDictionary.cpp, line 231]
Event: 24.674 Thread 0x00000297c4eb7800 Exception <a 'java/lang/ClassNotFoundException'{0x00000000ef833ab8}: org/gradle/util/GUtilBeanInfo> (0x00000000ef833ab8) thrown at [./src/hotspot/share/classfile/systemDictionary.cpp, line 231]
Event: 24.675 Thread 0x00000297c4eb7800 Exception <a 'java/lang/ClassNotFoundException'{0x00000000ef8412d8}: org/gradle/util/GUtilCustomizer> (0x00000000ef8412d8) thrown at [./src/hotspot/share/classfile/systemDictionary.cpp, line 231]
Event: 24.778 Thread 0x00000297c4eb7800 Exception <a 'java/lang/NullPointerException'{0x00000000ef57c208}> (0x00000000ef57c208) thrown at [./src/hotspot/share/interpreter/linkResolver.cpp, line 1358]
Event: 25.938 Thread 0x00000297c51e1000 Exception <a 'java/lang/NoSuchMethodError'{0x00000000ebb8b6a0}: <clinit>> (0x00000000ebb8b6a0) thrown at [./src/hotspot/share/prims/jni.cpp, line 1362]
Event: 25.941 Thread 0x00000297c51e1000 Exception <a 'java/lang/NoSuchMethodError'{0x00000000ebba9b28}: <clinit>> (0x00000000ebba9b28) thrown at [./src/hotspot/share/prims/jni.cpp, line 1362]
Event: 25.974 Thread 0x00000297c51e1000 Exception <a 'java/lang/NoSuchMethodError'{0x00000000ebbb95d8}: <clinit>> (0x00000000ebbb95d8) thrown at [./src/hotspot/share/prims/jni.cpp, line 1362]
Event: 111.761 Thread 0x00000297c7d6d800 Implicit null exception at 0x00000297b8a5ff4c to 0x00000297b8a5ff94
Event: 111.935 Thread 0x00000297c7d71800 Exception <a 'sun/nio/fs/WindowsException'{0x00000000ea6c9018}> (0x00000000ea6c9018) thrown at [./src/hotspot/share/prims/jni.cpp, line 615]
Event: 111.938 Thread 0x00000297c7d71800 Exception <a 'sun/nio/fs/WindowsException'{0x00000000ea6c91f8}> (0x00000000ea6c91f8) thrown at [./src/hotspot/share/prims/jni.cpp, line 615]
Event: 111.949 Thread 0x00000297c7d6d800 Exception <a 'java/lang/ClassNotFoundException'{0x00000000ea50fbd8}: wrapper_init15_58m3yjasm98w4ayqboyztjreBeanInfo> (0x00000000ea50fbd8) thrown at [./src/hotspot/share/classfile/systemDictionary.cpp, line 231]
Event: 111.949 Thread 0x00000297c7d6d800 Exception <a 'java/lang/ClassNotFoundException'{0x00000000ea517d80}: wrapper_init15_58m3yjasm98w4ayqboyztjreCustomizer> (0x00000000ea517d80) thrown at [./src/hotspot/share/classfile/systemDictionary.cpp, line 231]
Event: 112.009 Thread 0x00000297c7d6d800 Exception <a 'java/lang/ClassNotFoundException'{0x00000000ea5a6ff8}: sync_studio_tooling6_7cmf9fwod5bi9gbo2mtug8ya9BeanInfo> (0x00000000ea5a6ff8) thrown at [./src/hotspot/share/classfile/systemDictionary.cpp, line 231]
Event: 112.010 Thread 0x00000297c7d6d800 Exception <a 'java/lang/ClassNotFoundException'{0x00000000ea5af778}: sync_studio_tooling6_7cmf9fwod5bi9gbo2mtug8ya9Customizer> (0x00000000ea5af778) thrown at [./src/hotspot/share/classfile/systemDictionary.cpp, line 231]
Event: 112.063 Thread 0x00000297c7d6d800 Exception <a 'java/lang/ClassNotFoundException'{0x00000000ea4a8bc8}: sync_studio_tooling6_7cmf9fwod5bi9gbo2mtug8ya9BeanInfo> (0x00000000ea4a8bc8) thrown at [./src/hotspot/share/classfile/systemDictionary.cpp, line 231]
Event: 112.063 Thread 0x00000297c7d6d800 Exception <a 'java/lang/ClassNotFoundException'{0x00000000ea4b12e8}: sync_studio_tooling6_7cmf9fwod5bi9gbo2mtug8ya9Customizer> (0x00000000ea4b12e8) thrown at [./src/hotspot/share/classfile/systemDictionary.cpp, line 231]

Events (20 events):
Event: 112.361 Thread 0x00000297c3b2b000 flushing nmethod 0x00000297b1da7190
Event: 112.393 Executing VM operation: RevokeBias
Event: 112.393 Executing VM operation: RevokeBias done
Event: 112.393 Executing VM operation: RevokeBias
Event: 112.393 Executing VM operation: RevokeBias done
Event: 112.394 Executing VM operation: RevokeBias
Event: 112.395 Executing VM operation: RevokeBias done
Event: 112.395 Executing VM operation: RevokeBias
Event: 112.395 Executing VM operation: RevokeBias done
Event: 112.395 Executing VM operation: RevokeBias
Event: 112.395 Executing VM operation: RevokeBias done
Event: 112.396 Executing VM operation: RevokeBias
Event: 112.396 Executing VM operation: RevokeBias done
Event: 112.396 Executing VM operation: RevokeBias
Event: 112.396 Executing VM operation: RevokeBias done
Event: 112.402 Executing VM operation: RevokeBias
Event: 112.402 Executing VM operation: RevokeBias done
Event: 112.403 Executing VM operation: RevokeBias
Event: 112.404 Executing VM operation: RevokeBias done
Event: 112.414 Thread 0x00000297c6300000 Thread added: 0x00000297c6300000


Dynamic libraries:
0x00007ff6dcf80000 - 0x00007ff6dcf8a000 	C:\Program Files\JetBrains\IntelliJ IDEA Educational Edition 2020.1.1\jbr\bin\java.exe
0x00007ffb2dc00000 - 0x00007ffb2ddf0000 	C:\WINDOWS\SYSTEM32\ntdll.dll
0x00007ffb2d020000 - 0x00007ffb2d0d2000 	C:\WINDOWS\System32\KERNEL32.DLL
0x00007ffb2ae60000 - 0x00007ffb2b105000 	C:\WINDOWS\System32\KERNELBASE.dll
0x00007ffb2b1b0000 - 0x00007ffb2b2aa000 	C:\WINDOWS\System32\ucrtbase.dll
0x00007ffb187f0000 - 0x00007ffb18809000 	C:\Program Files\JetBrains\IntelliJ IDEA Educational Edition 2020.1.1\jbr\bin\jli.dll
0x00007ffb1bd60000 - 0x00007ffb1bd77000 	C:\Program Files\JetBrains\IntelliJ IDEA Educational Edition 2020.1.1\jbr\bin\VCRUNTIME140.dll
0x00007ffb2cd60000 - 0x00007ffb2cef5000 	C:\WINDOWS\System32\USER32.dll
0x00007ffb2add0000 - 0x00007ffb2adf1000 	C:\WINDOWS\System32\win32u.dll
0x00007ffb2db30000 - 0x00007ffb2db56000 	C:\WINDOWS\System32\GDI32.dll
0x00007ffb19d10000 - 0x00007ffb19f94000 	C:\WINDOWS\WinSxS\amd64_microsoft.windows.common-controls_6595b64144ccf1df_6.0.18362.1082_none_9e8193e1e45b25c1\COMCTL32.dll
0x00007ffb2ab90000 - 0x00007ffb2ad26000 	C:\WINDOWS\System32\gdi32full.dll
0x00007ffb2c1c0000 - 0x00007ffb2c25e000 	C:\WINDOWS\System32\msvcrt.dll
0x00007ffb2bd30000 - 0x00007ffb2c065000 	C:\WINDOWS\System32\combase.dll
0x00007ffb2c260000 - 0x00007ffb2c380000 	C:\WINDOWS\System32\RPCRT4.dll
0x00007ffb2bae0000 - 0x00007ffb2bb60000 	C:\WINDOWS\System32\bcryptPrimitives.dll
0x00007ffb2b110000 - 0x00007ffb2b1ae000 	C:\WINDOWS\System32\msvcp_win.dll
0x00007ffb2c7f0000 - 0x00007ffb2c81e000 	C:\WINDOWS\System32\IMM32.DLL
0x00007ffb06b90000 - 0x00007ffb06c2d000 	C:\Program Files\JetBrains\IntelliJ IDEA Educational Edition 2020.1.1\jbr\bin\msvcp140.dll
0x00007ffb02030000 - 0x00007ffb02aed000 	C:\Program Files\JetBrains\IntelliJ IDEA Educational Edition 2020.1.1\jbr\bin\server\jvm.dll
0x00007ffb2cf70000 - 0x00007ffb2d013000 	C:\WINDOWS\System32\ADVAPI32.dll
0x00007ffb2d0e0000 - 0x00007ffb2d177000 	C:\WINDOWS\System32\sechost.dll
0x00007ffb2c8d0000 - 0x00007ffb2c8d8000 	C:\WINDOWS\System32\PSAPI.DLL
0x00007ffb26e30000 - 0x00007ffb26e39000 	C:\WINDOWS\SYSTEM32\WSOCK32.dll
0x00007ffb275e0000 - 0x00007ffb27604000 	C:\WINDOWS\SYSTEM32\WINMM.dll
0x00007ffb2c780000 - 0x00007ffb2c7ef000 	C:\WINDOWS\System32\WS2_32.dll
0x00007ffb1f350000 - 0x00007ffb1f35a000 	C:\WINDOWS\SYSTEM32\VERSION.dll
0x00007ffb275b0000 - 0x00007ffb275dd000 	C:\WINDOWS\SYSTEM32\WINMMBASE.dll
0x00007ffb2ad60000 - 0x00007ffb2adaa000 	C:\WINDOWS\System32\cfgmgr32.dll
0x00007ffb2aaf0000 - 0x00007ffb2ab01000 	C:\WINDOWS\System32\kernel.appcore.dll
0x00007ffb1e340000 - 0x00007ffb1e351000 	C:\Program Files\JetBrains\IntelliJ IDEA Educational Edition 2020.1.1\jbr\bin\verify.dll
0x00007ffb1b490000 - 0x00007ffb1b684000 	C:\WINDOWS\SYSTEM32\DBGHELP.DLL
0x00007ffb1b460000 - 0x00007ffb1b48a000 	C:\WINDOWS\SYSTEM32\dbgcore.DLL
0x00007ffb1e2d0000 - 0x00007ffb1e2f9000 	C:\Program Files\JetBrains\IntelliJ IDEA Educational Edition 2020.1.1\jbr\bin\java.dll
0x00007ffb26e10000 - 0x00007ffb26e1b000 	C:\Program Files\JetBrains\IntelliJ IDEA Educational Edition 2020.1.1\jbr\bin\jimage.dll
0x00007ffb1e320000 - 0x00007ffb1e338000 	C:\Program Files\JetBrains\IntelliJ IDEA Educational Edition 2020.1.1\jbr\bin\zip.dll
0x00007ffb2d180000 - 0x00007ffb2d867000 	C:\WINDOWS\System32\SHELL32.dll
0x00007ffb2c820000 - 0x00007ffb2c8c9000 	C:\WINDOWS\System32\shcore.dll
0x00007ffb2b2b0000 - 0x00007ffb2ba30000 	C:\WINDOWS\System32\windows.storage.dll
0x00007ffb2ab10000 - 0x00007ffb2ab33000 	C:\WINDOWS\System32\profapi.dll
0x00007ffb2ab40000 - 0x00007ffb2ab8a000 	C:\WINDOWS\System32\powrprof.dll
0x00007ffb2aac0000 - 0x00007ffb2aad0000 	C:\WINDOWS\System32\UMPDC.dll
0x00007ffb2c380000 - 0x00007ffb2c3d2000 	C:\WINDOWS\System32\shlwapi.dll
0x00007ffb2adb0000 - 0x00007ffb2adc7000 	C:\WINDOWS\System32\cryptsp.dll
0x00007ffb1e2b0000 - 0x00007ffb1e2ca000 	C:\Program Files\JetBrains\IntelliJ IDEA Educational Edition 2020.1.1\jbr\bin\net.dll
0x00007ffb1fdc0000 - 0x00007ffb1feb0000 	C:\WINDOWS\SYSTEM32\WINHTTP.dll
0x00007ffb2a310000 - 0x00007ffb2a377000 	C:\WINDOWS\system32\mswsock.dll
0x00007ffb1e290000 - 0x00007ffb1e2a4000 	C:\Program Files\JetBrains\IntelliJ IDEA Educational Edition 2020.1.1\jbr\bin\nio.dll
0x00007ffb1be00000 - 0x00007ffb1be27000 	C:\Users\simon\.gradle\native\9f2fa17c089eee584f3420100432f77ec4c098959e4bf121a4d6054c26537dfb\windows-amd64\native-platform.dll
0x00007ffb214b0000 - 0x00007ffb214ba000 	C:\Program Files\JetBrains\IntelliJ IDEA Educational Edition 2020.1.1\jbr\bin\management.dll
0x00007ffb1f1f0000 - 0x00007ffb1f1fc000 	C:\Program Files\JetBrains\IntelliJ IDEA Educational Edition 2020.1.1\jbr\bin\management_ext.dll
0x00007ffb29e80000 - 0x00007ffb29eb3000 	C:\WINDOWS\system32\rsaenh.dll
0x00007ffb2ad30000 - 0x00007ffb2ad56000 	C:\WINDOWS\System32\bcrypt.dll
0x00007ffb2a9e0000 - 0x00007ffb2aa05000 	C:\WINDOWS\SYSTEM32\USERENV.dll
0x00007ffb2a4e0000 - 0x00007ffb2a4ec000 	C:\WINDOWS\SYSTEM32\CRYPTBASE.dll
0x00007ffb2a020000 - 0x00007ffb2a05a000 	C:\WINDOWS\SYSTEM32\IPHLPAPI.DLL
0x00007ffb2c8e0000 - 0x00007ffb2c8e8000 	C:\WINDOWS\System32\NSI.dll
0x00007ffb1fd10000 - 0x00007ffb1fd26000 	C:\WINDOWS\SYSTEM32\dhcpcsvc6.DLL
0x00007ffb20170000 - 0x00007ffb2018c000 	C:\WINDOWS\SYSTEM32\dhcpcsvc.DLL
0x00007ffb2a060000 - 0x00007ffb2a12b000 	C:\WINDOWS\SYSTEM32\DNSAPI.dll
0x00007ffb20e50000 - 0x00007ffb20e5b000 	C:\WINDOWS\SYSTEM32\WINNSI.DLL
0x00007ffb018d0000 - 0x00007ffb01a66000 	C:\Users\simon\.gradle\native\9f2fa17c089eee584f3420100432f77ec4c098959e4bf121a4d6054c26537dfb\windows-amd64\native-platform-file-events.dll
0x00007ffb1d790000 - 0x00007ffb1d7b8000 	C:\Program Files\JetBrains\IntelliJ IDEA Educational Edition 2020.1.1\jbr\bin\sunec.dll
0x00007ffb1ed70000 - 0x00007ffb1ed7a000 	C:\Windows\System32\rasadhlp.dll
0x00007ffb1f950000 - 0x00007ffb1f9c7000 	C:\WINDOWS\System32\fwpuclnt.dll

dbghelp: loaded successfully - version: 4.0.5 - missing functions: none
symbol engine: initialized successfully - sym options: 0x614 - pdb path: .;C:\Program Files\JetBrains\IntelliJ IDEA Educational Edition 2020.1.1\jbr\bin;C:\WINDOWS\SYSTEM32;C:\WINDOWS\WinSxS\amd64_microsoft.windows.common-controls_6595b64144ccf1df_6.0.18362.1082_none_9e8193e1e45b25c1;C:\Program Files\JetBrains\IntelliJ IDEA Educational Edition 2020.1.1\jbr\bin\server;C:\Users\simon\.gradle\native\9f2fa17c089eee584f3420100432f77ec4c098959e4bf121a4d6054c26537dfb\windows-amd64

VM Arguments:
jvm_args: -XX:MaxMetaspaceSize=256m -XX:+HeapDumpOnOutOfMemoryError --add-opens=java.base/java.util=ALL-UNNAMED --add-opens=java.base/java.lang=ALL-UNNAMED --add-opens=java.base/java.lang.invoke=ALL-UNNAMED --add-opens=java.prefs/java.util.prefs=ALL-UNNAMED -Xms256m -Xmx512m -Dfile.encoding=windows-1252 -Duser.country=GB -Duser.language=en -Duser.variant 
java_command: org.gradle.launcher.daemon.bootstrap.GradleDaemon 6.6.1
java_class_path (initial): C:\Users\simon\.gradle\wrapper\dists\gradle-6.6.1-bin\du4tvj86lhti6iga1v8h7pckb\gradle-6.6.1\lib\gradle-launcher-6.6.1.jar
Launcher Type: SUN_STANDARD

[Global flags]
     intx CICompilerCount                          = 3                                         {product} {ergonomic}
   size_t CompressedClassSpaceSize                 = 260046848                                 {product} {ergonomic}
     uint ConcGCThreads                            = 1                                         {product} {ergonomic}
     uint G1ConcRefinementThreads                  = 4                                         {product} {ergonomic}
   size_t G1HeapRegionSize                         = 1048576                                   {product} {ergonomic}
    uintx GCDrainStackTargetSize                   = 64                                        {product} {ergonomic}
     bool HeapDumpOnOutOfMemoryError               = true                                   {manageable} {command line}
   size_t InitialHeapSize                          = 268435456                                 {product} {command line}
   size_t MarkStackSize                            = 4194304                                   {product} {ergonomic}
   size_t MaxHeapSize                              = 536870912                                 {product} {command line}
   size_t MaxMetaspaceSize                         = 268435456                                 {product} {command line}
   size_t MaxNewSize                               = 321912832                                 {product} {ergonomic}
   size_t MinHeapDeltaBytes                        = 1048576                                   {product} {ergonomic}
    uintx NonNMethodCodeHeapSize                   = 5830732                                {pd product} {ergonomic}
    uintx NonProfiledCodeHeapSize                  = 122913754                              {pd product} {ergonomic}
    uintx ProfiledCodeHeapSize                     = 122913754                              {pd product} {ergonomic}
    uintx ReservedCodeCacheSize                    = 251658240                              {pd product} {ergonomic}
     bool SegmentedCodeCache                       = true                                      {product} {ergonomic}
     bool UseCompressedClassPointers               = true                                 {lp64_product} {ergonomic}
     bool UseCompressedOops                        = true                                 {lp64_product} {ergonomic}
     bool UseG1GC                                  = true                                      {product} {ergonomic}
     bool UseLargePagesIndividualAllocation        = false                                  {pd product} {ergonomic}

Logging:
Log output configuration:
 #0: stdout all=warning uptime,level,tags
 #1: stderr all=off uptime,level,tags

Environment Variables:
PATH=C:\Python38\Scripts\;C:\Python38\;C:\Program Files (x86)\Common Files\Oracle\Java\javapath;"C:\Program Files (x86)\Common Files\Oracle\Java\javapath;C:\Program Files\Java\jdk-11.0.7\bin";C:\WINDOWS\system32;C:\WINDOWS;"C:\WINDOWS\System32\Wbem;C:\Program Files\Java\jdk-14.0.1\bin";C:\WINDOWS\System32\WindowsPowerShell\v1.0\;C:\WINDOWS\System32\OpenSSH\;C:\Program Files (x86)\Common Files\Acronis\VirtualFile\;C:\Program Files (x86)\Common Files\Acronis\VirtualFile64\;C:\Program Files (x86)\Common Files\Acronis\SnapAPI\;C:\Program Files\Crucial\Crucial Storage Executive;C:\Program Files\dotnet\;C:\Program Files\Microsoft SQL Server\130\Tools\Binn\;C:\Program Files\Git\cmd;C:\Program Files\nodejs\;C:\ProgramData\chocolatey\bin;C:\Program Files\Java\jdk-11.0.7\bin;C:\Users\simon\AppData\Local\GitHubDesktop\bin;C:\Users\simon\AppData\Roaming\npm
USERNAME=simon
OS=Windows_NT
PROCESSOR_IDENTIFIER=Intel64 Family 6 Model 69 Stepping 1, GenuineIntel



---------------  S Y S T E M  ---------------

OS: Windows 10 , 64 bit Build 18362 (10.0.18362.1082)
OS uptime: 1 days 4:26 hours

CPU:total 4 (initial active 4) (2 cores per cpu, 2 threads per core) family 6 model 69 stepping 1, cmov, cx8, fxsr, mmx, sse, sse2, sse3, ssse3, sse4.1, sse4.2, popcnt, avx, avx2, aes, clmul, erms, lzcnt, ht, tsc, tscinvbit, bmi1, bmi2, fma

Memory: 4k page, system-wide physical 12180M (1336M free)
TotalPageFile size 16276M (AvailPageFile size 5M)
current process WorkingSet (physical memory assigned to process): 483M, peak: 570M
current process commit charge ("private bytes"): 519M, peak: 823M

vm_info: OpenJDK 64-Bit Server VM (11.0.8+10-b944.31) for windows-amd64 JRE (11.0.8+10-b944.31), built on Aug  6 2020 12:27:04 by "" with MS VC++ 14.0 (VS2015)

END.
