#
# There is insufficient memory for the Java Runtime Environment to continue.
# Native memory allocation (malloc) failed to allocate 2135056 bytes for Chunk::new
# Possible reasons:
#   The system is out of physical RAM or swap space
#   The process is running with CompressedOops enabled, and the Java Heap may be blocking the growth of the native heap
# Possible solutions:
#   Reduce memory load on the system
#   Increase physical memory or swap space
#   Check if swap backing store is full
#   Decrease Java heap size (-Xmx/-Xms)
#   Decrease number of Java threads
#   Decrease Java thread stack sizes (-Xss)
#   Set larger code cache with -XX:ReservedCodeCacheSize=
#   JVM is running with Unscaled Compressed Oops mode in which the Java heap is
#     placed in the first 4GB address space. The Java Heap base address is the
#     maximum limit for the native heap growth. Please use -XX:HeapBaseMinAddress
#     to set the Java Heap base and to place the Java Heap above 4GB virtual address.
# This output file may be truncated or incomplete.
#
#  Out of Memory Error (./src/hotspot/share/memory/arena.cpp:197), pid=12028, tid=12332
#
# JRE version: OpenJDK Runtime Environment JBR-11.0.8.10-944.31-jcef (11.0.8+10) (build 11.0.8+10-b944.31)
# Java VM: OpenJDK 64-Bit Server VM JBR-11.0.8.10-944.31-jcef (11.0.8+10-b944.31, mixed mode, tiered, compressed oops, g1 gc, windows-amd64)
# No core dump will be written. Minidumps are not enabled by default on client versions of Windows
#

---------------  S U M M A R Y ------------

Command Line: -XX:MaxMetaspaceSize=256m -XX:+HeapDumpOnOutOfMemoryError --add-opens=java.base/java.util=ALL-UNNAMED --add-opens=java.base/java.lang=ALL-UNNAMED --add-opens=java.base/java.lang.invoke=ALL-UNNAMED --add-opens=java.prefs/java.util.prefs=ALL-UNNAMED -Xms256m -Xmx512m -Dfile.encoding=windows-1252 -Duser.country=GB -Duser.language=en -Duser.variant org.gradle.launcher.daemon.bootstrap.GradleDaemon 6.6.1

Host: Intel(R) Core(TM) i7-4510U CPU @ 2.00GHz, 4 cores, 11G,  Windows 10 , 64 bit Build 18362 (10.0.18362.1082)
Time: Thu Oct  8 13:03:38 2020 Romance Summer Time elapsed time: 6 seconds (0d 0h 0m 6s)

---------------  T H R E A D  ---------------

Current thread (0x000002b0278c3800):  JavaThread "C2 CompilerThread0" daemon [_thread_in_native, id=12332, stack(0x000000b4d0600000,0x000000b4d0700000)]


Current CompileTask:
C2:   6883 3657       4       org.objectweb.asm.ClassReader::readCode (5089 bytes)

Stack: [0x000000b4d0600000,0x000000b4d0700000]
Native frames: (J=compiled Java code, j=interpreted, Vv=VM code, C=native code)
V  [jvm.dll+0x5de35a]
V  [jvm.dll+0x712355]
V  [jvm.dll+0x7138ad]
V  [jvm.dll+0x713f63]
V  [jvm.dll+0x23e628]
V  [jvm.dll+0xb8bcc]
V  [jvm.dll+0xb90cc]
V  [jvm.dll+0x34fe4b]
V  [jvm.dll+0x31db73]
V  [jvm.dll+0x31d06a]
V  [jvm.dll+0x1f75e2]
V  [jvm.dll+0x1f67b4]
V  [jvm.dll+0x17f40c]
V  [jvm.dll+0x204ee7]
V  [jvm.dll+0x203731]
V  [jvm.dll+0x6dab8f]
V  [jvm.dll+0x6d36e5]
V  [jvm.dll+0x5dd306]
C  [ucrtbase.dll+0x20e82]
C  [KERNEL32.DLL+0x17bd4]
C  [ntdll.dll+0x6ce51]


---------------  P R O C E S S  ---------------

Threads class SMR info:
_java_thread_list=0x000002b02bbd85a0, length=48, elements={
0x000002b010f0d000, 0x000002b026f57800, 0x000002b026f58800, 0x000002b026f78000,
0x000002b026f79000, 0x000002b0278c3800, 0x000002b0278c9800, 0x000002b0278ce800,
0x000002b027a24000, 0x000002b027a42800, 0x000002b029aa5800, 0x000002b028780000,
0x000002b0293af000, 0x000002b029628800, 0x000002b028842000, 0x000002b028fbf000,
0x000002b029937800, 0x000002b02900e000, 0x000002b0298af800, 0x000002b028e29000,
0x000002b029661000, 0x000002b02965c800, 0x000002b029660800, 0x000002b029ca7800,
0x000002b02965e000, 0x000002b02965f000, 0x000002b02965f800, 0x000002b029662000,
0x000002b029663000, 0x000002b02965d000, 0x000002b029d6a000, 0x000002b029d70800,
0x000002b029d6c800, 0x000002b029d6d000, 0x000002b029d6e000, 0x000002b029d6f800,
0x000002b029d6e800, 0x000002b029d6a800, 0x000002b029d6b800, 0x000002b029b71000,
0x000002b029b73800, 0x000002b029b75000, 0x000002b029b6f800, 0x000002b029b74000,
0x000002b029b70000, 0x000002b029b76000, 0x000002b029b77800, 0x000002b029b76800
}

Java Threads: ( => current thread )
  0x000002b010f0d000 JavaThread "main" [_thread_blocked, id=3972, stack(0x000000b4cfb00000,0x000000b4cfc00000)]
  0x000002b026f57800 JavaThread "Reference Handler" daemon [_thread_blocked, id=7724, stack(0x000000b4d0200000,0x000000b4d0300000)]
  0x000002b026f58800 JavaThread "Finalizer" daemon [_thread_blocked, id=3580, stack(0x000000b4d0300000,0x000000b4d0400000)]
  0x000002b026f78000 JavaThread "Signal Dispatcher" daemon [_thread_blocked, id=13740, stack(0x000000b4d0400000,0x000000b4d0500000)]
  0x000002b026f79000 JavaThread "Attach Listener" daemon [_thread_blocked, id=9664, stack(0x000000b4d0500000,0x000000b4d0600000)]
=>0x000002b0278c3800 JavaThread "C2 CompilerThread0" daemon [_thread_in_native, id=12332, stack(0x000000b4d0600000,0x000000b4d0700000)]
  0x000002b0278c9800 JavaThread "C1 CompilerThread0" daemon [_thread_blocked, id=9644, stack(0x000000b4d0700000,0x000000b4d0800000)]
  0x000002b0278ce800 JavaThread "Sweeper thread" daemon [_thread_blocked, id=7524, stack(0x000000b4d0800000,0x000000b4d0900000)]
  0x000002b027a24000 JavaThread "Common-Cleaner" daemon [_thread_blocked, id=13280, stack(0x000000b4d0900000,0x000000b4d0a00000)]
  0x000002b027a42800 JavaThread "Service Thread" daemon [_thread_blocked, id=8408, stack(0x000000b4d0a00000,0x000000b4d0b00000)]
  0x000002b029aa5800 JavaThread "Daemon health stats" [_thread_blocked, id=6600, stack(0x000000b4d1000000,0x000000b4d1100000)]
  0x000002b028780000 JavaThread "Incoming local TCP Connector on port 50326" [_thread_in_native, id=2416, stack(0x000000b4d1200000,0x000000b4d1300000)]
  0x000002b0293af000 JavaThread "Daemon periodic checks" [_thread_blocked, id=2868, stack(0x000000b4d1300000,0x000000b4d1400000)]
  0x000002b029628800 JavaThread "Daemon" [_thread_blocked, id=7100, stack(0x000000b4d1400000,0x000000b4d1500000)]
  0x000002b028842000 JavaThread "Handler for socket connection from /127.0.0.1:50326 to /127.0.0.1:50327" [_thread_in_native, id=2528, stack(0x000000b4d1500000,0x000000b4d1600000)]
  0x000002b028fbf000 JavaThread "Cancel handler" [_thread_blocked, id=7872, stack(0x000000b4d1600000,0x000000b4d1700000)]
  0x000002b029937800 JavaThread "Daemon worker" [_thread_blocked, id=13056, stack(0x000000b4d1700000,0x000000b4d1800000)]
  0x000002b02900e000 JavaThread "Asynchronous log dispatcher for DefaultDaemonConnection: socket connection from /127.0.0.1:50326 to /127.0.0.1:50327" [_thread_blocked, id=3004, stack(0x000000b4d1800000,0x000000b4d1900000)]
  0x000002b0298af800 JavaThread "Stdin handler" [_thread_blocked, id=12920, stack(0x000000b4d1900000,0x000000b4d1a00000)]
  0x000002b028e29000 JavaThread "Thread-8" [_thread_blocked, id=9036, stack(0x000000b4d1a00000,0x000000b4d1b00000)]
  0x000002b029661000 JavaThread "Cache worker for file hash cache (C:\Users\simon\.gradle\caches\6.6.1\fileHashes)" [_thread_blocked, id=7452, stack(0x000000b4d1b00000,0x000000b4d1c00000)]
  0x000002b02965c800 JavaThread "File lock request listener" [_thread_in_native, id=12504, stack(0x000000b4d1c00000,0x000000b4d1d00000)]
  0x000002b029660800 JavaThread "Cache worker for journal cache (C:\Users\simon\.gradle\caches\journal-1)" [_thread_blocked, id=12140, stack(0x000000b4d1d00000,0x000000b4d1e00000)]
  0x000002b029ca7800 JavaThread "C2 CompilerThread1" daemon [_thread_in_native, id=13840, stack(0x000000b4d1e00000,0x000000b4d1f00000)]
  0x000002b02965e000 JavaThread "Cache worker for file hash cache (C:\Users\simon\IdeaProjects\Phone Book\.gradle\6.6.1\fileHashes)" [_thread_blocked, id=13596, stack(0x000000b4d1f00000,0x000000b4d2000000)]
  0x000002b02965f000 JavaThread "jar transforms" [_thread_blocked, id=10184, stack(0x000000b4d2000000,0x000000b4d2100000)]
  0x000002b02965f800 JavaThread "jar transforms Thread 2" [_thread_blocked, id=7400, stack(0x000000b4d2100000,0x000000b4d2200000)]
  0x000002b029662000 JavaThread "jar transforms Thread 3" [_thread_blocked, id=14296, stack(0x000000b4d2200000,0x000000b4d2300000)]
  0x000002b029663000 JavaThread "jar transforms Thread 4" [_thread_blocked, id=13228, stack(0x000000b4d2300000,0x000000b4d2400000)]
  0x000002b02965d000 JavaThread "jar transforms Thread 5" [_thread_blocked, id=11476, stack(0x000000b4d2400000,0x000000b4d2500000)]
  0x000002b029d6a000 JavaThread "jar transforms Thread 6" [_thread_blocked, id=12568, stack(0x000000b4d2500000,0x000000b4d2600000)]
  0x000002b029d70800 JavaThread "jar transforms Thread 7" [_thread_blocked, id=236, stack(0x000000b4d2600000,0x000000b4d2700000)]
  0x000002b029d6c800 JavaThread "jar transforms Thread 8" [_thread_blocked, id=5356, stack(0x000000b4d2700000,0x000000b4d2800000)]
  0x000002b029d6d000 JavaThread "jar transforms Thread 9" [_thread_blocked, id=10684, stack(0x000000b4d2800000,0x000000b4d2900000)]
  0x000002b029d6e000 JavaThread "jar transforms Thread 10" [_thread_blocked, id=13380, stack(0x000000b4d2900000,0x000000b4d2a00000)]
  0x000002b029d6f800 JavaThread "jar transforms Thread 11" [_thread_blocked, id=1972, stack(0x000000b4d2a00000,0x000000b4d2b00000)]
  0x000002b029d6e800 JavaThread "jar transforms Thread 12" [_thread_blocked, id=8900, stack(0x000000b4d2b00000,0x000000b4d2c00000)]
  0x000002b029d6a800 JavaThread "jar transforms Thread 13" [_thread_in_native, id=1672, stack(0x000000b4d2c00000,0x000000b4d2d00000)]
  0x000002b029d6b800 JavaThread "jar transforms Thread 14" [_thread_blocked, id=4216, stack(0x000000b4d2d00000,0x000000b4d2e00000)]
  0x000002b029b71000 JavaThread "jar transforms Thread 15" [_thread_blocked, id=7628, stack(0x000000b4d2e00000,0x000000b4d2f00000)]
  0x000002b029b73800 JavaThread "jar transforms Thread 16" [_thread_blocked, id=3400, stack(0x000000b4d2f00000,0x000000b4d3000000)]
  0x000002b029b75000 JavaThread "jar transforms Thread 17" [_thread_blocked, id=7096, stack(0x000000b4d3000000,0x000000b4d3100000)]
  0x000002b029b6f800 JavaThread "jar transforms Thread 18" [_thread_blocked, id=6704, stack(0x000000b4d3100000,0x000000b4d3200000)]
  0x000002b029b74000 JavaThread "Cache worker for checksums cache (C:\Users\simon\IdeaProjects\Phone Book\.gradle\checksums)" [_thread_blocked, id=8060, stack(0x000000b4d3200000,0x000000b4d3300000)]
  0x000002b029b70000 JavaThread "Cache worker for cache directory md-supplier (C:\Users\simon\.gradle\caches\6.6.1\md-supplier)" [_thread_blocked, id=6796, stack(0x000000b4d3300000,0x000000b4d3400000)]
  0x000002b029b76000 JavaThread "Cache worker for cache directory md-rule (C:\Users\simon\.gradle\caches\6.6.1\md-rule)" [_thread_blocked, id=10304, stack(0x000000b4d3400000,0x000000b4d3500000)]
  0x000002b029b77800 JavaThread "Cache worker for execution history cache (C:\Users\simon\.gradle\caches\6.6.1\executionHistory)" [_thread_blocked, id=13256, stack(0x000000b4d3500000,0x000000b4d3600000)]
  0x000002b029b76800 JavaThread "Cache worker for file content cache (C:\Users\simon\.gradle\caches\6.6.1\fileContent)" [_thread_blocked, id=4188, stack(0x000000b4d3600000,0x000000b4d3700000)]

Other Threads:
  0x000002b026f2e800 VMThread "VM Thread" [stack: 0x000000b4d0100000,0x000000b4d0200000] [id=2836]
  0x000002b027a44000 WatcherThread [stack: 0x000000b4d0b00000,0x000000b4d0c00000] [id=5944]
  0x000002b010f27800 GCTaskThread "GC Thread#0" [stack: 0x000000b4cfc00000,0x000000b4cfd00000] [id=11332]
  0x000002b02800c000 GCTaskThread "GC Thread#1" [stack: 0x000000b4d0c00000,0x000000b4d0d00000] [id=9396]
  0x000002b027f16000 GCTaskThread "GC Thread#2" [stack: 0x000000b4d0d00000,0x000000b4d0e00000] [id=1208]
  0x000002b027f25800 GCTaskThread "GC Thread#3" [stack: 0x000000b4d0e00000,0x000000b4d0f00000] [id=2000]
  0x000002b010f39800 ConcurrentGCThread "G1 Main Marker" [stack: 0x000000b4cfd00000,0x000000b4cfe00000] [id=6076]
  0x000002b010f3c000 ConcurrentGCThread "G1 Conc#0" [stack: 0x000000b4cfe00000,0x000000b4cff00000] [id=13592]
  0x000002b026dce800 ConcurrentGCThread "G1 Refine#0" [stack: 0x000000b4cff00000,0x000000b4d0000000] [id=9960]
  0x000002b010fde000 ConcurrentGCThread "G1 Young RemSet Sampling" [stack: 0x000000b4d0000000,0x000000b4d0100000] [id=10008]

Threads with active compile tasks:
C2 CompilerThread0   6919 3657       4       org.objectweb.asm.ClassReader::readCode (5089 bytes)
C2 CompilerThread1   6919 3668       4       org.objectweb.asm.ClassReader::readMethod (1061 bytes)

VM state:not at safepoint (normal execution)

VM Mutex/Monitor currently owned by a thread: None

Heap address: 0x00000000e0000000, size: 512 MB, Compressed Oops mode: 32-bit
Narrow klass base: 0x0000000000000000, Narrow klass shift: 3
Compressed class space size: 260046848 Address: 0x0000000100000000

Heap:
 garbage-first heap   total 262144K, used 107811K [0x00000000e0000000, 0x0000000100000000)
  region size 1024K, 80 young (81920K), 20 survivors (20480K)
 Metaspace       used 40243K, capacity 41185K, committed 41292K, reserved 290816K
  class space    used 5106K, capacity 5437K, committed 5452K, reserved 253952K
Heap Regions: E=young(eden), S=young(survivor), O=old, HS=humongous(starts), HC=humongous(continues), CS=collection set, F=free, A=archive, TAMS=top-at-mark-start (previous, next)
|   0|0x00000000e0000000, 0x00000000e0100000, 0x00000000e0100000|100%| O|  |TAMS 0x00000000e0100000, 0x00000000e0000000| Untracked 
|   1|0x00000000e0100000, 0x00000000e0200000, 0x00000000e0200000|100%| O|  |TAMS 0x00000000e0200000, 0x00000000e0100000| Untracked 
|   2|0x00000000e0200000, 0x00000000e0300000, 0x00000000e0300000|100%| O|  |TAMS 0x00000000e0300000, 0x00000000e0200000| Untracked 
|   3|0x00000000e0300000, 0x00000000e0400000, 0x00000000e0400000|100%|HS|  |TAMS 0x00000000e0400000, 0x00000000e0300000| Complete 
|   4|0x00000000e0400000, 0x00000000e0500000, 0x00000000e0500000|100%|HC|  |TAMS 0x00000000e0500000, 0x00000000e0400000| Complete 
|   5|0x00000000e0500000, 0x00000000e0600000, 0x00000000e0600000|100%|HC|  |TAMS 0x00000000e0600000, 0x00000000e0500000| Complete 
|   6|0x00000000e0600000, 0x00000000e0700000, 0x00000000e0700000|100%| O|  |TAMS 0x00000000e0700000, 0x00000000e0600000| Untracked 
|   7|0x00000000e0700000, 0x00000000e0800000, 0x00000000e0800000|100%| O|  |TAMS 0x00000000e0800000, 0x00000000e0700000| Untracked 
|   8|0x00000000e0800000, 0x00000000e0900000, 0x00000000e0900000|100%| O|  |TAMS 0x00000000e0900000, 0x00000000e0800000| Untracked 
|   9|0x00000000e0900000, 0x00000000e0a00000, 0x00000000e0a00000|100%| O|  |TAMS 0x00000000e0a00000, 0x00000000e0900000| Untracked 
|  10|0x00000000e0a00000, 0x00000000e0b00000, 0x00000000e0b00000|100%| O|  |TAMS 0x00000000e0b00000, 0x00000000e0a00000| Untracked 
|  11|0x00000000e0b00000, 0x00000000e0c00000, 0x00000000e0c00000|100%| O|  |TAMS 0x00000000e0c00000, 0x00000000e0b00000| Untracked 
|  12|0x00000000e0c00000, 0x00000000e0d00000, 0x00000000e0d00000|100%| O|  |TAMS 0x00000000e0cd7200, 0x00000000e0c00000| Untracked 
|  13|0x00000000e0d00000, 0x00000000e0e00000, 0x00000000e0e00000|100%|HS|  |TAMS 0x00000000e0e00000, 0x00000000e0d00000| Complete 
|  14|0x00000000e0e00000, 0x00000000e0f00000, 0x00000000e0f00000|100%|HC|  |TAMS 0x00000000e0f00000, 0x00000000e0e00000| Complete 
|  15|0x00000000e0f00000, 0x00000000e1000000, 0x00000000e1000000|100%|HS|  |TAMS 0x00000000e1000000, 0x00000000e0f00000| Complete 
|  16|0x00000000e1000000, 0x00000000e1100000, 0x00000000e1100000|100%|HC|  |TAMS 0x00000000e1100000, 0x00000000e1000000| Complete 
|  17|0x00000000e1100000, 0x00000000e1200000, 0x00000000e1200000|100%|HC|  |TAMS 0x00000000e1200000, 0x00000000e1100000| Complete 
|  18|0x00000000e1200000, 0x00000000e1300000, 0x00000000e1300000|100%|HS|  |TAMS 0x00000000e1300000, 0x00000000e1200000| Complete 
|  19|0x00000000e1300000, 0x00000000e1400000, 0x00000000e1400000|100%|HC|  |TAMS 0x00000000e1400000, 0x00000000e1300000| Complete 
|  20|0x00000000e1400000, 0x00000000e1500000, 0x00000000e1500000|100%|HC|  |TAMS 0x00000000e1500000, 0x00000000e1400000| Complete 
|  21|0x00000000e1500000, 0x00000000e1600000, 0x00000000e1600000|100%|HC|  |TAMS 0x00000000e1600000, 0x00000000e1500000| Complete 
|  22|0x00000000e1600000, 0x00000000e1600000, 0x00000000e1700000|  0%| F|  |TAMS 0x00000000e1600000, 0x00000000e1600000| Untracked 
|  23|0x00000000e1700000, 0x00000000e1700000, 0x00000000e1800000|  0%| F|  |TAMS 0x00000000e1700000, 0x00000000e1700000| Untracked 
|  24|0x00000000e1800000, 0x00000000e1800000, 0x00000000e1900000|  0%| F|  |TAMS 0x00000000e1800000, 0x00000000e1800000| Untracked 
|  25|0x00000000e1900000, 0x00000000e1a00000, 0x00000000e1a00000|100%|HS|  |TAMS 0x00000000e1900000, 0x00000000e1900000| Complete 
|  26|0x00000000e1a00000, 0x00000000e1b00000, 0x00000000e1b00000|100%|HC|  |TAMS 0x00000000e1a00000, 0x00000000e1a00000| Complete 
|  27|0x00000000e1b00000, 0x00000000e1c00000, 0x00000000e1c00000|100%|HC|  |TAMS 0x00000000e1b00000, 0x00000000e1b00000| Complete 
|  28|0x00000000e1c00000, 0x00000000e1d00000, 0x00000000e1d00000|100%|HC|  |TAMS 0x00000000e1c00000, 0x00000000e1c00000| Complete 
|  29|0x00000000e1d00000, 0x00000000e1d48c00, 0x00000000e1e00000| 28%| O|  |TAMS 0x00000000e1d00000, 0x00000000e1d00000| Untracked 
|  30|0x00000000e1e00000, 0x00000000e1e00000, 0x00000000e1f00000|  0%| F|  |TAMS 0x00000000e1e00000, 0x00000000e1e00000| Untracked 
|  31|0x00000000e1f00000, 0x00000000e1f00000, 0x00000000e2000000|  0%| F|  |TAMS 0x00000000e1f00000, 0x00000000e1f00000| Untracked 
|  32|0x00000000e2000000, 0x00000000e2000000, 0x00000000e2100000|  0%| F|  |TAMS 0x00000000e2000000, 0x00000000e2000000| Untracked 
|  33|0x00000000e2100000, 0x00000000e2100000, 0x00000000e2200000|  0%| F|  |TAMS 0x00000000e2100000, 0x00000000e2100000| Untracked 
|  34|0x00000000e2200000, 0x00000000e2200000, 0x00000000e2300000|  0%| F|  |TAMS 0x00000000e2200000, 0x00000000e2200000| Untracked 
|  35|0x00000000e2300000, 0x00000000e2300000, 0x00000000e2400000|  0%| F|  |TAMS 0x00000000e2300000, 0x00000000e2300000| Untracked 
|  36|0x00000000e2400000, 0x00000000e2400000, 0x00000000e2500000|  0%| F|  |TAMS 0x00000000e2400000, 0x00000000e2400000| Untracked 
|  37|0x00000000e2500000, 0x00000000e2500000, 0x00000000e2600000|  0%| F|  |TAMS 0x00000000e2500000, 0x00000000e2500000| Untracked 
|  38|0x00000000e2600000, 0x00000000e2600000, 0x00000000e2700000|  0%| F|  |TAMS 0x00000000e2600000, 0x00000000e2600000| Untracked 
|  39|0x00000000e2700000, 0x00000000e2700000, 0x00000000e2800000|  0%| F|  |TAMS 0x00000000e2700000, 0x00000000e2700000| Untracked 
|  40|0x00000000e2800000, 0x00000000e2800000, 0x00000000e2900000|  0%| F|  |TAMS 0x00000000e2800000, 0x00000000e2800000| Untracked 
|  41|0x00000000e2900000, 0x00000000e2900000, 0x00000000e2a00000|  0%| F|  |TAMS 0x00000000e2900000, 0x00000000e2900000| Untracked 
|  42|0x00000000e2a00000, 0x00000000e2a00000, 0x00000000e2b00000|  0%| F|  |TAMS 0x00000000e2a00000, 0x00000000e2a00000| Untracked 
|  43|0x00000000e2b00000, 0x00000000e2b00000, 0x00000000e2c00000|  0%| F|  |TAMS 0x00000000e2b00000, 0x00000000e2b00000| Untracked 
|  44|0x00000000e2c00000, 0x00000000e2c00000, 0x00000000e2d00000|  0%| F|  |TAMS 0x00000000e2c00000, 0x00000000e2c00000| Untracked 
|  45|0x00000000e2d00000, 0x00000000e2d00000, 0x00000000e2e00000|  0%| F|  |TAMS 0x00000000e2d00000, 0x00000000e2d00000| Untracked 
|  46|0x00000000e2e00000, 0x00000000e2e00000, 0x00000000e2f00000|  0%| F|  |TAMS 0x00000000e2e00000, 0x00000000e2e00000| Untracked 
|  47|0x00000000e2f00000, 0x00000000e2f00000, 0x00000000e3000000|  0%| F|  |TAMS 0x00000000e2f00000, 0x00000000e2f00000| Untracked 
|  48|0x00000000e3000000, 0x00000000e3000000, 0x00000000e3100000|  0%| F|  |TAMS 0x00000000e3000000, 0x00000000e3000000| Untracked 
|  49|0x00000000e3100000, 0x00000000e3100000, 0x00000000e3200000|  0%| F|  |TAMS 0x00000000e3100000, 0x00000000e3100000| Untracked 
|  50|0x00000000e3200000, 0x00000000e3200000, 0x00000000e3300000|  0%| F|  |TAMS 0x00000000e3200000, 0x00000000e3200000| Untracked 
|  51|0x00000000e3300000, 0x00000000e3300000, 0x00000000e3400000|  0%| F|  |TAMS 0x00000000e3300000, 0x00000000e3300000| Untracked 
|  52|0x00000000e3400000, 0x00000000e3400000, 0x00000000e3500000|  0%| F|  |TAMS 0x00000000e3400000, 0x00000000e3400000| Untracked 
|  53|0x00000000e3500000, 0x00000000e3500000, 0x00000000e3600000|  0%| F|  |TAMS 0x00000000e3500000, 0x00000000e3500000| Untracked 
|  54|0x00000000e3600000, 0x00000000e3600000, 0x00000000e3700000|  0%| F|  |TAMS 0x00000000e3600000, 0x00000000e3600000| Untracked 
|  55|0x00000000e3700000, 0x00000000e3700000, 0x00000000e3800000|  0%| F|  |TAMS 0x00000000e3700000, 0x00000000e3700000| Untracked 
|  56|0x00000000e3800000, 0x00000000e3800000, 0x00000000e3900000|  0%| F|  |TAMS 0x00000000e3800000, 0x00000000e3800000| Untracked 
|  57|0x00000000e3900000, 0x00000000e3900000, 0x00000000e3a00000|  0%| F|  |TAMS 0x00000000e3900000, 0x00000000e3900000| Untracked 
|  58|0x00000000e3a00000, 0x00000000e3a00000, 0x00000000e3b00000|  0%| F|  |TAMS 0x00000000e3a00000, 0x00000000e3a00000| Untracked 
|  59|0x00000000e3b00000, 0x00000000e3b00000, 0x00000000e3c00000|  0%| F|  |TAMS 0x00000000e3b00000, 0x00000000e3b00000| Untracked 
|  60|0x00000000e3c00000, 0x00000000e3c00000, 0x00000000e3d00000|  0%| F|  |TAMS 0x00000000e3c00000, 0x00000000e3c00000| Untracked 
|  61|0x00000000e3d00000, 0x00000000e3d00000, 0x00000000e3e00000|  0%| F|  |TAMS 0x00000000e3d00000, 0x00000000e3d00000| Untracked 
|  62|0x00000000e3e00000, 0x00000000e3e00000, 0x00000000e3f00000|  0%| F|  |TAMS 0x00000000e3e00000, 0x00000000e3e00000| Untracked 
|  63|0x00000000e3f00000, 0x00000000e3f00000, 0x00000000e4000000|  0%| F|  |TAMS 0x00000000e3f00000, 0x00000000e3f00000| Untracked 
|  64|0x00000000e4000000, 0x00000000e4000000, 0x00000000e4100000|  0%| F|  |TAMS 0x00000000e4000000, 0x00000000e4000000| Untracked 
|  65|0x00000000e4100000, 0x00000000e4100000, 0x00000000e4200000|  0%| F|  |TAMS 0x00000000e4100000, 0x00000000e4100000| Untracked 
|  66|0x00000000e4200000, 0x00000000e4200000, 0x00000000e4300000|  0%| F|  |TAMS 0x00000000e4200000, 0x00000000e4200000| Untracked 
|  67|0x00000000e4300000, 0x00000000e4300000, 0x00000000e4400000|  0%| F|  |TAMS 0x00000000e4300000, 0x00000000e4300000| Untracked 
|  68|0x00000000e4400000, 0x00000000e4400000, 0x00000000e4500000|  0%| F|  |TAMS 0x00000000e4400000, 0x00000000e4400000| Untracked 
|  69|0x00000000e4500000, 0x00000000e4500000, 0x00000000e4600000|  0%| F|  |TAMS 0x00000000e4500000, 0x00000000e4500000| Untracked 
|  70|0x00000000e4600000, 0x00000000e4600000, 0x00000000e4700000|  0%| F|  |TAMS 0x00000000e4600000, 0x00000000e4600000| Untracked 
|  71|0x00000000e4700000, 0x00000000e4700000, 0x00000000e4800000|  0%| F|  |TAMS 0x00000000e4700000, 0x00000000e4700000| Untracked 
|  72|0x00000000e4800000, 0x00000000e4800000, 0x00000000e4900000|  0%| F|  |TAMS 0x00000000e4800000, 0x00000000e4800000| Untracked 
|  73|0x00000000e4900000, 0x00000000e4900000, 0x00000000e4a00000|  0%| F|  |TAMS 0x00000000e4900000, 0x00000000e4900000| Untracked 
|  74|0x00000000e4a00000, 0x00000000e4a00000, 0x00000000e4b00000|  0%| F|  |TAMS 0x00000000e4a00000, 0x00000000e4a00000| Untracked 
|  75|0x00000000e4b00000, 0x00000000e4b00000, 0x00000000e4c00000|  0%| F|  |TAMS 0x00000000e4b00000, 0x00000000e4b00000| Untracked 
|  76|0x00000000e4c00000, 0x00000000e4c00000, 0x00000000e4d00000|  0%| F|  |TAMS 0x00000000e4c00000, 0x00000000e4c00000| Untracked 
|  77|0x00000000e4d00000, 0x00000000e4d00000, 0x00000000e4e00000|  0%| F|  |TAMS 0x00000000e4d00000, 0x00000000e4d00000| Untracked 
|  78|0x00000000e4e00000, 0x00000000e4e00000, 0x00000000e4f00000|  0%| F|  |TAMS 0x00000000e4e00000, 0x00000000e4e00000| Untracked 
|  79|0x00000000e4f00000, 0x00000000e4f00000, 0x00000000e5000000|  0%| F|  |TAMS 0x00000000e4f00000, 0x00000000e4f00000| Untracked 
|  80|0x00000000e5000000, 0x00000000e5000000, 0x00000000e5100000|  0%| F|  |TAMS 0x00000000e5000000, 0x00000000e5000000| Untracked 
|  81|0x00000000e5100000, 0x00000000e5100000, 0x00000000e5200000|  0%| F|  |TAMS 0x00000000e5100000, 0x00000000e5100000| Untracked 
|  82|0x00000000e5200000, 0x00000000e5200000, 0x00000000e5300000|  0%| F|  |TAMS 0x00000000e5200000, 0x00000000e5200000| Untracked 
|  83|0x00000000e5300000, 0x00000000e5400000, 0x00000000e5400000|100%| S|CS|TAMS 0x00000000e5300000, 0x00000000e5300000| Complete 
|  84|0x00000000e5400000, 0x00000000e5500000, 0x00000000e5500000|100%| S|CS|TAMS 0x00000000e5400000, 0x00000000e5400000| Complete 
|  85|0x00000000e5500000, 0x00000000e5600000, 0x00000000e5600000|100%| S|CS|TAMS 0x00000000e5500000, 0x00000000e5500000| Complete 
|  86|0x00000000e5600000, 0x00000000e5700000, 0x00000000e5700000|100%| S|CS|TAMS 0x00000000e5600000, 0x00000000e5600000| Complete 
|  87|0x00000000e5700000, 0x00000000e5800000, 0x00000000e5800000|100%| S|CS|TAMS 0x00000000e5700000, 0x00000000e5700000| Complete 
|  88|0x00000000e5800000, 0x00000000e5900000, 0x00000000e5900000|100%| S|CS|TAMS 0x00000000e5800000, 0x00000000e5800000| Complete 
|  89|0x00000000e5900000, 0x00000000e5a00000, 0x00000000e5a00000|100%| S|CS|TAMS 0x00000000e5900000, 0x00000000e5900000| Complete 
|  90|0x00000000e5a00000, 0x00000000e5b00000, 0x00000000e5b00000|100%| S|CS|TAMS 0x00000000e5a00000, 0x00000000e5a00000| Complete 
|  91|0x00000000e5b00000, 0x00000000e5c00000, 0x00000000e5c00000|100%| S|CS|TAMS 0x00000000e5b00000, 0x00000000e5b00000| Complete 
|  92|0x00000000e5c00000, 0x00000000e5d00000, 0x00000000e5d00000|100%| S|CS|TAMS 0x00000000e5c00000, 0x00000000e5c00000| Complete 
|  93|0x00000000e5d00000, 0x00000000e5e00000, 0x00000000e5e00000|100%| S|CS|TAMS 0x00000000e5d00000, 0x00000000e5d00000| Complete 
|  94|0x00000000e5e00000, 0x00000000e5f00000, 0x00000000e5f00000|100%| S|CS|TAMS 0x00000000e5e00000, 0x00000000e5e00000| Complete 
|  95|0x00000000e5f00000, 0x00000000e6000000, 0x00000000e6000000|100%| S|CS|TAMS 0x00000000e5f00000, 0x00000000e5f00000| Complete 
|  96|0x00000000e6000000, 0x00000000e6100000, 0x00000000e6100000|100%| S|CS|TAMS 0x00000000e6000000, 0x00000000e6000000| Complete 
|  97|0x00000000e6100000, 0x00000000e6200000, 0x00000000e6200000|100%| S|CS|TAMS 0x00000000e6100000, 0x00000000e6100000| Complete 
|  98|0x00000000e6200000, 0x00000000e6300000, 0x00000000e6300000|100%| S|CS|TAMS 0x00000000e6200000, 0x00000000e6200000| Complete 
|  99|0x00000000e6300000, 0x00000000e6400000, 0x00000000e6400000|100%| S|CS|TAMS 0x00000000e6300000, 0x00000000e6300000| Complete 
| 100|0x00000000e6400000, 0x00000000e6500000, 0x00000000e6500000|100%| S|CS|TAMS 0x00000000e6400000, 0x00000000e6400000| Complete 
| 101|0x00000000e6500000, 0x00000000e6600000, 0x00000000e6600000|100%| S|CS|TAMS 0x00000000e6500000, 0x00000000e6500000| Complete 
| 102|0x00000000e6600000, 0x00000000e6700000, 0x00000000e6700000|100%| S|CS|TAMS 0x00000000e6600000, 0x00000000e6600000| Complete 
| 103|0x00000000e6700000, 0x00000000e6700000, 0x00000000e6800000|  0%| F|  |TAMS 0x00000000e6700000, 0x00000000e6700000| Untracked 
| 104|0x00000000e6800000, 0x00000000e6800000, 0x00000000e6900000|  0%| F|  |TAMS 0x00000000e6800000, 0x00000000e6800000| Untracked 
| 105|0x00000000e6900000, 0x00000000e6900000, 0x00000000e6a00000|  0%| F|  |TAMS 0x00000000e6900000, 0x00000000e6900000| Untracked 
| 106|0x00000000e6a00000, 0x00000000e6a00000, 0x00000000e6b00000|  0%| F|  |TAMS 0x00000000e6a00000, 0x00000000e6a00000| Untracked 
| 107|0x00000000e6b00000, 0x00000000e6b00000, 0x00000000e6c00000|  0%| F|  |TAMS 0x00000000e6b00000, 0x00000000e6b00000| Untracked 
| 108|0x00000000e6c00000, 0x00000000e6c00000, 0x00000000e6d00000|  0%| F|  |TAMS 0x00000000e6c00000, 0x00000000e6c00000| Untracked 
| 109|0x00000000e6d00000, 0x00000000e6d00000, 0x00000000e6e00000|  0%| F|  |TAMS 0x00000000e6d00000, 0x00000000e6d00000| Untracked 
| 110|0x00000000e6e00000, 0x00000000e6e00000, 0x00000000e6f00000|  0%| F|  |TAMS 0x00000000e6e00000, 0x00000000e6e00000| Untracked 
| 111|0x00000000e6f00000, 0x00000000e6f00000, 0x00000000e7000000|  0%| F|  |TAMS 0x00000000e6f00000, 0x00000000e6f00000| Untracked 
| 112|0x00000000e7000000, 0x00000000e7000000, 0x00000000e7100000|  0%| F|  |TAMS 0x00000000e7000000, 0x00000000e7000000| Untracked 
| 113|0x00000000e7100000, 0x00000000e7100000, 0x00000000e7200000|  0%| F|  |TAMS 0x00000000e7100000, 0x00000000e7100000| Untracked 
| 114|0x00000000e7200000, 0x00000000e7200000, 0x00000000e7300000|  0%| F|  |TAMS 0x00000000e7200000, 0x00000000e7200000| Untracked 
| 115|0x00000000e7300000, 0x00000000e7300000, 0x00000000e7400000|  0%| F|  |TAMS 0x00000000e7300000, 0x00000000e7300000| Untracked 
| 116|0x00000000e7400000, 0x00000000e7400000, 0x00000000e7500000|  0%| F|  |TAMS 0x00000000e7400000, 0x00000000e7400000| Untracked 
| 117|0x00000000e7500000, 0x00000000e7500000, 0x00000000e7600000|  0%| F|  |TAMS 0x00000000e7500000, 0x00000000e7500000| Untracked 
| 118|0x00000000e7600000, 0x00000000e7600000, 0x00000000e7700000|  0%| F|  |TAMS 0x00000000e7600000, 0x00000000e7600000| Untracked 
| 119|0x00000000e7700000, 0x00000000e7700000, 0x00000000e7800000|  0%| F|  |TAMS 0x00000000e7700000, 0x00000000e7700000| Untracked 
| 120|0x00000000e7800000, 0x00000000e7800000, 0x00000000e7900000|  0%| F|  |TAMS 0x00000000e7800000, 0x00000000e7800000| Untracked 
| 121|0x00000000e7900000, 0x00000000e7900000, 0x00000000e7a00000|  0%| F|  |TAMS 0x00000000e7900000, 0x00000000e7900000| Untracked 
| 122|0x00000000e7a00000, 0x00000000e7a00000, 0x00000000e7b00000|  0%| F|  |TAMS 0x00000000e7a00000, 0x00000000e7a00000| Untracked 
| 123|0x00000000e7b00000, 0x00000000e7b00000, 0x00000000e7c00000|  0%| F|  |TAMS 0x00000000e7b00000, 0x00000000e7b00000| Untracked 
| 124|0x00000000e7c00000, 0x00000000e7c00000, 0x00000000e7d00000|  0%| F|  |TAMS 0x00000000e7c00000, 0x00000000e7c00000| Untracked 
| 125|0x00000000e7d00000, 0x00000000e7d00000, 0x00000000e7e00000|  0%| F|  |TAMS 0x00000000e7d00000, 0x00000000e7d00000| Untracked 
| 126|0x00000000e7e00000, 0x00000000e7e00000, 0x00000000e7f00000|  0%| F|  |TAMS 0x00000000e7e00000, 0x00000000e7e00000| Untracked 
| 127|0x00000000e7f00000, 0x00000000e7f00000, 0x00000000e8000000|  0%| F|  |TAMS 0x00000000e7f00000, 0x00000000e7f00000| Untracked 
| 128|0x00000000e8000000, 0x00000000e8000000, 0x00000000e8100000|  0%| F|  |TAMS 0x00000000e8000000, 0x00000000e8000000| Untracked 
| 129|0x00000000e8100000, 0x00000000e8100000, 0x00000000e8200000|  0%| F|  |TAMS 0x00000000e8100000, 0x00000000e8100000| Untracked 
| 130|0x00000000e8200000, 0x00000000e8200000, 0x00000000e8300000|  0%| F|  |TAMS 0x00000000e8200000, 0x00000000e8200000| Untracked 
| 131|0x00000000e8300000, 0x00000000e8300000, 0x00000000e8400000|  0%| F|  |TAMS 0x00000000e8300000, 0x00000000e8300000| Untracked 
| 132|0x00000000e8400000, 0x00000000e8400000, 0x00000000e8500000|  0%| F|  |TAMS 0x00000000e8400000, 0x00000000e8400000| Untracked 
| 133|0x00000000e8500000, 0x00000000e8500000, 0x00000000e8600000|  0%| F|  |TAMS 0x00000000e8500000, 0x00000000e8500000| Untracked 
| 134|0x00000000e8600000, 0x00000000e8600000, 0x00000000e8700000|  0%| F|  |TAMS 0x00000000e8600000, 0x00000000e8600000| Untracked 
| 135|0x00000000e8700000, 0x00000000e8700000, 0x00000000e8800000|  0%| F|  |TAMS 0x00000000e8700000, 0x00000000e8700000| Untracked 
| 136|0x00000000e8800000, 0x00000000e8800000, 0x00000000e8900000|  0%| F|  |TAMS 0x00000000e8800000, 0x00000000e8800000| Untracked 
| 137|0x00000000e8900000, 0x00000000e8900000, 0x00000000e8a00000|  0%| F|  |TAMS 0x00000000e8900000, 0x00000000e8900000| Untracked 
| 138|0x00000000e8a00000, 0x00000000e8a00000, 0x00000000e8b00000|  0%| F|  |TAMS 0x00000000e8a00000, 0x00000000e8a00000| Untracked 
| 139|0x00000000e8b00000, 0x00000000e8b00000, 0x00000000e8c00000|  0%| F|  |TAMS 0x00000000e8b00000, 0x00000000e8b00000| Untracked 
| 140|0x00000000e8c00000, 0x00000000e8c00000, 0x00000000e8d00000|  0%| F|  |TAMS 0x00000000e8c00000, 0x00000000e8c00000| Untracked 
| 141|0x00000000e8d00000, 0x00000000e8d00000, 0x00000000e8e00000|  0%| F|  |TAMS 0x00000000e8d00000, 0x00000000e8d00000| Untracked 
| 142|0x00000000e8e00000, 0x00000000e8e00000, 0x00000000e8f00000|  0%| F|  |TAMS 0x00000000e8e00000, 0x00000000e8e00000| Untracked 
| 143|0x00000000e8f00000, 0x00000000e8f00000, 0x00000000e9000000|  0%| F|  |TAMS 0x00000000e8f00000, 0x00000000e8f00000| Untracked 
| 144|0x00000000e9000000, 0x00000000e9000000, 0x00000000e9100000|  0%| F|  |TAMS 0x00000000e9000000, 0x00000000e9000000| Untracked 
| 145|0x00000000e9100000, 0x00000000e9100000, 0x00000000e9200000|  0%| F|  |TAMS 0x00000000e9100000, 0x00000000e9100000| Untracked 
| 146|0x00000000e9200000, 0x00000000e9200000, 0x00000000e9300000|  0%| F|  |TAMS 0x00000000e9200000, 0x00000000e9200000| Untracked 
| 147|0x00000000e9300000, 0x00000000e9300000, 0x00000000e9400000|  0%| F|  |TAMS 0x00000000e9300000, 0x00000000e9300000| Untracked 
| 148|0x00000000e9400000, 0x00000000e9400000, 0x00000000e9500000|  0%| F|  |TAMS 0x00000000e9400000, 0x00000000e9400000| Untracked 
| 149|0x00000000e9500000, 0x00000000e9500000, 0x00000000e9600000|  0%| F|  |TAMS 0x00000000e9500000, 0x00000000e9500000| Untracked 
| 150|0x00000000e9600000, 0x00000000e9600000, 0x00000000e9700000|  0%| F|  |TAMS 0x00000000e9600000, 0x00000000e9600000| Untracked 
| 151|0x00000000e9700000, 0x00000000e9700000, 0x00000000e9800000|  0%| F|  |TAMS 0x00000000e9700000, 0x00000000e9700000| Untracked 
| 152|0x00000000e9800000, 0x00000000e9800000, 0x00000000e9900000|  0%| F|  |TAMS 0x00000000e9800000, 0x00000000e9800000| Untracked 
| 153|0x00000000e9900000, 0x00000000e9900000, 0x00000000e9a00000|  0%| F|  |TAMS 0x00000000e9900000, 0x00000000e9900000| Untracked 
| 154|0x00000000e9a00000, 0x00000000e9a00000, 0x00000000e9b00000|  0%| F|  |TAMS 0x00000000e9a00000, 0x00000000e9a00000| Untracked 
| 155|0x00000000e9b00000, 0x00000000e9b00000, 0x00000000e9c00000|  0%| F|  |TAMS 0x00000000e9b00000, 0x00000000e9b00000| Untracked 
| 156|0x00000000e9c00000, 0x00000000e9c00000, 0x00000000e9d00000|  0%| F|  |TAMS 0x00000000e9c00000, 0x00000000e9c00000| Untracked 
| 157|0x00000000e9d00000, 0x00000000e9d00000, 0x00000000e9e00000|  0%| F|  |TAMS 0x00000000e9d00000, 0x00000000e9d00000| Untracked 
| 158|0x00000000e9e00000, 0x00000000e9e00000, 0x00000000e9f00000|  0%| F|  |TAMS 0x00000000e9e00000, 0x00000000e9e00000| Untracked 
| 159|0x00000000e9f00000, 0x00000000e9f00000, 0x00000000ea000000|  0%| F|  |TAMS 0x00000000e9f00000, 0x00000000e9f00000| Untracked 
| 160|0x00000000ea000000, 0x00000000ea000000, 0x00000000ea100000|  0%| F|  |TAMS 0x00000000ea000000, 0x00000000ea000000| Untracked 
| 161|0x00000000ea100000, 0x00000000ea100000, 0x00000000ea200000|  0%| F|  |TAMS 0x00000000ea100000, 0x00000000ea100000| Untracked 
| 162|0x00000000ea200000, 0x00000000ea200000, 0x00000000ea300000|  0%| F|  |TAMS 0x00000000ea200000, 0x00000000ea200000| Untracked 
| 163|0x00000000ea300000, 0x00000000ea300000, 0x00000000ea400000|  0%| F|  |TAMS 0x00000000ea300000, 0x00000000ea300000| Untracked 
| 164|0x00000000ea400000, 0x00000000ea400000, 0x00000000ea500000|  0%| F|  |TAMS 0x00000000ea400000, 0x00000000ea400000| Untracked 
| 165|0x00000000ea500000, 0x00000000ea500000, 0x00000000ea600000|  0%| F|  |TAMS 0x00000000ea500000, 0x00000000ea500000| Untracked 
| 166|0x00000000ea600000, 0x00000000ea600000, 0x00000000ea700000|  0%| F|  |TAMS 0x00000000ea600000, 0x00000000ea600000| Untracked 
| 167|0x00000000ea700000, 0x00000000ea700000, 0x00000000ea800000|  0%| F|  |TAMS 0x00000000ea700000, 0x00000000ea700000| Untracked 
| 168|0x00000000ea800000, 0x00000000ea800000, 0x00000000ea900000|  0%| F|  |TAMS 0x00000000ea800000, 0x00000000ea800000| Untracked 
| 169|0x00000000ea900000, 0x00000000ea900000, 0x00000000eaa00000|  0%| F|  |TAMS 0x00000000ea900000, 0x00000000ea900000| Untracked 
| 170|0x00000000eaa00000, 0x00000000eaa00000, 0x00000000eab00000|  0%| F|  |TAMS 0x00000000eaa00000, 0x00000000eaa00000| Untracked 
| 171|0x00000000eab00000, 0x00000000eab00000, 0x00000000eac00000|  0%| F|  |TAMS 0x00000000eab00000, 0x00000000eab00000| Untracked 
| 172|0x00000000eac00000, 0x00000000eac00000, 0x00000000ead00000|  0%| F|  |TAMS 0x00000000eac00000, 0x00000000eac00000| Untracked 
| 173|0x00000000ead00000, 0x00000000ead00000, 0x00000000eae00000|  0%| F|  |TAMS 0x00000000ead00000, 0x00000000ead00000| Untracked 
| 174|0x00000000eae00000, 0x00000000eae00000, 0x00000000eaf00000|  0%| F|  |TAMS 0x00000000eae00000, 0x00000000eae00000| Untracked 
| 175|0x00000000eaf00000, 0x00000000eaf00000, 0x00000000eb000000|  0%| F|  |TAMS 0x00000000eaf00000, 0x00000000eaf00000| Untracked 
| 176|0x00000000eb000000, 0x00000000eb000000, 0x00000000eb100000|  0%| F|  |TAMS 0x00000000eb000000, 0x00000000eb000000| Untracked 
| 177|0x00000000eb100000, 0x00000000eb100000, 0x00000000eb200000|  0%| F|  |TAMS 0x00000000eb100000, 0x00000000eb100000| Untracked 
| 178|0x00000000eb200000, 0x00000000eb200000, 0x00000000eb300000|  0%| F|  |TAMS 0x00000000eb200000, 0x00000000eb200000| Untracked 
| 179|0x00000000eb300000, 0x00000000eb300000, 0x00000000eb400000|  0%| F|  |TAMS 0x00000000eb300000, 0x00000000eb300000| Untracked 
| 180|0x00000000eb400000, 0x00000000eb400000, 0x00000000eb500000|  0%| F|  |TAMS 0x00000000eb400000, 0x00000000eb400000| Untracked 
| 181|0x00000000eb500000, 0x00000000eb500000, 0x00000000eb600000|  0%| F|  |TAMS 0x00000000eb500000, 0x00000000eb500000| Untracked 
| 182|0x00000000eb600000, 0x00000000eb600000, 0x00000000eb700000|  0%| F|  |TAMS 0x00000000eb600000, 0x00000000eb600000| Untracked 
| 183|0x00000000eb700000, 0x00000000eb700000, 0x00000000eb800000|  0%| F|  |TAMS 0x00000000eb700000, 0x00000000eb700000| Untracked 
| 184|0x00000000eb800000, 0x00000000eb800000, 0x00000000eb900000|  0%| F|  |TAMS 0x00000000eb800000, 0x00000000eb800000| Untracked 
| 185|0x00000000eb900000, 0x00000000eb900000, 0x00000000eba00000|  0%| F|  |TAMS 0x00000000eb900000, 0x00000000eb900000| Untracked 
| 186|0x00000000eba00000, 0x00000000eba00000, 0x00000000ebb00000|  0%| F|  |TAMS 0x00000000eba00000, 0x00000000eba00000| Untracked 
| 187|0x00000000ebb00000, 0x00000000ebb00000, 0x00000000ebc00000|  0%| F|  |TAMS 0x00000000ebb00000, 0x00000000ebb00000| Untracked 
| 188|0x00000000ebc00000, 0x00000000ebc00000, 0x00000000ebd00000|  0%| F|  |TAMS 0x00000000ebc00000, 0x00000000ebc00000| Untracked 
| 189|0x00000000ebd00000, 0x00000000ebd00000, 0x00000000ebe00000|  0%| F|  |TAMS 0x00000000ebd00000, 0x00000000ebd00000| Untracked 
| 190|0x00000000ebe00000, 0x00000000ebe00000, 0x00000000ebf00000|  0%| F|  |TAMS 0x00000000ebe00000, 0x00000000ebe00000| Untracked 
| 191|0x00000000ebf00000, 0x00000000ebf00000, 0x00000000ec000000|  0%| F|  |TAMS 0x00000000ebf00000, 0x00000000ebf00000| Untracked 
| 192|0x00000000ec000000, 0x00000000ec000000, 0x00000000ec100000|  0%| F|  |TAMS 0x00000000ec000000, 0x00000000ec000000| Untracked 
| 193|0x00000000ec100000, 0x00000000ec100000, 0x00000000ec200000|  0%| F|  |TAMS 0x00000000ec100000, 0x00000000ec100000| Untracked 
| 194|0x00000000ec200000, 0x00000000ec280800, 0x00000000ec300000| 50%| E|  |TAMS 0x00000000ec200000, 0x00000000ec200000| Complete 
| 195|0x00000000ec300000, 0x00000000ec400000, 0x00000000ec400000|100%| E|CS|TAMS 0x00000000ec300000, 0x00000000ec300000| Complete 
| 196|0x00000000ec400000, 0x00000000ec500000, 0x00000000ec500000|100%| E|CS|TAMS 0x00000000ec400000, 0x00000000ec400000| Complete 
| 197|0x00000000ec500000, 0x00000000ec600000, 0x00000000ec600000|100%| E|CS|TAMS 0x00000000ec500000, 0x00000000ec500000| Complete 
| 198|0x00000000ec600000, 0x00000000ec700000, 0x00000000ec700000|100%| E|CS|TAMS 0x00000000ec600000, 0x00000000ec600000| Complete 
| 199|0x00000000ec700000, 0x00000000ec800000, 0x00000000ec800000|100%| E|CS|TAMS 0x00000000ec700000, 0x00000000ec700000| Complete 
| 200|0x00000000ec800000, 0x00000000ec900000, 0x00000000ec900000|100%| E|CS|TAMS 0x00000000ec800000, 0x00000000ec800000| Complete 
| 201|0x00000000ec900000, 0x00000000eca00000, 0x00000000eca00000|100%| E|CS|TAMS 0x00000000ec900000, 0x00000000ec900000| Complete 
| 202|0x00000000eca00000, 0x00000000ecb00000, 0x00000000ecb00000|100%| E|CS|TAMS 0x00000000eca00000, 0x00000000eca00000| Complete 
| 203|0x00000000ecb00000, 0x00000000ecc00000, 0x00000000ecc00000|100%| E|CS|TAMS 0x00000000ecb00000, 0x00000000ecb00000| Complete 
| 204|0x00000000ecc00000, 0x00000000ecd00000, 0x00000000ecd00000|100%| E|CS|TAMS 0x00000000ecc00000, 0x00000000ecc00000| Complete 
| 205|0x00000000ecd00000, 0x00000000ece00000, 0x00000000ece00000|100%| E|CS|TAMS 0x00000000ecd00000, 0x00000000ecd00000| Complete 
| 206|0x00000000ece00000, 0x00000000ecf00000, 0x00000000ecf00000|100%| E|CS|TAMS 0x00000000ece00000, 0x00000000ece00000| Complete 
| 207|0x00000000ecf00000, 0x00000000ed000000, 0x00000000ed000000|100%| E|CS|TAMS 0x00000000ecf00000, 0x00000000ecf00000| Complete 
| 208|0x00000000ed000000, 0x00000000ed100000, 0x00000000ed100000|100%| E|CS|TAMS 0x00000000ed000000, 0x00000000ed000000| Complete 
| 209|0x00000000ed100000, 0x00000000ed200000, 0x00000000ed200000|100%| E|CS|TAMS 0x00000000ed100000, 0x00000000ed100000| Complete 
| 210|0x00000000ed200000, 0x00000000ed300000, 0x00000000ed300000|100%| E|CS|TAMS 0x00000000ed200000, 0x00000000ed200000| Complete 
| 211|0x00000000ed300000, 0x00000000ed400000, 0x00000000ed400000|100%| E|CS|TAMS 0x00000000ed300000, 0x00000000ed300000| Complete 
| 212|0x00000000ed400000, 0x00000000ed500000, 0x00000000ed500000|100%| E|CS|TAMS 0x00000000ed400000, 0x00000000ed400000| Complete 
| 213|0x00000000ed500000, 0x00000000ed600000, 0x00000000ed600000|100%| E|CS|TAMS 0x00000000ed500000, 0x00000000ed500000| Complete 
| 214|0x00000000ed600000, 0x00000000ed700000, 0x00000000ed700000|100%| E|CS|TAMS 0x00000000ed600000, 0x00000000ed600000| Complete 
| 215|0x00000000ed700000, 0x00000000ed800000, 0x00000000ed800000|100%| E|CS|TAMS 0x00000000ed700000, 0x00000000ed700000| Complete 
| 216|0x00000000ed800000, 0x00000000ed900000, 0x00000000ed900000|100%| E|CS|TAMS 0x00000000ed800000, 0x00000000ed800000| Complete 
| 217|0x00000000ed900000, 0x00000000eda00000, 0x00000000eda00000|100%| E|CS|TAMS 0x00000000ed900000, 0x00000000ed900000| Complete 
| 218|0x00000000eda00000, 0x00000000edb00000, 0x00000000edb00000|100%| E|CS|TAMS 0x00000000eda00000, 0x00000000eda00000| Complete 
| 219|0x00000000edb00000, 0x00000000edc00000, 0x00000000edc00000|100%| E|CS|TAMS 0x00000000edb00000, 0x00000000edb00000| Complete 
| 220|0x00000000edc00000, 0x00000000edd00000, 0x00000000edd00000|100%| E|CS|TAMS 0x00000000edc00000, 0x00000000edc00000| Complete 
| 221|0x00000000edd00000, 0x00000000ede00000, 0x00000000ede00000|100%| E|CS|TAMS 0x00000000edd00000, 0x00000000edd00000| Complete 
| 222|0x00000000ede00000, 0x00000000edf00000, 0x00000000edf00000|100%| E|CS|TAMS 0x00000000ede00000, 0x00000000ede00000| Complete 
| 223|0x00000000edf00000, 0x00000000ee000000, 0x00000000ee000000|100%| E|CS|TAMS 0x00000000edf00000, 0x00000000edf00000| Complete 
| 224|0x00000000ee000000, 0x00000000ee100000, 0x00000000ee100000|100%| E|CS|TAMS 0x00000000ee000000, 0x00000000ee000000| Complete 
| 225|0x00000000ee100000, 0x00000000ee200000, 0x00000000ee200000|100%| E|CS|TAMS 0x00000000ee100000, 0x00000000ee100000| Complete 
| 226|0x00000000ee200000, 0x00000000ee300000, 0x00000000ee300000|100%| E|CS|TAMS 0x00000000ee200000, 0x00000000ee200000| Complete 
| 227|0x00000000ee300000, 0x00000000ee400000, 0x00000000ee400000|100%| E|CS|TAMS 0x00000000ee300000, 0x00000000ee300000| Complete 
| 228|0x00000000ee400000, 0x00000000ee500000, 0x00000000ee500000|100%| E|CS|TAMS 0x00000000ee400000, 0x00000000ee400000| Complete 
| 229|0x00000000ee500000, 0x00000000ee600000, 0x00000000ee600000|100%| E|CS|TAMS 0x00000000ee500000, 0x00000000ee500000| Complete 
| 230|0x00000000ee600000, 0x00000000ee700000, 0x00000000ee700000|100%| E|CS|TAMS 0x00000000ee600000, 0x00000000ee600000| Complete 
| 231|0x00000000ee700000, 0x00000000ee800000, 0x00000000ee800000|100%| E|CS|TAMS 0x00000000ee700000, 0x00000000ee700000| Complete 
| 232|0x00000000ee800000, 0x00000000ee900000, 0x00000000ee900000|100%| E|CS|TAMS 0x00000000ee800000, 0x00000000ee800000| Complete 
| 233|0x00000000ee900000, 0x00000000eea00000, 0x00000000eea00000|100%| E|CS|TAMS 0x00000000ee900000, 0x00000000ee900000| Complete 
| 234|0x00000000eea00000, 0x00000000eeb00000, 0x00000000eeb00000|100%| E|CS|TAMS 0x00000000eea00000, 0x00000000eea00000| Complete 
| 235|0x00000000eeb00000, 0x00000000eec00000, 0x00000000eec00000|100%| E|CS|TAMS 0x00000000eeb00000, 0x00000000eeb00000| Complete 
| 236|0x00000000eec00000, 0x00000000eed00000, 0x00000000eed00000|100%| E|CS|TAMS 0x00000000eec00000, 0x00000000eec00000| Complete 
| 237|0x00000000eed00000, 0x00000000eee00000, 0x00000000eee00000|100%| E|CS|TAMS 0x00000000eed00000, 0x00000000eed00000| Complete 
| 238|0x00000000eee00000, 0x00000000eef00000, 0x00000000eef00000|100%| E|CS|TAMS 0x00000000eee00000, 0x00000000eee00000| Complete 
| 239|0x00000000eef00000, 0x00000000ef000000, 0x00000000ef000000|100%| E|CS|TAMS 0x00000000eef00000, 0x00000000eef00000| Complete 
| 240|0x00000000ef000000, 0x00000000ef100000, 0x00000000ef100000|100%| E|CS|TAMS 0x00000000ef000000, 0x00000000ef000000| Complete 
| 241|0x00000000ef100000, 0x00000000ef200000, 0x00000000ef200000|100%| E|CS|TAMS 0x00000000ef100000, 0x00000000ef100000| Complete 
| 242|0x00000000ef200000, 0x00000000ef300000, 0x00000000ef300000|100%| E|CS|TAMS 0x00000000ef200000, 0x00000000ef200000| Complete 
| 243|0x00000000ef300000, 0x00000000ef400000, 0x00000000ef400000|100%| E|CS|TAMS 0x00000000ef300000, 0x00000000ef300000| Complete 
| 244|0x00000000ef400000, 0x00000000ef500000, 0x00000000ef500000|100%| E|CS|TAMS 0x00000000ef400000, 0x00000000ef400000| Complete 
| 245|0x00000000ef500000, 0x00000000ef600000, 0x00000000ef600000|100%| E|CS|TAMS 0x00000000ef500000, 0x00000000ef500000| Complete 
| 246|0x00000000ef600000, 0x00000000ef700000, 0x00000000ef700000|100%| E|CS|TAMS 0x00000000ef600000, 0x00000000ef600000| Complete 
| 247|0x00000000ef700000, 0x00000000ef800000, 0x00000000ef800000|100%| E|CS|TAMS 0x00000000ef700000, 0x00000000ef700000| Complete 
| 248|0x00000000ef800000, 0x00000000ef900000, 0x00000000ef900000|100%| E|CS|TAMS 0x00000000ef800000, 0x00000000ef800000| Complete 
| 249|0x00000000ef900000, 0x00000000efa00000, 0x00000000efa00000|100%| E|CS|TAMS 0x00000000ef900000, 0x00000000ef900000| Complete 
| 250|0x00000000efa00000, 0x00000000efb00000, 0x00000000efb00000|100%| E|CS|TAMS 0x00000000efa00000, 0x00000000efa00000| Complete 
| 251|0x00000000efb00000, 0x00000000efc00000, 0x00000000efc00000|100%| E|CS|TAMS 0x00000000efb00000, 0x00000000efb00000| Complete 
| 252|0x00000000efc00000, 0x00000000efd00000, 0x00000000efd00000|100%| E|CS|TAMS 0x00000000efc00000, 0x00000000efc00000| Complete 
| 253|0x00000000efd00000, 0x00000000efe00000, 0x00000000efe00000|100%| E|CS|TAMS 0x00000000efd00000, 0x00000000efd00000| Complete 
| 254|0x00000000efe00000, 0x00000000eff00000, 0x00000000eff00000|100%| E|CS|TAMS 0x00000000efe00000, 0x00000000efe00000| Complete 
| 255|0x00000000eff00000, 0x00000000f0000000, 0x00000000f0000000|100%| E|CS|TAMS 0x00000000eff00000, 0x00000000eff00000| Complete 

Card table byte_map: [0x000002b023730000,0x000002b023830000] _byte_map_base: 0x000002b023030000

Marking Bits (Prev, Next): (CMBitMap*) 0x000002b010f36eb8, (CMBitMap*) 0x000002b010f36ef0
 Prev Bits: [0x000002b023930000, 0x000002b024130000)
 Next Bits: [0x000002b024130000, 0x000002b024930000)

Polling page: 0x000002b00f080000

Metaspace:

Usage:
  Non-class:     34.91 MB capacity,    34.31 MB ( 98%) used,   527.91 KB (  1%) free+waste,    82.88 KB ( <1%) overhead. 
      Class:      5.31 MB capacity,     4.99 MB ( 94%) used,   290.42 KB (  5%) free+waste,    40.19 KB ( <1%) overhead. 
       Both:     40.22 MB capacity,    39.30 MB ( 98%) used,   818.33 KB (  2%) free+waste,   123.06 KB ( <1%) overhead. 

Virtual space:
  Non-class space:       36.00 MB reserved,      35.00 MB ( 97%) committed 
      Class space:      248.00 MB reserved,       5.32 MB (  2%) committed 
             Both:      284.00 MB reserved,      40.32 MB ( 14%) committed 

Chunk freelists:
   Non-Class:  28.00 KB
       Class:  3.00 KB
        Both:  31.00 KB

MaxMetaspaceSize: 256.00 MB
CompressedClassSpaceSize: 248.00 MB

CodeHeap 'non-profiled nmethods': size=120064Kb used=1938Kb max_used=1938Kb free=118125Kb
 bounds [0x000002b01c1f0000, 0x000002b01c460000, 0x000002b023730000]
CodeHeap 'profiled nmethods': size=120000Kb used=7488Kb max_used=7488Kb free=112511Kb
 bounds [0x000002b014cc0000, 0x000002b015420000, 0x000002b01c1f0000]
CodeHeap 'non-nmethods': size=5696Kb used=2192Kb max_used=2260Kb free=3503Kb
 bounds [0x000002b014730000, 0x000002b0149a0000, 0x000002b014cc0000]
 total_blobs=4166 nmethods=3412 adapters=665
 compilation: enabled
              stopped_count=0, restarted_count=0
 full_count=0

Compilation events (20 events):
Event: 6.683 Thread 0x000002b0278c3800 nmethod 3627 0x000002b01c3c6310 code [0x000002b01c3c65c0, 0x000002b01c3c7548]
Event: 6.683 Thread 0x000002b0278c3800 3657       4       org.objectweb.asm.ClassReader::readCode (5089 bytes)
Event: 6.688 Thread 0x000002b0278c9800 3658       2       org.objectweb.asm.MethodVisitor::visitTryCatchBlock (20 bytes)
Event: 6.688 Thread 0x000002b0278c9800 nmethod 3658 0x000002b015410d10 code [0x000002b015410ec0, 0x000002b015410fe8]
Event: 6.688 Thread 0x000002b0278c9800 3659       2       org.objectweb.asm.MethodWriter::visitTryCatchBlock (67 bytes)
Event: 6.689 Thread 0x000002b0278c9800 nmethod 3659 0x000002b015411090 code [0x000002b015411260, 0x000002b015411728]
Event: 6.692 Thread 0x000002b029ca7800 nmethod 3656 0x000002b01c3c8090 code [0x000002b01c3c8280, 0x000002b01c3c8c70]
Event: 6.692 Thread 0x000002b029ca7800 3655       4       org.objectweb.asm.ClassReader::readElementValues (88 bytes)
Event: 6.703 Thread 0x000002b029ca7800 nmethod 3655 0x000002b01c3c9510 code [0x000002b01c3c96e0, 0x000002b01c3c9d68]
Event: 6.703 Thread 0x000002b029ca7800 3633       4       org.objectweb.asm.AnnotationWriter::putAnnotations (67 bytes)
Event: 6.725 Thread 0x000002b029ca7800 nmethod 3633 0x000002b01c3ca390 code [0x000002b01c3ca5e0, 0x000002b01c3cb690]
Event: 6.725 Thread 0x000002b029ca7800 3662       4       org.objectweb.asm.MethodWriter::<init> (232 bytes)
Event: 6.760 Thread 0x000002b029ca7800 nmethod 3662 0x000002b01c3cc410 code [0x000002b01c3cc640, 0x000002b01c3cdaa0]
Event: 6.760 Thread 0x000002b029ca7800 3664       4       org.objectweb.asm.MethodWriter::putMethodInfo (1274 bytes)
Event: 6.818 Thread 0x000002b0278c9800 3672       2       org.objectweb.asm.MethodVisitor::visitIincInsn (17 bytes)
Event: 6.818 Thread 0x000002b0278c9800 nmethod 3672 0x000002b015411890 code [0x000002b015411a40, 0x000002b015411b68]
Event: 6.818 Thread 0x000002b0278c9800 3673       2       org.objectweb.asm.MethodWriter::visitIincInsn (135 bytes)
Event: 6.818 Thread 0x000002b0278c9800 nmethod 3673 0x000002b015411c10 code [0x000002b015411e20, 0x000002b0154120d8]
Event: 6.874 Thread 0x000002b029ca7800 nmethod 3664 0x000002b01c3ce490 code [0x000002b01c3ce9e0, 0x000002b01c3d2308]
Event: 6.874 Thread 0x000002b029ca7800 3668       4       org.objectweb.asm.ClassReader::readMethod (1061 bytes)

GC Heap History (16 events):
Event: 0.613 GC heap before
{Heap before GC invocations=0 (full 0):
 garbage-first heap   total 262144K, used 19456K [0x00000000e0000000, 0x0000000100000000)
  region size 1024K, 14 young (14336K), 0 survivors (0K)
 Metaspace       used 7660K, capacity 7793K, committed 7936K, reserved 262144K
  class space    used 715K, capacity 749K, committed 768K, reserved 253952K
}
Event: 0.618 GC heap after
{Heap after GC invocations=1 (full 0):
 garbage-first heap   total 262144K, used 7620K [0x00000000e0000000, 0x0000000100000000)
  region size 1024K, 2 young (2048K), 2 survivors (2048K)
 Metaspace       used 7660K, capacity 7793K, committed 7936K, reserved 262144K
  class space    used 715K, capacity 749K, committed 768K, reserved 253952K
}
Event: 0.909 GC heap before
{Heap before GC invocations=1 (full 0):
 garbage-first heap   total 262144K, used 18884K [0x00000000e0000000, 0x0000000100000000)
  region size 1024K, 13 young (13312K), 2 survivors (2048K)
 Metaspace       used 10798K, capacity 11002K, committed 11264K, reserved 264192K
  class space    used 1142K, capacity 1203K, committed 1280K, reserved 253952K
}
Event: 0.912 GC heap after
{Heap after GC invocations=2 (full 0):
 garbage-first heap   total 262144K, used 8690K [0x00000000e0000000, 0x0000000100000000)
  region size 1024K, 1 young (1024K), 1 survivors (1024K)
 Metaspace       used 10798K, capacity 11002K, committed 11264K, reserved 264192K
  class space    used 1142K, capacity 1203K, committed 1280K, reserved 253952K
}
Event: 1.261 GC heap before
{Heap before GC invocations=2 (full 0):
 garbage-first heap   total 262144K, used 36338K [0x00000000e0000000, 0x0000000100000000)
  region size 1024K, 29 young (29696K), 1 survivors (1024K)
 Metaspace       used 10967K, capacity 11130K, committed 11264K, reserved 264192K
  class space    used 1144K, capacity 1203K, committed 1280K, reserved 253952K
}
Event: 1.264 GC heap after
{Heap after GC invocations=3 (full 0):
 garbage-first heap   total 262144K, used 13370K [0x00000000e0000000, 0x0000000100000000)
  region size 1024K, 4 young (4096K), 4 survivors (4096K)
 Metaspace       used 10967K, capacity 11130K, committed 11264K, reserved 264192K
  class space    used 1144K, capacity 1203K, committed 1280K, reserved 253952K
}
Event: 2.575 GC heap before
{Heap before GC invocations=3 (full 0):
 garbage-first heap   total 262144K, used 54330K [0x00000000e0000000, 0x0000000100000000)
  region size 1024K, 44 young (45056K), 4 survivors (4096K)
 Metaspace       used 18695K, capacity 19123K, committed 19328K, reserved 272384K
  class space    used 2253K, capacity 2380K, committed 2432K, reserved 253952K
}
Event: 2.582 GC heap after
{Heap after GC invocations=4 (full 0):
 garbage-first heap   total 262144K, used 16029K [0x00000000e0000000, 0x0000000100000000)
  region size 1024K, 3 young (3072K), 3 survivors (3072K)
 Metaspace       used 18695K, capacity 19123K, committed 19328K, reserved 272384K
  class space    used 2253K, capacity 2380K, committed 2432K, reserved 253952K
}
Event: 2.715 GC heap before
{Heap before GC invocations=4 (full 0):
 garbage-first heap   total 262144K, used 24221K [0x00000000e0000000, 0x0000000100000000)
  region size 1024K, 13 young (13312K), 3 survivors (3072K)
 Metaspace       used 20557K, capacity 21070K, committed 21248K, reserved 272384K
  class space    used 2517K, capacity 2693K, committed 2816K, reserved 253952K
}
Event: 2.721 GC heap after
{Heap after GC invocations=5 (full 0):
 garbage-first heap   total 262144K, used 16461K [0x00000000e0000000, 0x0000000100000000)
  region size 1024K, 4 young (4096K), 4 survivors (4096K)
 Metaspace       used 20557K, capacity 21070K, committed 21248K, reserved 272384K
  class space    used 2517K, capacity 2693K, committed 2816K, reserved 253952K
}
Event: 3.619 GC heap before
{Heap before GC invocations=6 (full 0):
 garbage-first heap   total 262144K, used 79949K [0x00000000e0000000, 0x0000000100000000)
  region size 1024K, 58 young (59392K), 4 survivors (4096K)
 Metaspace       used 26544K, capacity 27358K, committed 27648K, reserved 278528K
  class space    used 3465K, capacity 3751K, committed 3840K, reserved 253952K
}
Event: 3.627 GC heap after
{Heap after GC invocations=7 (full 0):
 garbage-first heap   total 262144K, used 29822K [0x00000000e0000000, 0x0000000100000000)
  region size 1024K, 8 young (8192K), 8 survivors (8192K)
 Metaspace       used 26544K, capacity 27358K, committed 27648K, reserved 278528K
  class space    used 3465K, capacity 3751K, committed 3840K, reserved 253952K
}
Event: 4.449 GC heap before
{Heap before GC invocations=7 (full 0):
 garbage-first heap   total 262144K, used 75902K [0x00000000e0000000, 0x0000000100000000)
  region size 1024K, 55 young (56320K), 8 survivors (8192K)
 Metaspace       used 35011K, capacity 35798K, committed 35840K, reserved 286720K
  class space    used 4538K, capacity 4863K, committed 4864K, reserved 253952K
}
Event: 4.463 GC heap after
{Heap after GC invocations=8 (full 0):
 garbage-first heap   total 262144K, used 32604K [0x00000000e0000000, 0x0000000100000000)
  region size 1024K, 10 young (10240K), 10 survivors (10240K)
 Metaspace       used 35011K, capacity 35798K, committed 35840K, reserved 286720K
  class space    used 4538K, capacity 4863K, committed 4864K, reserved 253952K
}
Event: 6.549 GC heap before
{Heap before GC invocations=9 (full 0):
 garbage-first heap   total 262144K, used 185180K [0x00000000e0000000, 0x0000000100000000)
  region size 1024K, 153 young (156672K), 10 survivors (10240K)
 Metaspace       used 40236K, capacity 41185K, committed 41292K, reserved 290816K
  class space    used 5106K, capacity 5437K, committed 5452K, reserved 253952K
}
Event: 6.569 GC heap after
{Heap after GC invocations=10 (full 0):
 garbage-first heap   total 262144K, used 47395K [0x00000000e0000000, 0x0000000100000000)
  region size 1024K, 20 young (20480K), 20 survivors (20480K)
 Metaspace       used 40236K, capacity 41185K, committed 41292K, reserved 290816K
  class space    used 5106K, capacity 5437K, committed 5452K, reserved 253952K
}

Deoptimization events (20 events):
Event: 6.712 Thread 0x000002b029d6a800 DEOPT PACKING pc=0x000002b01534314f sp=0x000000b4d2cfe000
Event: 6.712 Thread 0x000002b029d6a800 DEOPT UNPACKING pc=0x000002b0147572ce sp=0x000000b4d2cfd670 mode 0
Event: 6.715 Thread 0x000002b029d6a800 DEOPT PACKING pc=0x000002b01534314f sp=0x000000b4d2cfe000
Event: 6.715 Thread 0x000002b029d6a800 DEOPT UNPACKING pc=0x000002b0147572ce sp=0x000000b4d2cfd670 mode 0
Event: 6.751 Thread 0x000002b029d6a800 DEOPT PACKING pc=0x000002b01534314f sp=0x000000b4d2cfe000
Event: 6.751 Thread 0x000002b029d6a800 DEOPT UNPACKING pc=0x000002b0147572ce sp=0x000000b4d2cfd670 mode 0
Event: 6.789 Thread 0x000002b029d6a800 DEOPT PACKING pc=0x000002b01534314f sp=0x000000b4d2cfe000
Event: 6.789 Thread 0x000002b029d6a800 DEOPT UNPACKING pc=0x000002b0147572ce sp=0x000000b4d2cfd670 mode 0
Event: 6.798 Thread 0x000002b029d6a800 DEOPT PACKING pc=0x000002b01534314f sp=0x000000b4d2cfe000
Event: 6.798 Thread 0x000002b029d6a800 DEOPT UNPACKING pc=0x000002b0147572ce sp=0x000000b4d2cfd670 mode 0
Event: 6.807 Thread 0x000002b029d6a800 DEOPT PACKING pc=0x000002b01534314f sp=0x000000b4d2cfe000
Event: 6.807 Thread 0x000002b029d6a800 DEOPT UNPACKING pc=0x000002b0147572ce sp=0x000000b4d2cfd670 mode 0
Event: 6.823 Thread 0x000002b029d6a800 DEOPT PACKING pc=0x000002b01534314f sp=0x000000b4d2cfe000
Event: 6.823 Thread 0x000002b029d6a800 DEOPT UNPACKING pc=0x000002b0147572ce sp=0x000000b4d2cfd670 mode 0
Event: 6.828 Thread 0x000002b029d6a800 DEOPT PACKING pc=0x000002b01534314f sp=0x000000b4d2cfe000
Event: 6.828 Thread 0x000002b029d6a800 DEOPT UNPACKING pc=0x000002b0147572ce sp=0x000000b4d2cfd670 mode 0
Event: 6.839 Thread 0x000002b029d6a800 DEOPT PACKING pc=0x000002b01534314f sp=0x000000b4d2cfe000
Event: 6.839 Thread 0x000002b029d6a800 DEOPT UNPACKING pc=0x000002b0147572ce sp=0x000000b4d2cfd670 mode 0
Event: 6.866 Thread 0x000002b029d6a800 DEOPT PACKING pc=0x000002b01534314f sp=0x000000b4d2cfe000
Event: 6.866 Thread 0x000002b029d6a800 DEOPT UNPACKING pc=0x000002b0147572ce sp=0x000000b4d2cfd670 mode 0

Classes redefined (0 events):
No events

Internal exceptions (20 events):
Event: 4.858 Thread 0x000002b029937800 Exception <a 'java/lang/ClassNotFoundException'{0x00000000eee7e090}: org/gradle/api/internal/initialization/DefaultScriptHandlerBeanInfo> (0x00000000eee7e090) thrown at [./src/hotspot/share/classfile/systemDictionary.cpp, line 231]
Event: 4.859 Thread 0x000002b029937800 Exception <a 'java/lang/ClassNotFoundException'{0x00000000eee9e170}: org/gradle/api/internal/initialization/DefaultScriptHandlerCustomizer> (0x00000000eee9e170) thrown at [./src/hotspot/share/classfile/systemDictionary.cpp, line 231]
Event: 4.958 Thread 0x000002b029937800 Exception <a 'java/lang/ClassNotFoundException'{0x00000000ee738160}: org/gradle/api/internal/artifacts/dsl/dependencies/DefaultDependencyHandler_DecoratedBeanInfo> (0x00000000ee738160) thrown at [./src/hotspot/share/classfile/systemDictionary.cpp, line 231]
Event: 4.959 Thread 0x000002b029937800 Exception <a 'java/lang/ClassNotFoundException'{0x00000000ee769f58}: org/gradle/api/internal/artifacts/dsl/dependencies/DefaultDependencyHandlerBeanInfo> (0x00000000ee769f58) thrown at [./src/hotspot/share/classfile/systemDictionary.cpp, line 231]
Event: 4.960 Thread 0x000002b029937800 Exception <a 'java/lang/ClassNotFoundException'{0x00000000ee79c020}: org/gradle/api/internal/artifacts/dsl/dependencies/DefaultDependencyHandlerCustomizer> (0x00000000ee79c020) thrown at [./src/hotspot/share/classfile/systemDictionary.cpp, line 231]
Event: 4.968 Thread 0x000002b029937800 Exception <a 'java/lang/ClassNotFoundException'{0x00000000ee7ecb00}: org/gradle/api/internal/artifacts/dsl/dependencies/DefaultDependencyHandler_DecoratedCustomizer> (0x00000000ee7ecb00) thrown at [./src/hotspot/share/classfile/systemDictionary.cpp, line 231]
Event: 5.022 Thread 0x000002b029937800 Exception <a 'java/lang/NoSuchMethodError'{0x00000000ee2e7908}: 'java.lang.Object java.lang.invoke.DirectMethodHandle$Holder.invokeStatic(java.lang.Object, int, java.lang.Object)'> (0x00000000ee2e7908) thrown at [./src/hotspot/share/interpreter/linkResolver.cpp, line 773]
Event: 5.125 Thread 0x000002b029937800 Exception <a 'java/lang/NoSuchMethodError'{0x00000000edb0f010}: 'int java.lang.invoke.DirectMethodHandle$Holder.invokeInterface(java.lang.Object, java.lang.Object)'> (0x00000000edb0f010) thrown at [./src/hotspot/share/interpreter/linkResolver.cpp, line 773]
Event: 5.127 Thread 0x000002b029937800 Exception <a 'java/lang/IncompatibleClassChangeError'{0x00000000edb12848}: Found class java.lang.Object, but interface was expected> (0x00000000edb12848) thrown at [./src/hotspot/share/interpreter/linkResolver.cpp, line 839]
Event: 5.271 Thread 0x000002b029937800 Exception <a 'java/lang/NoSuchMethodError'{0x00000000ed77ef20}: 'int java.lang.invoke.DirectMethodHandle$Holder.invokeStaticInit(java.lang.Object)'> (0x00000000ed77ef20) thrown at [./src/hotspot/share/interpreter/linkResolver.cpp, line 773]
Event: 5.325 Thread 0x000002b029b75000 Exception <a 'sun/nio/fs/WindowsException'{0x00000000ed6e6fb0}> (0x00000000ed6e6fb0) thrown at [./src/hotspot/share/prims/jni.cpp, line 615]
Event: 5.328 Thread 0x000002b029b75000 Exception <a 'sun/nio/fs/WindowsException'{0x00000000ed6e7190}> (0x00000000ed6e7190) thrown at [./src/hotspot/share/prims/jni.cpp, line 615]
Event: 5.347 Thread 0x000002b029937800 Exception <a 'java/lang/ClassNotFoundException'{0x00000000ed556ac8}: sync_studio_tooling9_asx18vbkm0n1he4h5jhu4v92xBeanInfo> (0x00000000ed556ac8) thrown at [./src/hotspot/share/classfile/systemDictionary.cpp, line 231]
Event: 5.347 Thread 0x000002b029937800 Exception <a 'java/lang/ClassNotFoundException'{0x00000000ed55f1e8}: sync_studio_tooling9_asx18vbkm0n1he4h5jhu4v92xCustomizer> (0x00000000ed55f1e8) thrown at [./src/hotspot/share/classfile/systemDictionary.cpp, line 231]
Event: 5.390 Thread 0x000002b029b75000 Exception <a 'sun/nio/fs/WindowsException'{0x00000000ed480000}> (0x00000000ed480000) thrown at [./src/hotspot/share/prims/jni.cpp, line 615]
Event: 5.391 Thread 0x000002b029b75000 Exception <a 'sun/nio/fs/WindowsException'{0x00000000ed480188}> (0x00000000ed480188) thrown at [./src/hotspot/share/prims/jni.cpp, line 615]
Event: 5.399 Thread 0x000002b029937800 Exception <a 'java/lang/ClassNotFoundException'{0x00000000ed4b2d30}: ijinit1_616qvvw59jg0m79z6ufkd1qpzBeanInfo> (0x00000000ed4b2d30) thrown at [./src/hotspot/share/classfile/systemDictionary.cpp, line 231]
Event: 5.400 Thread 0x000002b029937800 Exception <a 'java/lang/ClassNotFoundException'{0x00000000ed4baeb8}: ijinit1_616qvvw59jg0m79z6ufkd1qpzCustomizer> (0x00000000ed4baeb8) thrown at [./src/hotspot/share/classfile/systemDictionary.cpp, line 231]
Event: 5.597 Thread 0x000002b029b6f800 Exception <a 'sun/nio/fs/WindowsException'{0x00000000ec3b7fb8}> (0x00000000ec3b7fb8) thrown at [./src/hotspot/share/prims/jni.cpp, line 615]
Event: 5.598 Thread 0x000002b029b6f800 Exception <a 'sun/nio/fs/WindowsException'{0x00000000ec3b8170}> (0x00000000ec3b8170) thrown at [./src/hotspot/share/prims/jni.cpp, line 615]

Events (20 events):
Event: 5.425 loading class org/gradle/api/internal/file/archive/impl/FileZipInput$1
Event: 5.425 loading class org/gradle/api/internal/file/archive/impl/FileZipInput$1 done
Event: 5.426 loading class org/gradle/api/internal/file/archive/ZipEntry
Event: 5.426 loading class org/gradle/api/internal/file/archive/ZipEntry done
Event: 5.426 loading class org/gradle/api/internal/file/archive/impl/JdkZipEntry
Event: 5.426 loading class org/gradle/api/internal/file/archive/impl/JdkZipEntry done
Event: 5.426 loading class org/gradle/api/internal/file/archive/impl/FileZipInput$1$1
Event: 5.426 loading class org/gradle/api/internal/file/archive/impl/FileZipInput$1$1 done
Event: 5.427 loading class org/gradle/internal/classpath/ClasspathWalker$ZipClasspathEntry
Event: 5.427 loading class org/gradle/internal/classpath/ClasspathWalker$ZipClasspathEntry done
Event: 5.562 Loaded shared library C:\Program Files\JetBrains\IntelliJ IDEA Educational Edition 2020.1.1\jbr\bin\java.dll
Event: 5.587 loading class java/util/WeakHashMap$KeyIterator
Event: 5.587 loading class java/util/WeakHashMap$HashIterator
Event: 5.587 loading class java/util/WeakHashMap$HashIterator done
Event: 5.587 loading class java/util/WeakHashMap$KeyIterator done
Event: 5.968 Loaded shared library C:\Program Files\JetBrains\IntelliJ IDEA Educational Edition 2020.1.1\jbr\bin\zip.dll
Event: 6.026 Executing VM operation: ICBufferFull
Event: 6.026 Executing VM operation: ICBufferFull done
Event: 6.549 Executing VM operation: G1CollectForAllocation
Event: 6.569 Executing VM operation: G1CollectForAllocation done


Dynamic libraries:
0x00007ff6dcf80000 - 0x00007ff6dcf8a000 	C:\Program Files\JetBrains\IntelliJ IDEA Educational Edition 2020.1.1\jbr\bin\java.exe
0x00007ffb2dc00000 - 0x00007ffb2ddf0000 	C:\WINDOWS\SYSTEM32\ntdll.dll
0x00007ffb2d020000 - 0x00007ffb2d0d2000 	C:\WINDOWS\System32\KERNEL32.DLL
0x00007ffb2ae60000 - 0x00007ffb2b105000 	C:\WINDOWS\System32\KERNELBASE.dll
0x00007ffb2b1b0000 - 0x00007ffb2b2aa000 	C:\WINDOWS\System32\ucrtbase.dll
0x00007ffb187f0000 - 0x00007ffb18809000 	C:\Program Files\JetBrains\IntelliJ IDEA Educational Edition 2020.1.1\jbr\bin\jli.dll
0x00007ffb1bd60000 - 0x00007ffb1bd77000 	C:\Program Files\JetBrains\IntelliJ IDEA Educational Edition 2020.1.1\jbr\bin\VCRUNTIME140.dll
0x00007ffb2cd60000 - 0x00007ffb2cef5000 	C:\WINDOWS\System32\USER32.dll
0x00007ffb19d10000 - 0x00007ffb19f94000 	C:\WINDOWS\WinSxS\amd64_microsoft.windows.common-controls_6595b64144ccf1df_6.0.18362.1082_none_9e8193e1e45b25c1\COMCTL32.dll
0x00007ffb2add0000 - 0x00007ffb2adf1000 	C:\WINDOWS\System32\win32u.dll
0x00007ffb2c1c0000 - 0x00007ffb2c25e000 	C:\WINDOWS\System32\msvcrt.dll
0x00007ffb2db30000 - 0x00007ffb2db56000 	C:\WINDOWS\System32\GDI32.dll
0x00007ffb2bd30000 - 0x00007ffb2c065000 	C:\WINDOWS\System32\combase.dll
0x00007ffb2ab90000 - 0x00007ffb2ad26000 	C:\WINDOWS\System32\gdi32full.dll
0x00007ffb2c260000 - 0x00007ffb2c380000 	C:\WINDOWS\System32\RPCRT4.dll
0x00007ffb2b110000 - 0x00007ffb2b1ae000 	C:\WINDOWS\System32\msvcp_win.dll
0x00007ffb2bae0000 - 0x00007ffb2bb60000 	C:\WINDOWS\System32\bcryptPrimitives.dll
0x00007ffb2c7f0000 - 0x00007ffb2c81e000 	C:\WINDOWS\System32\IMM32.DLL
0x00007ffb06b90000 - 0x00007ffb06c2d000 	C:\Program Files\JetBrains\IntelliJ IDEA Educational Edition 2020.1.1\jbr\bin\msvcp140.dll
0x00007ffb02030000 - 0x00007ffb02aed000 	C:\Program Files\JetBrains\IntelliJ IDEA Educational Edition 2020.1.1\jbr\bin\server\jvm.dll
0x00007ffb2cf70000 - 0x00007ffb2d013000 	C:\WINDOWS\System32\ADVAPI32.dll
0x00007ffb2d0e0000 - 0x00007ffb2d177000 	C:\WINDOWS\System32\sechost.dll
0x00007ffb2c8d0000 - 0x00007ffb2c8d8000 	C:\WINDOWS\System32\PSAPI.DLL
0x00007ffb26e30000 - 0x00007ffb26e39000 	C:\WINDOWS\SYSTEM32\WSOCK32.dll
0x00007ffb1f350000 - 0x00007ffb1f35a000 	C:\WINDOWS\SYSTEM32\VERSION.dll
0x00007ffb275e0000 - 0x00007ffb27604000 	C:\WINDOWS\SYSTEM32\WINMM.dll
0x00007ffb2c780000 - 0x00007ffb2c7ef000 	C:\WINDOWS\System32\WS2_32.dll
0x00007ffb275b0000 - 0x00007ffb275dd000 	C:\WINDOWS\SYSTEM32\winmmbase.dll
0x00007ffb2ad60000 - 0x00007ffb2adaa000 	C:\WINDOWS\System32\cfgmgr32.dll
0x00007ffb2aaf0000 - 0x00007ffb2ab01000 	C:\WINDOWS\System32\kernel.appcore.dll
0x00007ffb1e340000 - 0x00007ffb1e351000 	C:\Program Files\JetBrains\IntelliJ IDEA Educational Edition 2020.1.1\jbr\bin\verify.dll
0x00007ffb1b490000 - 0x00007ffb1b684000 	C:\WINDOWS\SYSTEM32\DBGHELP.DLL
0x00007ffb1b460000 - 0x00007ffb1b48a000 	C:\WINDOWS\SYSTEM32\dbgcore.DLL
0x00007ffb1e2d0000 - 0x00007ffb1e2f9000 	C:\Program Files\JetBrains\IntelliJ IDEA Educational Edition 2020.1.1\jbr\bin\java.dll
0x00007ffb26e10000 - 0x00007ffb26e1b000 	C:\Program Files\JetBrains\IntelliJ IDEA Educational Edition 2020.1.1\jbr\bin\jimage.dll
0x00007ffb1e320000 - 0x00007ffb1e338000 	C:\Program Files\JetBrains\IntelliJ IDEA Educational Edition 2020.1.1\jbr\bin\zip.dll
0x00007ffb2d180000 - 0x00007ffb2d867000 	C:\WINDOWS\System32\SHELL32.dll
0x00007ffb2c820000 - 0x00007ffb2c8c9000 	C:\WINDOWS\System32\shcore.dll
0x00007ffb2b2b0000 - 0x00007ffb2ba30000 	C:\WINDOWS\System32\windows.storage.dll
0x00007ffb2ab10000 - 0x00007ffb2ab33000 	C:\WINDOWS\System32\profapi.dll
0x00007ffb2ab40000 - 0x00007ffb2ab8a000 	C:\WINDOWS\System32\powrprof.dll
0x00007ffb2aac0000 - 0x00007ffb2aad0000 	C:\WINDOWS\System32\UMPDC.dll
0x00007ffb2c380000 - 0x00007ffb2c3d2000 	C:\WINDOWS\System32\shlwapi.dll
0x00007ffb2adb0000 - 0x00007ffb2adc7000 	C:\WINDOWS\System32\cryptsp.dll
0x00007ffb1e2b0000 - 0x00007ffb1e2ca000 	C:\Program Files\JetBrains\IntelliJ IDEA Educational Edition 2020.1.1\jbr\bin\net.dll
0x00007ffb1fdc0000 - 0x00007ffb1feb0000 	C:\WINDOWS\SYSTEM32\WINHTTP.dll
0x00007ffb2a310000 - 0x00007ffb2a377000 	C:\WINDOWS\system32\mswsock.dll
0x00007ffb1e290000 - 0x00007ffb1e2a4000 	C:\Program Files\JetBrains\IntelliJ IDEA Educational Edition 2020.1.1\jbr\bin\nio.dll
0x00007ffb1be00000 - 0x00007ffb1be27000 	C:\Users\simon\.gradle\native\9f2fa17c089eee584f3420100432f77ec4c098959e4bf121a4d6054c26537dfb\windows-amd64\native-platform.dll
0x00007ffb214b0000 - 0x00007ffb214ba000 	C:\Program Files\JetBrains\IntelliJ IDEA Educational Edition 2020.1.1\jbr\bin\management.dll
0x00007ffb1f1f0000 - 0x00007ffb1f1fc000 	C:\Program Files\JetBrains\IntelliJ IDEA Educational Edition 2020.1.1\jbr\bin\management_ext.dll
0x00007ffb29e80000 - 0x00007ffb29eb3000 	C:\WINDOWS\system32\rsaenh.dll
0x00007ffb2ad30000 - 0x00007ffb2ad56000 	C:\WINDOWS\System32\bcrypt.dll
0x00007ffb2a9e0000 - 0x00007ffb2aa05000 	C:\WINDOWS\SYSTEM32\USERENV.dll
0x00007ffb2a4e0000 - 0x00007ffb2a4ec000 	C:\WINDOWS\SYSTEM32\CRYPTBASE.dll
0x00007ffb2a020000 - 0x00007ffb2a05a000 	C:\WINDOWS\SYSTEM32\IPHLPAPI.DLL
0x00007ffb2c8e0000 - 0x00007ffb2c8e8000 	C:\WINDOWS\System32\NSI.dll
0x00007ffb1fd10000 - 0x00007ffb1fd26000 	C:\WINDOWS\SYSTEM32\dhcpcsvc6.DLL
0x00007ffb20170000 - 0x00007ffb2018c000 	C:\WINDOWS\SYSTEM32\dhcpcsvc.DLL
0x00007ffb2a060000 - 0x00007ffb2a12b000 	C:\WINDOWS\SYSTEM32\DNSAPI.dll
0x00007ffb20e50000 - 0x00007ffb20e5b000 	C:\WINDOWS\SYSTEM32\WINNSI.DLL
0x00007ffb018d0000 - 0x00007ffb01a66000 	C:\Users\simon\.gradle\native\9f2fa17c089eee584f3420100432f77ec4c098959e4bf121a4d6054c26537dfb\windows-amd64\native-platform-file-events.dll

dbghelp: loaded successfully - version: 4.0.5 - missing functions: none
symbol engine: initialized successfully - sym options: 0x614 - pdb path: .;C:\Program Files\JetBrains\IntelliJ IDEA Educational Edition 2020.1.1\jbr\bin;C:\WINDOWS\SYSTEM32;C:\WINDOWS\WinSxS\amd64_microsoft.windows.common-controls_6595b64144ccf1df_6.0.18362.1082_none_9e8193e1e45b25c1;C:\Program Files\JetBrains\IntelliJ IDEA Educational Edition 2020.1.1\jbr\bin\server;C:\Users\simon\.gradle\native\9f2fa17c089eee584f3420100432f77ec4c098959e4bf121a4d6054c26537dfb\windows-amd64

VM Arguments:
jvm_args: -XX:MaxMetaspaceSize=256m -XX:+HeapDumpOnOutOfMemoryError --add-opens=java.base/java.util=ALL-UNNAMED --add-opens=java.base/java.lang=ALL-UNNAMED --add-opens=java.base/java.lang.invoke=ALL-UNNAMED --add-opens=java.prefs/java.util.prefs=ALL-UNNAMED -Xms256m -Xmx512m -Dfile.encoding=windows-1252 -Duser.country=GB -Duser.language=en -Duser.variant 
java_command: org.gradle.launcher.daemon.bootstrap.GradleDaemon 6.6.1
java_class_path (initial): C:\Users\simon\.gradle\wrapper\dists\gradle-6.6.1-bin\du4tvj86lhti6iga1v8h7pckb\gradle-6.6.1\lib\gradle-launcher-6.6.1.jar
Launcher Type: SUN_STANDARD

[Global flags]
     intx CICompilerCount                          = 3                                         {product} {ergonomic}
   size_t CompressedClassSpaceSize                 = 260046848                                 {product} {ergonomic}
     uint ConcGCThreads                            = 1                                         {product} {ergonomic}
     uint G1ConcRefinementThreads                  = 4                                         {product} {ergonomic}
   size_t G1HeapRegionSize                         = 1048576                                   {product} {ergonomic}
    uintx GCDrainStackTargetSize                   = 64                                        {product} {ergonomic}
     bool HeapDumpOnOutOfMemoryError               = true                                   {manageable} {command line}
   size_t InitialHeapSize                          = 268435456                                 {product} {command line}
   size_t MarkStackSize                            = 4194304                                   {product} {ergonomic}
   size_t MaxHeapSize                              = 536870912                                 {product} {command line}
   size_t MaxMetaspaceSize                         = 268435456                                 {product} {command line}
   size_t MaxNewSize                               = 321912832                                 {product} {ergonomic}
   size_t MinHeapDeltaBytes                        = 1048576                                   {product} {ergonomic}
    uintx NonNMethodCodeHeapSize                   = 5830732                                {pd product} {ergonomic}
    uintx NonProfiledCodeHeapSize                  = 122913754                              {pd product} {ergonomic}
    uintx ProfiledCodeHeapSize                     = 122913754                              {pd product} {ergonomic}
    uintx ReservedCodeCacheSize                    = 251658240                              {pd product} {ergonomic}
     bool SegmentedCodeCache                       = true                                      {product} {ergonomic}
     bool UseCompressedClassPointers               = true                                 {lp64_product} {ergonomic}
     bool UseCompressedOops                        = true                                 {lp64_product} {ergonomic}
     bool UseG1GC                                  = true                                      {product} {ergonomic}
     bool UseLargePagesIndividualAllocation        = false                                  {pd product} {ergonomic}

Logging:
Log output configuration:
 #0: stdout all=warning uptime,level,tags
 #1: stderr all=off uptime,level,tags

Environment Variables:
PATH=C:\Python38\Scripts\;C:\Python38\;C:\Program Files (x86)\Common Files\Oracle\Java\javapath;"C:\Program Files (x86)\Common Files\Oracle\Java\javapath;C:\Program Files\Java\jdk-11.0.7\bin";C:\WINDOWS\system32;C:\WINDOWS;"C:\WINDOWS\System32\Wbem;C:\Program Files\Java\jdk-14.0.1\bin";C:\WINDOWS\System32\WindowsPowerShell\v1.0\;C:\WINDOWS\System32\OpenSSH\;C:\Program Files (x86)\Common Files\Acronis\VirtualFile\;C:\Program Files (x86)\Common Files\Acronis\VirtualFile64\;C:\Program Files (x86)\Common Files\Acronis\SnapAPI\;C:\Program Files\Crucial\Crucial Storage Executive;C:\Program Files\dotnet\;C:\Program Files\Microsoft SQL Server\130\Tools\Binn\;C:\Program Files\Git\cmd;C:\Program Files\nodejs\;C:\ProgramData\chocolatey\bin;C:\Program Files\Java\jdk-11.0.7\bin;C:\Users\simon\AppData\Local\GitHubDesktop\bin;C:\Users\simon\AppData\Roaming\npm
USERNAME=simon
OS=Windows_NT
PROCESSOR_IDENTIFIER=Intel64 Family 6 Model 69 Stepping 1, GenuineIntel



---------------  S Y S T E M  ---------------

OS: Windows 10 , 64 bit Build 18362 (10.0.18362.1082)
OS uptime: 1 days 4:23 hours

CPU:total 4 (initial active 4) (2 cores per cpu, 2 threads per core) family 6 model 69 stepping 1, cmov, cx8, fxsr, mmx, sse, sse2, sse3, ssse3, sse4.1, sse4.2, popcnt, avx, avx2, aes, clmul, erms, lzcnt, ht, tsc, tscinvbit, bmi1, bmi2, fma

Memory: 4k page, system-wide physical 12180M (1546M free)
TotalPageFile size 16276M (AvailPageFile size 5M)
current process WorkingSet (physical memory assigned to process): 421M, peak: 421M
current process commit charge ("private bytes"): 531M, peak: 533M

vm_info: OpenJDK 64-Bit Server VM (11.0.8+10-b944.31) for windows-amd64 JRE (11.0.8+10-b944.31), built on Aug  6 2020 12:27:04 by "" with MS VC++ 14.0 (VS2015)

END.
