#
# There is insufficient memory for the Java Runtime Environment to continue.
# Native memory allocation (mmap) failed to map 201326592 bytes for Failed to commit area from 0x0000000741a00000 to 0x000000074da00000 of length 201326592.
# Possible reasons:
#   The system is out of physical RAM or swap space
#   The process is running with CompressedOops enabled, and the Java Heap may be blocking the growth of the native heap
# Possible solutions:
#   Reduce memory load on the system
#   Increase physical memory or swap space
#   Check if swap backing store is full
#   Decrease Java heap size (-Xmx/-Xms)
#   Decrease number of Java threads
#   Decrease Java thread stack sizes (-Xss)
#   Set larger code cache with -XX:ReservedCodeCacheSize=
# This output file may be truncated or incomplete.
#
#  Out of Memory Error (./src/hotspot/os/windows/os_windows.cpp:3303), pid=12092, tid=7136
#
# JRE version:  (11.0.8+10) (build )
# Java VM: OpenJDK 64-Bit Server VM (11.0.8+10-b944.31, mixed mode, sharing, tiered, compressed oops, g1 gc, windows-amd64)
# No core dump will be written. Minidumps are not enabled by default on client versions of Windows
#

---------------  S U M M A R Y ------------

Command Line: -javaagent:C:\Program Files\JetBrains\IntelliJ IDEA Educational Edition 2020.1.1\lib\idea_rt.jar=64984:C:\Program Files\JetBrains\IntelliJ IDEA Educational Edition 2020.1.1\bin -Dfile.encoding=UTF-8 Main

Host: Intel(R) Core(TM) i7-4510U CPU @ 2.00GHz, 4 cores, 11G,  Windows 10 , 64 bit Build 18362 (10.0.18362.1082)
Time: Thu Oct  8 11:01:36 2020 Romance Summer Time elapsed time: 0 seconds (0d 0h 0m 0s)

---------------  T H R E A D  ---------------

Current thread (0x00000210e5733800):  JavaThread "Unknown thread" [_thread_in_vm, id=7136, stack(0x0000005c69b00000,0x0000005c69c00000)]

Stack: [0x0000005c69b00000,0x0000005c69c00000]
Native frames: (J=compiled Java code, j=interpreted, Vv=VM code, C=native code)
V  [jvm.dll+0x5de35a]
V  [jvm.dll+0x712355]
V  [jvm.dll+0x7138ad]
V  [jvm.dll+0x713f63]
V  [jvm.dll+0x23e628]
V  [jvm.dll+0x5db804]
V  [jvm.dll+0x5d0925]
V  [jvm.dll+0x2faf9b]
V  [jvm.dll+0x2faf0a]
V  [jvm.dll+0x2fade2]
V  [jvm.dll+0x2ffcb6]
V  [jvm.dll+0x3483a3]
V  [jvm.dll+0x348aa6]
V  [jvm.dll+0x3484a3]
V  [jvm.dll+0x2d5be8]
V  [jvm.dll+0x2d6d87]
V  [jvm.dll+0x6f10e7]
V  [jvm.dll+0x6f28dc]
V  [jvm.dll+0x3558f9]
V  [jvm.dll+0x6d492e]
V  [jvm.dll+0x3bdad3]
V  [jvm.dll+0x3bfd01]
C  [jli.dll+0x5373]
C  [ucrtbase.dll+0x20e82]
C  [KERNEL32.DLL+0x17bd4]
C  [ntdll.dll+0x6ce51]


---------------  P R O C E S S  ---------------

Threads class SMR info:
_java_thread_list=0x00000210e550aeb0, length=0, elements={
}

Java Threads: ( => current thread )

Other Threads:
  0x00000210e574b000 GCTaskThread "GC Thread#0" [stack: 0x0000005c69c00000,0x0000005c69d00000] [id=10724]
  0x00000210e578f000 ConcurrentGCThread "G1 Main Marker" [stack: 0x0000005c69d00000,0x0000005c69e00000] [id=14164]
  0x00000210e5790800 ConcurrentGCThread "G1 Conc#0" [stack: 0x0000005c69e00000,0x0000005c69f00000] [id=1532]

[error occurred during error reporting (printing all threads), id 0xc0000005, EXCEPTION_ACCESS_VIOLATION (0xc0000005) at pc=0x00007ffae32e60c7]

VM state:not at safepoint (not fully initialized)

VM Mutex/Monitor currently owned by a thread:  ([mutex/lock_event])
[0x00000210e572f400] Heap_lock - owner thread: 0x00000210e5733800

Heap address: 0x0000000741a00000, size: 3046 MB, Compressed Oops mode: Non-zero based: 0x0000000741a00000
Narrow klass base: 0x0000000000000000, Narrow klass shift: 0

GC Heap History (0 events):
No events

Deoptimization events (0 events):
No events

Classes redefined (0 events):
No events

Internal exceptions (0 events):
No events

Events (1 events):
Event: 0.095 Loaded shared library C:\Program Files\JetBrains\IntelliJ IDEA Educational Edition 2020.1.1\jbr\bin\zip.dll


Dynamic libraries:
0x00007ff6dcf80000 - 0x00007ff6dcf8a000 	C:\Program Files\JetBrains\IntelliJ IDEA Educational Edition 2020.1.1\jbr\bin\java.exe
0x00007ffb2dc00000 - 0x00007ffb2ddf0000 	C:\WINDOWS\SYSTEM32\ntdll.dll
0x00007ffb2d020000 - 0x00007ffb2d0d2000 	C:\WINDOWS\System32\KERNEL32.DLL
0x00007ffb2ae60000 - 0x00007ffb2b105000 	C:\WINDOWS\System32\KERNELBASE.dll
0x00007ffb28c30000 - 0x00007ffb28cbf000 	C:\WINDOWS\SYSTEM32\apphelp.dll
0x00007ffb2b1b0000 - 0x00007ffb2b2aa000 	C:\WINDOWS\System32\ucrtbase.dll
0x00007ffb1f140000 - 0x00007ffb1f159000 	C:\Program Files\JetBrains\IntelliJ IDEA Educational Edition 2020.1.1\jbr\bin\jli.dll
0x00007ffb2cd60000 - 0x00007ffb2cef5000 	C:\WINDOWS\System32\USER32.dll
0x00007ffb2add0000 - 0x00007ffb2adf1000 	C:\WINDOWS\System32\win32u.dll
0x00007ffb2db30000 - 0x00007ffb2db56000 	C:\WINDOWS\System32\GDI32.dll
0x00007ffb2ab90000 - 0x00007ffb2ad26000 	C:\WINDOWS\System32\gdi32full.dll
0x00007ffb2b110000 - 0x00007ffb2b1ae000 	C:\WINDOWS\System32\msvcp_win.dll
0x00007ffb19d10000 - 0x00007ffb19f94000 	C:\WINDOWS\WinSxS\amd64_microsoft.windows.common-controls_6595b64144ccf1df_6.0.18362.1082_none_9e8193e1e45b25c1\COMCTL32.dll
0x00007ffb2c1c0000 - 0x00007ffb2c25e000 	C:\WINDOWS\System32\msvcrt.dll
0x00007ffb2bd30000 - 0x00007ffb2c065000 	C:\WINDOWS\System32\combase.dll
0x00007ffb2c260000 - 0x00007ffb2c380000 	C:\WINDOWS\System32\RPCRT4.dll
0x00007ffb2bae0000 - 0x00007ffb2bb60000 	C:\WINDOWS\System32\bcryptPrimitives.dll
0x00007ffb1f2c0000 - 0x00007ffb1f2d7000 	C:\Program Files\JetBrains\IntelliJ IDEA Educational Edition 2020.1.1\jbr\bin\VCRUNTIME140.dll
0x00007ffb2c7f0000 - 0x00007ffb2c81e000 	C:\WINDOWS\System32\IMM32.DLL
0x00007ffb17430000 - 0x00007ffb174cd000 	C:\Program Files\JetBrains\IntelliJ IDEA Educational Edition 2020.1.1\jbr\bin\msvcp140.dll
0x00007ffae3000000 - 0x00007ffae3abd000 	C:\Program Files\JetBrains\IntelliJ IDEA Educational Edition 2020.1.1\jbr\bin\server\jvm.dll
0x00007ffb2cf70000 - 0x00007ffb2d013000 	C:\WINDOWS\System32\ADVAPI32.dll
0x00007ffb2d0e0000 - 0x00007ffb2d177000 	C:\WINDOWS\System32\sechost.dll
0x00007ffb2c8d0000 - 0x00007ffb2c8d8000 	C:\WINDOWS\System32\PSAPI.DLL
0x00007ffb26e30000 - 0x00007ffb26e39000 	C:\WINDOWS\SYSTEM32\WSOCK32.dll
0x00007ffb2c780000 - 0x00007ffb2c7ef000 	C:\WINDOWS\System32\WS2_32.dll
0x00007ffb275e0000 - 0x00007ffb27604000 	C:\WINDOWS\SYSTEM32\WINMM.dll
0x00007ffb1f350000 - 0x00007ffb1f35a000 	C:\WINDOWS\SYSTEM32\VERSION.dll
0x00007ffb275b0000 - 0x00007ffb275dd000 	C:\WINDOWS\SYSTEM32\WINMMBASE.dll
0x00007ffb2ad60000 - 0x00007ffb2adaa000 	C:\WINDOWS\System32\cfgmgr32.dll
0x00007ffb2aaf0000 - 0x00007ffb2ab01000 	C:\WINDOWS\System32\kernel.appcore.dll
0x00007ffb23330000 - 0x00007ffb23341000 	C:\Program Files\JetBrains\IntelliJ IDEA Educational Edition 2020.1.1\jbr\bin\verify.dll
0x00007ffb1b490000 - 0x00007ffb1b684000 	C:\WINDOWS\SYSTEM32\DBGHELP.DLL
0x00007ffb1b460000 - 0x00007ffb1b48a000 	C:\WINDOWS\SYSTEM32\dbgcore.DLL
0x00007ffb1e320000 - 0x00007ffb1e349000 	C:\Program Files\JetBrains\IntelliJ IDEA Educational Edition 2020.1.1\jbr\bin\java.dll
0x00007ffb214b0000 - 0x00007ffb214bb000 	C:\Program Files\JetBrains\IntelliJ IDEA Educational Edition 2020.1.1\jbr\bin\jimage.dll
0x00007ffb1edf0000 - 0x00007ffb1edff000 	C:\Program Files\JetBrains\IntelliJ IDEA Educational Edition 2020.1.1\jbr\bin\instrument.dll
0x00007ffb1f160000 - 0x00007ffb1f178000 	C:\Program Files\JetBrains\IntelliJ IDEA Educational Edition 2020.1.1\jbr\bin\zip.dll

dbghelp: loaded successfully - version: 4.0.5 - missing functions: none
symbol engine: initialized successfully - sym options: 0x614 - pdb path: .;C:\Program Files\JetBrains\IntelliJ IDEA Educational Edition 2020.1.1\jbr\bin;C:\WINDOWS\SYSTEM32;C:\WINDOWS\WinSxS\amd64_microsoft.windows.common-controls_6595b64144ccf1df_6.0.18362.1082_none_9e8193e1e45b25c1;C:\Program Files\JetBrains\IntelliJ IDEA Educational Edition 2020.1.1\jbr\bin\server

VM Arguments:
jvm_args: -javaagent:C:\Program Files\JetBrains\IntelliJ IDEA Educational Edition 2020.1.1\lib\idea_rt.jar=64984:C:\Program Files\JetBrains\IntelliJ IDEA Educational Edition 2020.1.1\bin -Dfile.encoding=UTF-8 
java_command: Main
java_class_path (initial): C:\Users\simon\IdeaProjects\Phone Book\Problems\Removing\out\production\classes
Launcher Type: SUN_STANDARD

[Global flags]
     intx CICompilerCount                          = 3                                         {product} {ergonomic}
     uint ConcGCThreads                            = 1                                         {product} {ergonomic}
     uint G1ConcRefinementThreads                  = 4                                         {product} {ergonomic}
   size_t G1HeapRegionSize                         = 1048576                                   {product} {ergonomic}
    uintx GCDrainStackTargetSize                   = 64                                        {product} {ergonomic}
   size_t InitialHeapSize                          = 201326592                                 {product} {ergonomic}
   size_t MarkStackSize                            = 4194304                                   {product} {ergonomic}
   size_t MaxHeapSize                              = 3193962496                                {product} {ergonomic}
   size_t MinHeapDeltaBytes                        = 1048576                                   {product} {ergonomic}
    uintx NonNMethodCodeHeapSize                   = 5830732                                {pd product} {ergonomic}
    uintx NonProfiledCodeHeapSize                  = 122913754                              {pd product} {ergonomic}
    uintx ProfiledCodeHeapSize                     = 122913754                              {pd product} {ergonomic}
    uintx ReservedCodeCacheSize                    = 251658240                              {pd product} {ergonomic}
     bool SegmentedCodeCache                       = true                                      {product} {ergonomic}
     bool UseCompressedClassPointers               = true                                 {lp64_product} {ergonomic}
     bool UseCompressedOops                        = true                                 {lp64_product} {ergonomic}
     bool UseG1GC                                  = true                                      {product} {ergonomic}
     bool UseLargePagesIndividualAllocation        = false                                  {pd product} {ergonomic}

Logging:
Log output configuration:
 #0: stdout all=warning uptime,level,tags
 #1: stderr all=off uptime,level,tags

Environment Variables:
PATH=C:\Python38\Scripts\;C:\Python38\;C:\Program Files (x86)\Common Files\Oracle\Java\javapath;"C:\Program Files (x86)\Common Files\Oracle\Java\javapath;C:\Program Files\Java\jdk-11.0.7\bin";C:\WINDOWS\system32;C:\WINDOWS;"C:\WINDOWS\System32\Wbem;C:\Program Files\Java\jdk-14.0.1\bin";C:\WINDOWS\System32\WindowsPowerShell\v1.0\;C:\WINDOWS\System32\OpenSSH\;C:\Program Files (x86)\Common Files\Acronis\VirtualFile\;C:\Program Files (x86)\Common Files\Acronis\VirtualFile64\;C:\Program Files (x86)\Common Files\Acronis\SnapAPI\;C:\Program Files\Crucial\Crucial Storage Executive;C:\Program Files\dotnet\;C:\Program Files\Microsoft SQL Server\130\Tools\Binn\;C:\Program Files\Git\cmd;C:\Program Files\nodejs\;C:\ProgramData\chocolatey\bin;C:\Program Files\Java\jdk-11.0.7\bin;C:\Users\simon\AppData\Local\GitHubDesktop\bin;C:\Users\simon\AppData\Roaming\npm
USERNAME=simon
OS=Windows_NT
PROCESSOR_IDENTIFIER=Intel64 Family 6 Model 69 Stepping 1, GenuineIntel



---------------  S Y S T E M  ---------------

OS: Windows 10 , 64 bit Build 18362 (10.0.18362.1082)
OS uptime: 1 days 2:21 hours

CPU:total 4 (initial active 4) (2 cores per cpu, 2 threads per core) family 6 model 69 stepping 1, cmov, cx8, fxsr, mmx, sse, sse2, sse3, ssse3, sse4.1, sse4.2, popcnt, avx, avx2, aes, clmul, erms, lzcnt, ht, tsc, tscinvbit, bmi1, bmi2, fma

Memory: 4k page, system-wide physical 12180M (1417M free)
TotalPageFile size 16274M (AvailPageFile size 152M)
current process WorkingSet (physical memory assigned to process): 10M, peak: 10M
current process commit charge ("private bytes"): 52M, peak: 243M

vm_info: OpenJDK 64-Bit Server VM (11.0.8+10-b944.31) for windows-amd64 JRE (11.0.8+10-b944.31), built on Aug  6 2020 12:27:04 by "" with MS VC++ 14.0 (VS2015)

END.
